2024-06-27 18:10:36,913 - JuRanModel - INFO - {'latent_dim': 64, 'bpr_batch': 4096, 'n_layers': 2, 'lr': 0.001, 'test_batch': 128, 'path': './checkpoints', 'topks': '[10,20,50]', 'load': 1, 'epochs': 200, 'multicore': 1, 'pretrain': 0, 'seed': 2024, 'model': 'lgn', 'keep_prob': 0.3, 'dropout_bool': 0, 'groups': 3, 'neg': 1, 'projection_dim': 16, 'projection_dropout': 0.5, 'gpu_id': '0', 'dataset': 'wechat', 'l2_w': 0.0001, 'cl_w': 0.0005, 'cl_temp': 0.5, 'single': 0}
2024-06-27 18:10:47,293 - JuRanModel - INFO - epoch:1	batch:0	bpr_loss:0.6929162740707397	l2_loss:1.5989216566085815	cl_loss:8.358224868774414	all_loss:0.6972553133964539
2024-06-27 18:12:50,536 - JuRanModel - INFO - epoch:1	batch:100	bpr_loss:0.6919455528259277	l2_loss:1.6348260641098022	cl_loss:7.634491920471191	all_loss:0.695926308631897
2024-06-27 18:14:53,834 - JuRanModel - INFO - epoch:1	batch:200	bpr_loss:0.6889909505844116	l2_loss:1.697373867034912	cl_loss:7.312653541564941	all_loss:0.6928170323371887
2024-06-27 18:16:57,534 - JuRanModel - INFO - epoch:1	batch:300	bpr_loss:0.6800729036331177	l2_loss:1.8551921844482422	cl_loss:7.081186294555664	all_loss:0.6837989687919617
2024-06-27 18:18:05,059 - JuRanModel - INFO - EPOCH[1/200] loss0.691
2024-06-27 18:19:32,076 - JuRanModel - INFO - {'precision': array([0.00168212, 0.00127679, 0.00086538]), 'recall': array([0.0168212 , 0.0255358 , 0.04326899]), 'ndcg': array([0.00862807, 0.01081304, 0.0142788 ])}
2024-06-27 18:19:42,161 - JuRanModel - INFO - epoch:2	batch:0	bpr_loss:0.665303111076355	l2_loss:2.050427198410034	cl_loss:6.994638442993164	all_loss:0.6690054535865784
2024-06-27 18:21:46,452 - JuRanModel - INFO - epoch:2	batch:100	bpr_loss:0.5973451733589172	l2_loss:2.8827805519104004	cl_loss:6.872581481933594	all_loss:0.6010697484016418
2024-06-27 18:23:49,270 - JuRanModel - INFO - epoch:2	batch:200	bpr_loss:0.4991801977157593	l2_loss:4.486512660980225	cl_loss:6.794213771820068	all_loss:0.5030259490013123
2024-06-27 18:25:51,580 - JuRanModel - INFO - epoch:2	batch:300	bpr_loss:0.4150836169719696	l2_loss:6.4703049659729	cl_loss:6.737779140472412	all_loss:0.4190995395183563
2024-06-27 18:26:58,825 - JuRanModel - INFO - EPOCH[2/200] loss0.528
2024-06-27 18:28:25,949 - JuRanModel - INFO - {'precision': array([0.00234078, 0.00187465, 0.0013538 ]), 'recall': array([0.02340781, 0.03749303, 0.06769013]), 'ndcg': array([0.01154005, 0.01504887, 0.02099547])}
2024-06-27 18:28:36,029 - JuRanModel - INFO - epoch:3	batch:0	bpr_loss:0.3826671838760376	l2_loss:7.598494529724121	cl_loss:6.716102600097656	all_loss:0.386785089969635
2024-06-27 18:30:39,957 - JuRanModel - INFO - epoch:3	batch:100	bpr_loss:0.3311895430088043	l2_loss:9.363933563232422	cl_loss:6.6860504150390625	all_loss:0.33546894788742065
2024-06-27 18:32:43,537 - JuRanModel - INFO - epoch:3	batch:200	bpr_loss:0.29225820302963257	l2_loss:11.078004837036133	cl_loss:6.659867286682129	all_loss:0.2966959476470947
2024-06-27 18:34:46,205 - JuRanModel - INFO - epoch:3	batch:300	bpr_loss:0.27344784140586853	l2_loss:12.646136283874512	cl_loss:6.640682220458984	all_loss:0.2780327796936035
2024-06-27 18:35:53,797 - JuRanModel - INFO - EPOCH[3/200] loss0.317
2024-06-27 18:37:20,021 - JuRanModel - INFO - {'precision': array([0.00278158, 0.00219892, 0.00156356]), 'recall': array([0.02781578, 0.04397831, 0.07817804]), 'ndcg': array([0.01372548, 0.0177682 , 0.02449804])}
2024-06-27 18:37:30,250 - JuRanModel - INFO - epoch:4	batch:0	bpr_loss:0.2533940374851227	l2_loss:13.597675323486328	cl_loss:6.6326494216918945	all_loss:0.25807011127471924
2024-06-27 18:39:33,640 - JuRanModel - INFO - epoch:4	batch:100	bpr_loss:0.24474146962165833	l2_loss:15.017189025878906	cl_loss:6.618614196777344	all_loss:0.24955250322818756
2024-06-27 18:41:37,646 - JuRanModel - INFO - epoch:4	batch:200	bpr_loss:0.21985873579978943	l2_loss:16.190738677978516	cl_loss:6.607840061187744	all_loss:0.22478172183036804
2024-06-27 18:43:40,647 - JuRanModel - INFO - epoch:4	batch:300	bpr_loss:0.2014600932598114	l2_loss:17.483190536499023	cl_loss:6.598945617675781	all_loss:0.20650789141654968
2024-06-27 18:44:47,656 - JuRanModel - INFO - EPOCH[4/200] loss0.234
2024-06-27 18:46:15,891 - JuRanModel - INFO - {'precision': array([0.00293358, 0.00237371, 0.00176217]), 'recall': array([0.02933577, 0.04747429, 0.08810863]), 'ndcg': array([0.01482133, 0.01938031, 0.02738044])}
2024-06-27 18:46:26,100 - JuRanModel - INFO - epoch:5	batch:0	bpr_loss:0.20340457558631897	l2_loss:17.981891632080078	cl_loss:6.59232234954834	all_loss:0.20849892497062683
2024-06-27 18:48:29,549 - JuRanModel - INFO - epoch:5	batch:100	bpr_loss:0.19313497841358185	l2_loss:19.274730682373047	cl_loss:6.586189270019531	all_loss:0.1983555555343628
2024-06-27 18:50:33,050 - JuRanModel - INFO - epoch:5	batch:200	bpr_loss:0.1761511266231537	l2_loss:20.432497024536133	cl_loss:6.579517364501953	all_loss:0.1814841330051422
2024-06-27 18:52:36,613 - JuRanModel - INFO - epoch:5	batch:300	bpr_loss:0.17335885763168335	l2_loss:21.408767700195312	cl_loss:6.5731916427612305	all_loss:0.17878633737564087
2024-06-27 18:53:44,540 - JuRanModel - INFO - EPOCH[5/200] loss0.193
2024-06-27 18:55:11,227 - JuRanModel - INFO - {'precision': array([0.00305518, 0.00252318, 0.00189694]), 'recall': array([0.03055176, 0.0504636 , 0.09484724]), 'ndcg': array([0.01565283, 0.02062684, 0.02935171])}
2024-06-27 18:55:21,279 - JuRanModel - INFO - epoch:6	batch:0	bpr_loss:0.16811905801296234	l2_loss:21.91228485107422	cl_loss:6.570046424865723	all_loss:0.17359530925750732
2024-06-27 18:57:25,637 - JuRanModel - INFO - epoch:6	batch:100	bpr_loss:0.17343327403068542	l2_loss:22.79944610595703	cl_loss:6.564204216003418	all_loss:0.1789953112602234
2024-06-27 18:59:33,588 - JuRanModel - INFO - epoch:6	batch:200	bpr_loss:0.16159798204898834	l2_loss:23.881301879882812	cl_loss:6.560825347900391	all_loss:0.16726653277873993
2024-06-27 19:03:03,277 - JuRanModel - INFO - epoch:6	batch:300	bpr_loss:0.15222129225730896	l2_loss:24.73609161376953	cl_loss:6.55620002746582	all_loss:0.1579730063676834
2024-06-27 19:04:15,417 - JuRanModel - INFO - EPOCH[6/200] loss0.168
2024-06-27 19:05:54,188 - JuRanModel - INFO - {'precision': array([0.00320211, 0.00265998, 0.00200436]), 'recall': array([0.03202108, 0.05319957, 0.10021786]), 'ndcg': array([0.01667442, 0.02198724, 0.03121012])}
2024-06-27 19:06:04,402 - JuRanModel - INFO - epoch:7	batch:0	bpr_loss:0.1628619283437729	l2_loss:24.90178680419922	cl_loss:6.553468227386475	all_loss:0.16862884163856506
2024-06-27 19:08:18,078 - JuRanModel - INFO - epoch:7	batch:100	bpr_loss:0.15148678421974182	l2_loss:25.818052291870117	cl_loss:6.548937797546387	all_loss:0.1573430597782135
2024-06-27 19:10:29,267 - JuRanModel - INFO - epoch:7	batch:200	bpr_loss:0.1500161588191986	l2_loss:26.53331184387207	cl_loss:6.546902179718018	all_loss:0.15594294667243958
2024-06-27 19:14:28,129 - JuRanModel - INFO - epoch:7	batch:300	bpr_loss:0.14003276824951172	l2_loss:27.353334426879883	cl_loss:6.544283390045166	all_loss:0.14604024589061737
2024-06-27 19:15:37,990 - JuRanModel - INFO - EPOCH[7/200] loss0.152
2024-06-27 19:17:12,543 - JuRanModel - INFO - {'precision': array([0.00334904, 0.00272331, 0.00207225]), 'recall': array([0.0334904 , 0.05446623, 0.1036125 ]), 'ndcg': array([0.0172062 , 0.02248959, 0.03212581])}
2024-06-27 19:17:22,846 - JuRanModel - INFO - epoch:8	batch:0	bpr_loss:0.13188877701759338	l2_loss:27.846214294433594	cl_loss:6.543299198150635	all_loss:0.1379450559616089
2024-06-27 19:19:31,448 - JuRanModel - INFO - epoch:8	batch:100	bpr_loss:0.13785064220428467	l2_loss:28.508010864257812	cl_loss:6.540266036987305	all_loss:0.14397157728672028
2024-06-27 19:21:41,732 - JuRanModel - INFO - epoch:8	batch:200	bpr_loss:0.1432250589132309	l2_loss:29.114547729492188	cl_loss:6.537084579467773	all_loss:0.14940504729747772
2024-06-27 19:25:44,399 - JuRanModel - INFO - epoch:8	batch:300	bpr_loss:0.1340789794921875	l2_loss:29.886917114257812	cl_loss:6.536149024963379	all_loss:0.14033575356006622
2024-06-27 19:28:17,975 - JuRanModel - INFO - EPOCH[8/200] loss0.140
2024-06-27 19:30:34,779 - JuRanModel - INFO - {'precision': array([0.00345037, 0.00277651, 0.00210772]), 'recall': array([0.03450372, 0.05553022, 0.10538582]), 'ndcg': array([0.01767672, 0.02296786, 0.03277874])}
2024-06-27 19:30:45,004 - JuRanModel - INFO - epoch:9	batch:0	bpr_loss:0.13831037282943726	l2_loss:30.008689880371094	cl_loss:6.534182548522949	all_loss:0.14457833766937256
2024-06-27 19:32:55,363 - JuRanModel - INFO - epoch:9	batch:100	bpr_loss:0.12103065103292465	l2_loss:30.741079330444336	cl_loss:6.53270149230957	all_loss:0.12737111747264862
2024-06-27 19:35:05,687 - JuRanModel - INFO - epoch:9	batch:200	bpr_loss:0.11582036316394806	l2_loss:31.362850189208984	cl_loss:6.530242919921875	all_loss:0.12222176790237427
2024-06-27 19:37:13,577 - JuRanModel - INFO - epoch:9	batch:300	bpr_loss:0.1251738965511322	l2_loss:31.744752883911133	cl_loss:6.528871536254883	all_loss:0.13161280751228333
2024-06-27 19:38:25,058 - JuRanModel - INFO - EPOCH[9/200] loss0.131
2024-06-27 19:40:04,763 - JuRanModel - INFO - {'precision': array([0.00347571, 0.00282211, 0.00217764]), 'recall': array([0.03475706, 0.05644222, 0.1088818 ]), 'ndcg': array([0.01777123, 0.02322229, 0.03351185])}
2024-06-27 19:40:14,994 - JuRanModel - INFO - epoch:10	batch:0	bpr_loss:0.11889995634555817	l2_loss:32.10545349121094	cl_loss:6.527482986450195	all_loss:0.12537424266338348
2024-06-27 19:42:27,302 - JuRanModel - INFO - epoch:10	batch:100	bpr_loss:0.12007737159729004	l2_loss:32.83932876586914	cl_loss:6.526005268096924	all_loss:0.12662430107593536
2024-06-27 19:44:38,719 - JuRanModel - INFO - epoch:10	batch:200	bpr_loss:0.11165440082550049	l2_loss:33.52305603027344	cl_loss:6.524077415466309	all_loss:0.11826874315738678
2024-06-27 19:46:45,759 - JuRanModel - INFO - epoch:10	batch:300	bpr_loss:0.10386249423027039	l2_loss:34.02213668823242	cl_loss:6.522873878479004	all_loss:0.11052614450454712
2024-06-27 19:47:54,870 - JuRanModel - INFO - EPOCH[10/200] loss0.123
2024-06-27 19:49:31,270 - JuRanModel - INFO - {'precision': array([0.00351117, 0.00288798, 0.00222324]), 'recall': array([0.03511172, 0.05775954, 0.11116178]), 'ndcg': array([0.01794081, 0.02361536, 0.0341159 ])}
2024-06-27 19:49:41,656 - JuRanModel - INFO - epoch:11	batch:0	bpr_loss:0.10915085673332214	l2_loss:34.19913101196289	cl_loss:6.522686958312988	all_loss:0.11583211272954941
2024-06-27 19:51:53,825 - JuRanModel - INFO - epoch:11	batch:100	bpr_loss:0.11467111110687256	l2_loss:34.683685302734375	cl_loss:6.521031856536865	all_loss:0.12139999866485596
2024-06-27 19:54:06,406 - JuRanModel - INFO - epoch:11	batch:200	bpr_loss:0.1073279082775116	l2_loss:35.13788986206055	cl_loss:6.519515037536621	all_loss:0.11410145461559296
2024-06-27 19:56:19,018 - JuRanModel - INFO - epoch:11	batch:300	bpr_loss:0.1114778220653534	l2_loss:35.76205825805664	cl_loss:6.518080234527588	all_loss:0.11831306666135788
2024-06-27 19:57:31,116 - JuRanModel - INFO - EPOCH[11/200] loss0.117
2024-06-27 19:59:05,473 - JuRanModel - INFO - {'precision': array([0.00360237, 0.00296144, 0.00226377]), 'recall': array([0.03602371, 0.05922886, 0.11318843]), 'ndcg': array([0.01838868, 0.02420776, 0.03483213])}
2024-06-27 19:59:15,829 - JuRanModel - INFO - epoch:12	batch:0	bpr_loss:0.10585781931877136	l2_loss:35.98651123046875	cl_loss:6.517616271972656	all_loss:0.11271528154611588
2024-06-27 20:01:31,415 - JuRanModel - INFO - epoch:12	batch:100	bpr_loss:0.09939002990722656	l2_loss:36.29183578491211	cl_loss:6.516271591186523	all_loss:0.10627735406160355
2024-06-27 20:03:47,229 - JuRanModel - INFO - epoch:12	batch:200	bpr_loss:0.09415535628795624	l2_loss:36.99653625488281	cl_loss:6.515161991119385	all_loss:0.10111258924007416
2024-06-27 20:06:02,797 - JuRanModel - INFO - epoch:12	batch:300	bpr_loss:0.09799092262983322	l2_loss:37.15311813354492	cl_loss:6.514439582824707	all_loss:0.10496345907449722
2024-06-27 20:07:16,286 - JuRanModel - INFO - EPOCH[12/200] loss0.112
2024-06-27 20:08:49,431 - JuRanModel - INFO - {'precision': array([0.00363277, 0.00295891, 0.00230227]), 'recall': array([0.03632771, 0.05917819, 0.11511375]), 'ndcg': array([0.01857134, 0.02428956, 0.03528928])}
2024-06-27 20:08:59,870 - JuRanModel - INFO - epoch:13	batch:0	bpr_loss:0.09704120457172394	l2_loss:37.79975509643555	cl_loss:6.513950347900391	all_loss:0.10407815873622894
2024-06-27 20:11:14,954 - JuRanModel - INFO - epoch:13	batch:100	bpr_loss:0.10788817703723907	l2_loss:37.801300048828125	cl_loss:6.513675689697266	all_loss:0.11492513865232468
