2024-06-25 23:13:55,903 - JuRanModel - INFO - {'latent_dim': 64, 'bpr_batch': 4096, 'n_layers': 2, 'lr': 0.001, 'test_batch': 128, 'path': './checkpoints', 'topks': '[10,20,50]', 'load': 1, 'epochs': 200, 'multicore': 1, 'pretrain': 0, 'seed': 2024, 'model': 'lgn', 'keep_prob': 0.3, 'dropout_bool': 0, 'groups': 3, 'neg': 1, 'projection_dim': 16, 'projection_dropout': 0.5, 'gpu_id': '0', 'dataset': 'wechat', 'l2_w': 0.0001, 'cl_w': 0.0005, 'cl_temp': 0.5, 'single': 0}
2024-06-25 23:14:06,020 - JuRanModel - INFO - epoch:1	batch:0	bpr_loss:0.6929162740707397	l2_loss:1.5989216566085815	cl_loss:8.358224868774414	all_loss:0.6972553133964539
2024-06-25 23:16:10,311 - JuRanModel - INFO - epoch:1	batch:100	bpr_loss:0.6919455528259277	l2_loss:1.6348260641098022	cl_loss:7.634491920471191	all_loss:0.695926308631897
2024-06-25 23:18:13,389 - JuRanModel - INFO - epoch:1	batch:200	bpr_loss:0.6889909505844116	l2_loss:1.697373867034912	cl_loss:7.312653541564941	all_loss:0.6928170323371887
2024-06-25 23:20:16,026 - JuRanModel - INFO - epoch:1	batch:300	bpr_loss:0.6800729036331177	l2_loss:1.8551921844482422	cl_loss:7.081186294555664	all_loss:0.6837989687919617
2024-06-25 23:21:23,566 - JuRanModel - INFO - EPOCH[1/200] loss0.691
2024-06-25 23:22:53,709 - JuRanModel - INFO - {'precision': array([0.00168212, 0.00127679, 0.00086538]), 'recall': array([0.0168212 , 0.0255358 , 0.04326899]), 'ndcg': array([0.00862807, 0.01081304, 0.0142788 ])}
2024-06-25 23:23:03,808 - JuRanModel - INFO - epoch:2	batch:0	bpr_loss:0.665303111076355	l2_loss:2.0504274368286133	cl_loss:6.994638442993164	all_loss:0.6690054535865784
2024-06-25 23:25:06,777 - JuRanModel - INFO - epoch:2	batch:100	bpr_loss:0.5973451733589172	l2_loss:2.8827805519104004	cl_loss:6.872581481933594	all_loss:0.6010697484016418
2024-06-25 23:27:10,058 - JuRanModel - INFO - epoch:2	batch:200	bpr_loss:0.49918025732040405	l2_loss:4.486512660980225	cl_loss:6.794213771820068	all_loss:0.503026008605957
2024-06-25 23:29:13,118 - JuRanModel - INFO - epoch:2	batch:300	bpr_loss:0.415083646774292	l2_loss:6.4703049659729	cl_loss:6.73777961730957	all_loss:0.4190995693206787
2024-06-25 23:30:19,816 - JuRanModel - INFO - EPOCH[2/200] loss0.528
2024-06-25 23:31:49,474 - JuRanModel - INFO - {'precision': array([0.00234078, 0.00187465, 0.0013538 ]), 'recall': array([0.02340781, 0.03749303, 0.06769013]), 'ndcg': array([0.01154005, 0.01504887, 0.02099547])}
2024-06-25 23:31:59,830 - JuRanModel - INFO - epoch:3	batch:0	bpr_loss:0.3826671838760376	l2_loss:7.598493576049805	cl_loss:6.716102600097656	all_loss:0.386785089969635
2024-06-25 23:34:03,654 - JuRanModel - INFO - epoch:3	batch:100	bpr_loss:0.3311895728111267	l2_loss:9.363934516906738	cl_loss:6.6860504150390625	all_loss:0.33546897768974304
2024-06-25 23:36:06,456 - JuRanModel - INFO - epoch:3	batch:200	bpr_loss:0.29225820302963257	l2_loss:11.078003883361816	cl_loss:6.659867286682129	all_loss:0.2966959476470947
2024-06-25 23:38:08,380 - JuRanModel - INFO - epoch:3	batch:300	bpr_loss:0.27344781160354614	l2_loss:12.646136283874512	cl_loss:6.640682697296143	all_loss:0.27803274989128113
2024-06-25 23:39:15,315 - JuRanModel - INFO - EPOCH[3/200] loss0.317
2024-06-25 23:40:44,928 - JuRanModel - INFO - {'precision': array([0.00278158, 0.00219892, 0.00156356]), 'recall': array([0.02781578, 0.04397831, 0.07817804]), 'ndcg': array([0.01372548, 0.0177682 , 0.02449804])}
2024-06-25 23:40:55,087 - JuRanModel - INFO - epoch:4	batch:0	bpr_loss:0.25339409708976746	l2_loss:13.597673416137695	cl_loss:6.6326494216918945	all_loss:0.258070170879364
2024-06-25 23:42:57,914 - JuRanModel - INFO - epoch:4	batch:100	bpr_loss:0.24474146962165833	l2_loss:15.017189025878906	cl_loss:6.618614196777344	all_loss:0.24955250322818756
2024-06-25 23:45:58,636 - JuRanModel - INFO - epoch:4	batch:200	bpr_loss:0.21985873579978943	l2_loss:16.190738677978516	cl_loss:6.607840061187744	all_loss:0.22478172183036804
2024-06-25 23:48:34,960 - JuRanModel - INFO - epoch:4	batch:300	bpr_loss:0.2014600932598114	l2_loss:17.483190536499023	cl_loss:6.598945617675781	all_loss:0.20650789141654968
2024-06-25 23:49:43,978 - JuRanModel - INFO - EPOCH[4/200] loss0.234
2024-06-25 23:51:14,106 - JuRanModel - INFO - {'precision': array([0.00293358, 0.00237371, 0.00176217]), 'recall': array([0.02933577, 0.04747429, 0.08810863]), 'ndcg': array([0.01482133, 0.01938031, 0.02738038])}
2024-06-25 23:51:24,247 - JuRanModel - INFO - epoch:5	batch:0	bpr_loss:0.20340459048748016	l2_loss:17.981889724731445	cl_loss:6.59232234954834	all_loss:0.20849893987178802
2024-06-25 23:53:27,237 - JuRanModel - INFO - epoch:5	batch:100	bpr_loss:0.19313499331474304	l2_loss:19.274730682373047	cl_loss:6.586189270019531	all_loss:0.198355570435524
2024-06-25 23:55:30,353 - JuRanModel - INFO - epoch:5	batch:200	bpr_loss:0.1761511266231537	l2_loss:20.432497024536133	cl_loss:6.579517364501953	all_loss:0.1814841330051422
2024-06-25 23:57:33,318 - JuRanModel - INFO - epoch:5	batch:300	bpr_loss:0.17335884273052216	l2_loss:21.408763885498047	cl_loss:6.573192119598389	all_loss:0.17878632247447968
2024-06-25 23:58:40,252 - JuRanModel - INFO - EPOCH[5/200] loss0.193
2024-06-26 00:00:09,654 - JuRanModel - INFO - {'precision': array([0.00305518, 0.00252318, 0.00189694]), 'recall': array([0.03055176, 0.0504636 , 0.09484724]), 'ndcg': array([0.01565283, 0.02062684, 0.02935171])}
2024-06-26 00:00:19,662 - JuRanModel - INFO - epoch:6	batch:0	bpr_loss:0.16811907291412354	l2_loss:21.91228485107422	cl_loss:6.570046424865723	all_loss:0.17359532415866852
2024-06-26 00:02:22,636 - JuRanModel - INFO - epoch:6	batch:100	bpr_loss:0.17343325912952423	l2_loss:22.79944610595703	cl_loss:6.564204216003418	all_loss:0.1789952963590622
2024-06-26 00:04:26,875 - JuRanModel - INFO - epoch:6	batch:200	bpr_loss:0.16159796714782715	l2_loss:23.881301879882812	cl_loss:6.560825347900391	all_loss:0.16726651787757874
2024-06-26 00:06:29,892 - JuRanModel - INFO - epoch:6	batch:300	bpr_loss:0.15222130715847015	l2_loss:24.7360897064209	cl_loss:6.556199550628662	all_loss:0.1579730212688446
2024-06-26 00:07:36,245 - JuRanModel - INFO - EPOCH[6/200] loss0.168
2024-06-26 00:09:06,018 - JuRanModel - INFO - {'precision': array([0.00320211, 0.00265998, 0.00200436]), 'recall': array([0.03202108, 0.05319957, 0.10021786]), 'ndcg': array([0.01667442, 0.02198724, 0.03120997])}
2024-06-26 00:09:16,080 - JuRanModel - INFO - epoch:7	batch:0	bpr_loss:0.1628619283437729	l2_loss:24.901782989501953	cl_loss:6.553468227386475	all_loss:0.16862884163856506
2024-06-26 00:11:19,426 - JuRanModel - INFO - epoch:7	batch:100	bpr_loss:0.15148678421974182	l2_loss:25.818052291870117	cl_loss:6.548937797546387	all_loss:0.1573430597782135
2024-06-26 00:13:23,843 - JuRanModel - INFO - epoch:7	batch:200	bpr_loss:0.15001614391803741	l2_loss:26.53331184387207	cl_loss:6.546902179718018	all_loss:0.15594293177127838
2024-06-26 00:15:30,290 - JuRanModel - INFO - epoch:7	batch:300	bpr_loss:0.1400327980518341	l2_loss:27.353334426879883	cl_loss:6.544283390045166	all_loss:0.14604027569293976
2024-06-26 00:16:38,475 - JuRanModel - INFO - EPOCH[7/200] loss0.152
2024-06-26 00:18:14,080 - JuRanModel - INFO - {'precision': array([0.00334904, 0.00272331, 0.00207225]), 'recall': array([0.0334904 , 0.05446623, 0.1036125 ]), 'ndcg': array([0.0172062 , 0.02248959, 0.03212581])}
2024-06-26 00:18:24,119 - JuRanModel - INFO - epoch:8	batch:0	bpr_loss:0.13188877701759338	l2_loss:27.846214294433594	cl_loss:6.543299198150635	all_loss:0.1379450559616089
2024-06-26 00:20:30,811 - JuRanModel - INFO - epoch:8	batch:100	bpr_loss:0.13785064220428467	l2_loss:28.508012771606445	cl_loss:6.540266036987305	all_loss:0.14397157728672028
2024-06-26 00:22:38,833 - JuRanModel - INFO - epoch:8	batch:200	bpr_loss:0.1432250589132309	l2_loss:29.114547729492188	cl_loss:6.537084579467773	all_loss:0.14940504729747772
2024-06-26 00:24:43,950 - JuRanModel - INFO - epoch:8	batch:300	bpr_loss:0.1340789794921875	l2_loss:29.886917114257812	cl_loss:6.536149024963379	all_loss:0.14033575356006622
2024-06-26 00:25:52,700 - JuRanModel - INFO - EPOCH[8/200] loss0.140
2024-06-26 00:27:30,156 - JuRanModel - INFO - {'precision': array([0.00345037, 0.00277651, 0.00210772]), 'recall': array([0.03450372, 0.05553022, 0.10538582]), 'ndcg': array([0.01767672, 0.02296786, 0.03277874])}
2024-06-26 00:27:40,190 - JuRanModel - INFO - epoch:9	batch:0	bpr_loss:0.13831037282943726	l2_loss:30.00869369506836	cl_loss:6.534182548522949	all_loss:0.14457833766937256
2024-06-26 00:29:46,022 - JuRanModel - INFO - epoch:9	batch:100	bpr_loss:0.12103065848350525	l2_loss:30.741079330444336	cl_loss:6.53270149230957	all_loss:0.12737111747264862
2024-06-26 00:31:54,111 - JuRanModel - INFO - epoch:9	batch:200	bpr_loss:0.11582035571336746	l2_loss:31.362850189208984	cl_loss:6.530242919921875	all_loss:0.12222176045179367
2024-06-26 00:34:00,896 - JuRanModel - INFO - epoch:9	batch:300	bpr_loss:0.125173881649971	l2_loss:31.7447509765625	cl_loss:6.528871536254883	all_loss:0.13161279261112213
2024-06-26 00:35:08,389 - JuRanModel - INFO - EPOCH[9/200] loss0.131
2024-06-26 00:36:45,184 - JuRanModel - INFO - {'precision': array([0.00347571, 0.00282211, 0.00217764]), 'recall': array([0.03475706, 0.05644222, 0.1088818 ]), 'ndcg': array([0.01777123, 0.02322229, 0.0335118 ])}
2024-06-26 00:36:55,167 - JuRanModel - INFO - epoch:10	batch:0	bpr_loss:0.11889994144439697	l2_loss:32.10545349121094	cl_loss:6.527482986450195	all_loss:0.1253742277622223
2024-06-26 00:39:01,585 - JuRanModel - INFO - epoch:10	batch:100	bpr_loss:0.12007737159729004	l2_loss:32.839332580566406	cl_loss:6.526005268096924	all_loss:0.12662430107593536
2024-06-26 00:41:09,923 - JuRanModel - INFO - epoch:10	batch:200	bpr_loss:0.11165440082550049	l2_loss:33.52305603027344	cl_loss:6.524077415466309	all_loss:0.11826874315738678
2024-06-26 00:43:16,582 - JuRanModel - INFO - epoch:10	batch:300	bpr_loss:0.1038624718785286	l2_loss:34.02213668823242	cl_loss:6.522873401641846	all_loss:0.11052612215280533
2024-06-26 00:44:26,059 - JuRanModel - INFO - EPOCH[10/200] loss0.123
2024-06-26 00:46:04,850 - JuRanModel - INFO - {'precision': array([0.00351117, 0.00288798, 0.00222324]), 'recall': array([0.03511172, 0.05775954, 0.11116178]), 'ndcg': array([0.01794081, 0.02361536, 0.03411598])}
2024-06-26 00:46:15,006 - JuRanModel - INFO - epoch:11	batch:0	bpr_loss:0.10915086418390274	l2_loss:34.199127197265625	cl_loss:6.522686004638672	all_loss:0.11583212018013
2024-06-26 00:48:21,483 - JuRanModel - INFO - epoch:11	batch:100	bpr_loss:0.11467110365629196	l2_loss:34.68368148803711	cl_loss:6.521031856536865	all_loss:0.12139998376369476
2024-06-26 00:50:29,405 - JuRanModel - INFO - epoch:11	batch:200	bpr_loss:0.1073278933763504	l2_loss:35.13788604736328	cl_loss:6.519515514373779	all_loss:0.11410143971443176
2024-06-26 00:52:35,444 - JuRanModel - INFO - epoch:11	batch:300	bpr_loss:0.1114778220653534	l2_loss:35.76205825805664	cl_loss:6.518080234527588	all_loss:0.11831306666135788
2024-06-26 00:53:43,613 - JuRanModel - INFO - EPOCH[11/200] loss0.117
2024-06-26 00:55:19,927 - JuRanModel - INFO - {'precision': array([0.00360237, 0.00296144, 0.00226377]), 'recall': array([0.03602371, 0.05922886, 0.11318843]), 'ndcg': array([0.01838868, 0.02420776, 0.03483213])}
2024-06-26 00:55:29,995 - JuRanModel - INFO - epoch:12	batch:0	bpr_loss:0.10585786402225494	l2_loss:35.98651123046875	cl_loss:6.517616271972656	all_loss:0.11271532624959946
2024-06-26 00:57:37,388 - JuRanModel - INFO - epoch:12	batch:100	bpr_loss:0.09939000010490417	l2_loss:36.29183578491211	cl_loss:6.516271591186523	all_loss:0.10627732425928116
2024-06-26 00:59:44,257 - JuRanModel - INFO - epoch:12	batch:200	bpr_loss:0.09415534138679504	l2_loss:36.99654006958008	cl_loss:6.515161514282227	all_loss:0.10111257433891296
2024-06-26 01:01:48,887 - JuRanModel - INFO - epoch:12	batch:300	bpr_loss:0.09799093008041382	l2_loss:37.15311813354492	cl_loss:6.514439582824707	all_loss:0.10496346652507782
2024-06-26 01:02:57,174 - JuRanModel - INFO - EPOCH[12/200] loss0.112
2024-06-26 01:04:35,564 - JuRanModel - INFO - {'precision': array([0.00363277, 0.00295891, 0.00230227]), 'recall': array([0.03632771, 0.05917819, 0.11511375]), 'ndcg': array([0.01857134, 0.02428956, 0.03528928])}
2024-06-26 01:04:45,622 - JuRanModel - INFO - epoch:13	batch:0	bpr_loss:0.09704118967056274	l2_loss:37.79975509643555	cl_loss:6.513950347900391	all_loss:0.10407814383506775
2024-06-26 01:06:53,562 - JuRanModel - INFO - epoch:13	batch:100	bpr_loss:0.10788816213607788	l2_loss:37.80130386352539	cl_loss:6.513675689697266	all_loss:0.11492512375116348
2024-06-26 01:09:00,530 - JuRanModel - INFO - epoch:13	batch:200	bpr_loss:0.09942398965358734	l2_loss:38.50279998779297	cl_loss:6.511894226074219	all_loss:0.10653021931648254
2024-06-26 01:11:07,893 - JuRanModel - INFO - epoch:13	batch:300	bpr_loss:0.10374584048986435	l2_loss:38.800819396972656	cl_loss:6.510792255401611	all_loss:0.11088132113218307
2024-06-26 01:12:16,513 - JuRanModel - INFO - EPOCH[13/200] loss0.107
2024-06-26 01:13:52,672 - JuRanModel - INFO - {'precision': array([0.00357704, 0.00298171, 0.00232457]), 'recall': array([0.03577038, 0.05963419, 0.1162284 ]), 'ndcg': array([0.01833954, 0.02433228, 0.03544223])}
2024-06-26 01:14:02,638 - JuRanModel - INFO - epoch:14	batch:0	bpr_loss:0.1087745651602745	l2_loss:39.35731887817383	cl_loss:6.510497093200684	all_loss:0.11596554517745972
2024-06-26 01:16:10,785 - JuRanModel - INFO - epoch:14	batch:100	bpr_loss:0.10147343575954437	l2_loss:39.42264175415039	cl_loss:6.508728504180908	all_loss:0.10867006331682205
2024-06-26 01:18:18,087 - JuRanModel - INFO - epoch:14	batch:200	bpr_loss:0.09562712907791138	l2_loss:39.963321685791016	cl_loss:6.508939266204834	all_loss:0.10287793725728989
2024-06-26 01:20:25,715 - JuRanModel - INFO - epoch:14	batch:300	bpr_loss:0.09662929177284241	l2_loss:40.27117919921875	cl_loss:6.507164001464844	all_loss:0.10390999168157578
2024-06-26 01:21:35,379 - JuRanModel - INFO - EPOCH[14/200] loss0.104
2024-06-26 01:23:12,010 - JuRanModel - INFO - {'precision': array([0.00369864, 0.00305518, 0.00237219]), 'recall': array([0.03698637, 0.06110351, 0.11860972]), 'ndcg': array([0.01876967, 0.02480916, 0.03611198])}
2024-06-26 01:23:22,107 - JuRanModel - INFO - epoch:15	batch:0	bpr_loss:0.0987258031964302	l2_loss:40.49992370605469	cl_loss:6.506572723388672	all_loss:0.10602908581495285
2024-06-26 01:25:28,291 - JuRanModel - INFO - epoch:15	batch:100	bpr_loss:0.09154988080263138	l2_loss:40.87855529785156	cl_loss:6.506882190704346	all_loss:0.09889118373394012
2024-06-26 01:27:32,615 - JuRanModel - INFO - epoch:15	batch:200	bpr_loss:0.08909440040588379	l2_loss:41.35491180419922	cl_loss:6.505583763122559	all_loss:0.09648267924785614
2024-06-26 01:29:35,666 - JuRanModel - INFO - epoch:15	batch:300	bpr_loss:0.08890955150127411	l2_loss:41.680870056152344	cl_loss:6.505087375640869	all_loss:0.0963301807641983
2024-06-26 01:30:42,626 - JuRanModel - INFO - EPOCH[15/200] loss0.100
2024-06-26 01:32:10,791 - JuRanModel - INFO - {'precision': array([0.00373917, 0.00310838, 0.00239347]), 'recall': array([0.0373917 , 0.0621675 , 0.11967371]), 'ndcg': array([0.01909167, 0.02529252, 0.03657781])}
2024-06-26 01:32:20,878 - JuRanModel - INFO - epoch:16	batch:0	bpr_loss:0.09700926393270493	l2_loss:41.93346405029297	cl_loss:6.504856109619141	all_loss:0.10445503890514374
2024-06-26 01:34:24,420 - JuRanModel - INFO - epoch:16	batch:100	bpr_loss:0.09321493655443192	l2_loss:42.05550765991211	cl_loss:6.5040717124938965	all_loss:0.10067252069711685
2024-06-26 01:36:27,780 - JuRanModel - INFO - epoch:16	batch:200	bpr_loss:0.08922836184501648	l2_loss:42.84713363647461	cl_loss:6.502895355224609	all_loss:0.09676451981067657
2024-06-26 01:38:30,002 - JuRanModel - INFO - epoch:16	batch:300	bpr_loss:0.09369943290948868	l2_loss:42.85315704345703	cl_loss:6.502720832824707	all_loss:0.10123610496520996
2024-06-26 01:39:37,216 - JuRanModel - INFO - EPOCH[16/200] loss0.098
2024-06-26 01:41:06,400 - JuRanModel - INFO - {'precision': array([0.0036885 , 0.00312104, 0.00242894]), 'recall': array([0.03688504, 0.06242083, 0.12144703]), 'ndcg': array([0.01882358, 0.02527136, 0.03685086])}
2024-06-26 01:41:16,498 - JuRanModel - INFO - epoch:17	batch:0	bpr_loss:0.08785123378038406	l2_loss:42.949012756347656	cl_loss:6.502656936645508	all_loss:0.0953974649310112
2024-06-26 01:43:19,004 - JuRanModel - INFO - epoch:17	batch:100	bpr_loss:0.09122295677661896	l2_loss:43.452537536621094	cl_loss:6.502050876617432	all_loss:0.09881923347711563
2024-06-26 01:45:22,802 - JuRanModel - INFO - epoch:17	batch:200	bpr_loss:0.07707299292087555	l2_loss:43.75865936279297	cl_loss:6.500850677490234	all_loss:0.08469928801059723
2024-06-26 01:47:24,175 - JuRanModel - INFO - epoch:17	batch:300	bpr_loss:0.08836904913187027	l2_loss:43.999881744384766	cl_loss:6.501193046569824	all_loss:0.09601963311433792
2024-06-26 01:48:30,484 - JuRanModel - INFO - EPOCH[17/200] loss0.095
2024-06-26 01:49:58,937 - JuRanModel - INFO - {'precision': array([0.0037645 , 0.00319197, 0.00246542]), 'recall': array([0.03764503, 0.06383949, 0.12327101]), 'ndcg': array([0.01898126, 0.02555992, 0.03721091])}
2024-06-26 01:50:08,908 - JuRanModel - INFO - epoch:18	batch:0	bpr_loss:0.0811692550778389	l2_loss:44.25802993774414	cl_loss:6.499680519104004	all_loss:0.088844895362854
2024-06-26 01:52:13,103 - JuRanModel - INFO - epoch:18	batch:100	bpr_loss:0.0926499292254448	l2_loss:44.69853591918945	cl_loss:6.499360084533691	all_loss:0.10036946833133698
2024-06-26 01:54:16,449 - JuRanModel - INFO - epoch:18	batch:200	bpr_loss:0.08075514435768127	l2_loss:45.01511001586914	cl_loss:6.499109268188477	all_loss:0.08850621432065964
2024-06-26 01:56:18,925 - JuRanModel - INFO - epoch:18	batch:300	bpr_loss:0.08032938092947006	l2_loss:45.214691162109375	cl_loss:6.498143196105957	all_loss:0.08809991925954819
2024-06-26 01:57:26,755 - JuRanModel - INFO - EPOCH[18/200] loss0.092
2024-06-26 01:58:54,773 - JuRanModel - INFO - {'precision': array([0.00376957, 0.00322744, 0.00251913]), 'recall': array([0.0376957 , 0.06454882, 0.12595633]), 'ndcg': array([0.01901151, 0.02574712, 0.0377631 ])}
2024-06-26 01:59:04,936 - JuRanModel - INFO - epoch:19	batch:0	bpr_loss:0.08738164603710175	l2_loss:45.54362869262695	cl_loss:6.497989654541016	all_loss:0.09518500417470932
2024-06-26 02:01:07,287 - JuRanModel - INFO - epoch:19	batch:100	bpr_loss:0.07775464653968811	l2_loss:45.969486236572266	cl_loss:6.4979376792907715	all_loss:0.08560056239366531
2024-06-26 02:03:10,906 - JuRanModel - INFO - epoch:19	batch:200	bpr_loss:0.07839184999465942	l2_loss:46.2608642578125	cl_loss:6.49710750579834	all_loss:0.08626649528741837
2024-06-26 02:05:14,357 - JuRanModel - INFO - epoch:19	batch:300	bpr_loss:0.07666131854057312	l2_loss:46.37487030029297	cl_loss:6.496519565582275	all_loss:0.08454706519842148
2024-06-26 02:06:20,971 - JuRanModel - INFO - EPOCH[19/200] loss0.090
2024-06-26 02:07:49,244 - JuRanModel - INFO - {'precision': array([0.0037797 , 0.00325024, 0.00251811]), 'recall': array([0.03779703, 0.06500481, 0.12590566]), 'ndcg': array([0.01902907, 0.02587165, 0.03783111])}
2024-06-26 02:07:59,344 - JuRanModel - INFO - epoch:20	batch:0	bpr_loss:0.08310068398714066	l2_loss:46.617671966552734	cl_loss:6.4968719482421875	all_loss:0.09101089090108871
2024-06-26 02:10:03,418 - JuRanModel - INFO - epoch:20	batch:100	bpr_loss:0.0891776829957962	l2_loss:47.05824661254883	cl_loss:6.495509147644043	all_loss:0.09713125973939896
2024-06-26 02:12:07,063 - JuRanModel - INFO - epoch:20	batch:200	bpr_loss:0.07701544463634491	l2_loss:47.16718673706055	cl_loss:6.495396614074707	all_loss:0.08497986197471619
2024-06-26 02:14:10,127 - JuRanModel - INFO - epoch:20	batch:300	bpr_loss:0.07927539199590683	l2_loss:47.528038024902344	cl_loss:6.4955291748046875	all_loss:0.08727596700191498
2024-06-26 02:15:17,338 - JuRanModel - INFO - EPOCH[20/200] loss0.087
2024-06-26 02:16:47,047 - JuRanModel - INFO - {'precision': array([0.00399757, 0.00327811, 0.00256473]), 'recall': array([0.03997568, 0.06556214, 0.12823631]), 'ndcg': array([0.01983104, 0.02621977, 0.03850838])}
2024-06-26 02:16:57,215 - JuRanModel - INFO - epoch:21	batch:0	bpr_loss:0.08317417651414871	l2_loss:47.759056091308594	cl_loss:6.494910717010498	all_loss:0.09119753539562225
2024-06-26 02:18:59,639 - JuRanModel - INFO - epoch:21	batch:100	bpr_loss:0.07651661336421967	l2_loss:47.948246002197266	cl_loss:6.494997024536133	all_loss:0.08455893397331238
2024-06-26 02:21:03,207 - JuRanModel - INFO - epoch:21	batch:200	bpr_loss:0.06950581073760986	l2_loss:48.26458740234375	cl_loss:6.493973731994629	all_loss:0.07757925242185593
2024-06-26 02:23:05,663 - JuRanModel - INFO - epoch:21	batch:300	bpr_loss:0.07793580740690231	l2_loss:48.493316650390625	cl_loss:6.493237495422363	all_loss:0.08603175729513168
2024-06-26 02:24:12,038 - JuRanModel - INFO - EPOCH[21/200] loss0.086
2024-06-26 02:25:40,477 - JuRanModel - INFO - {'precision': array([0.0039621 , 0.00333637, 0.00257689]), 'recall': array([0.03962102, 0.06672747, 0.1288443 ]), 'ndcg': array([0.01973004, 0.0265113 , 0.03868925])}
2024-06-26 02:25:50,628 - JuRanModel - INFO - epoch:22	batch:0	bpr_loss:0.07230226695537567	l2_loss:48.705631256103516	cl_loss:6.492966651916504	all_loss:0.08041931688785553
2024-06-26 02:27:54,031 - JuRanModel - INFO - epoch:22	batch:100	bpr_loss:0.07351793348789215	l2_loss:48.91096496582031	cl_loss:6.492505073547363	all_loss:0.08165528625249863
2024-06-26 02:29:57,138 - JuRanModel - INFO - epoch:22	batch:200	bpr_loss:0.08615446090698242	l2_loss:49.273399353027344	cl_loss:6.491692066192627	all_loss:0.0943276435136795
2024-06-26 02:31:59,334 - JuRanModel - INFO - epoch:22	batch:300	bpr_loss:0.07059340178966522	l2_loss:49.5930061340332	cl_loss:6.49112606048584	all_loss:0.07879826426506042
2024-06-26 02:33:06,001 - JuRanModel - INFO - EPOCH[22/200] loss0.084
2024-06-26 02:34:36,339 - JuRanModel - INFO - {'precision': array([0.0039773 , 0.00332624, 0.00259614]), 'recall': array([0.03977302, 0.0665248 , 0.12980696]), 'ndcg': array([0.01982757, 0.02655336, 0.03896891])}
2024-06-26 02:34:46,423 - JuRanModel - INFO - epoch:23	batch:0	bpr_loss:0.07435643672943115	l2_loss:49.79454040527344	cl_loss:6.491774082183838	all_loss:0.0825817808508873
2024-06-26 02:36:48,895 - JuRanModel - INFO - epoch:23	batch:100	bpr_loss:0.07157249748706818	l2_loss:49.861053466796875	cl_loss:6.491147994995117	all_loss:0.0798041820526123
2024-06-26 02:38:52,160 - JuRanModel - INFO - epoch:23	batch:200	bpr_loss:0.07891355454921722	l2_loss:50.428749084472656	cl_loss:6.491611957550049	all_loss:0.08720223605632782
2024-06-26 02:40:54,480 - JuRanModel - INFO - epoch:23	batch:300	bpr_loss:0.07156220823526382	l2_loss:50.46675491333008	cl_loss:6.490870475769043	all_loss:0.079854317009449
2024-06-26 02:42:00,731 - JuRanModel - INFO - EPOCH[23/200] loss0.082
2024-06-26 02:43:28,945 - JuRanModel - INFO - {'precision': array([0.00401277, 0.00337437, 0.00262147]), 'recall': array([0.04012768, 0.06748746, 0.13107362]), 'ndcg': array([0.01996726, 0.02681918, 0.03928585])}
2024-06-26 02:43:38,852 - JuRanModel - INFO - epoch:24	batch:0	bpr_loss:0.07096987962722778	l2_loss:50.826629638671875	cl_loss:6.490377426147461	all_loss:0.07929772883653641
2024-06-26 02:45:42,273 - JuRanModel - INFO - epoch:24	batch:100	bpr_loss:0.06641711294651031	l2_loss:50.71739959716797	cl_loss:6.490273475646973	all_loss:0.07473398745059967
2024-06-26 02:47:45,626 - JuRanModel - INFO - epoch:24	batch:200	bpr_loss:0.07151937484741211	l2_loss:51.047332763671875	cl_loss:6.489589691162109	all_loss:0.07986890524625778
2024-06-26 02:49:47,483 - JuRanModel - INFO - epoch:24	batch:300	bpr_loss:0.07159948348999023	l2_loss:51.53258514404297	cl_loss:6.489455223083496	all_loss:0.0799974724650383
2024-06-26 02:50:53,829 - JuRanModel - INFO - EPOCH[24/200] loss0.081
2024-06-26 02:52:24,039 - JuRanModel - INFO - {'precision': array([0.00399757, 0.00336677, 0.00264579]), 'recall': array([0.03997568, 0.06733546, 0.13228961]), 'ndcg': array([0.0198236 , 0.02672072, 0.03947155])}
2024-06-26 02:52:34,077 - JuRanModel - INFO - epoch:25	batch:0	bpr_loss:0.07050912082195282	l2_loss:51.52864456176758	cl_loss:6.4894585609436035	all_loss:0.07890671491622925
2024-06-26 02:54:36,737 - JuRanModel - INFO - epoch:25	batch:100	bpr_loss:0.06891530752182007	l2_loss:51.5184440612793	cl_loss:6.488529205322266	all_loss:0.07731141895055771
2024-06-26 02:56:39,942 - JuRanModel - INFO - epoch:25	batch:200	bpr_loss:0.07784402370452881	l2_loss:51.89277648925781	cl_loss:6.4887495040893555	all_loss:0.08627767860889435
2024-06-26 02:58:43,447 - JuRanModel - INFO - epoch:25	batch:300	bpr_loss:0.07006935775279999	l2_loss:52.47557067871094	cl_loss:6.488255977630615	all_loss:0.07856103777885437
2024-06-26 02:59:50,500 - JuRanModel - INFO - EPOCH[25/200] loss0.079
2024-06-26 03:01:18,707 - JuRanModel - INFO - {'precision': array([0.0040077 , 0.00340984, 0.00265086]), 'recall': array([0.04007701, 0.06819679, 0.13254294]), 'ndcg': array([0.0199197 , 0.0269998 , 0.03965746])}
2024-06-26 03:01:28,697 - JuRanModel - INFO - epoch:26	batch:0	bpr_loss:0.06316273659467697	l2_loss:52.603477478027344	cl_loss:6.487859725952148	all_loss:0.07166701555252075
2024-06-26 03:03:31,904 - JuRanModel - INFO - epoch:26	batch:100	bpr_loss:0.06733204424381256	l2_loss:53.02079391479492	cl_loss:6.488146781921387	all_loss:0.07587819546461105
2024-06-26 03:05:35,486 - JuRanModel - INFO - epoch:26	batch:200	bpr_loss:0.0629793107509613	l2_loss:52.94536209106445	cl_loss:6.487369537353516	all_loss:0.07151753455400467
2024-06-26 03:07:38,376 - JuRanModel - INFO - epoch:26	batch:300	bpr_loss:0.07159747183322906	l2_loss:52.88274383544922	cl_loss:6.487590789794922	all_loss:0.08012954145669937
2024-06-26 03:08:45,520 - JuRanModel - INFO - EPOCH[26/200] loss0.078
2024-06-26 03:10:15,799 - JuRanModel - INFO - {'precision': array([0.0040837 , 0.00337944, 0.00267113]), 'recall': array([0.04083701, 0.06758879, 0.13355626]), 'ndcg': array([0.02032972, 0.02705437, 0.04003323])}
2024-06-26 03:10:25,923 - JuRanModel - INFO - epoch:27	batch:0	bpr_loss:0.07040949165821075	l2_loss:53.3541259765625	cl_loss:6.486971378326416	all_loss:0.07898838818073273
2024-06-26 03:12:28,590 - JuRanModel - INFO - epoch:27	batch:100	bpr_loss:0.06479354947805405	l2_loss:53.48895263671875	cl_loss:6.486598968505859	all_loss:0.07338574528694153
2024-06-26 03:14:32,587 - JuRanModel - INFO - epoch:27	batch:200	bpr_loss:0.05407324433326721	l2_loss:53.68536376953125	cl_loss:6.486527919769287	all_loss:0.0626850500702858
2024-06-26 03:16:35,839 - JuRanModel - INFO - epoch:27	batch:300	bpr_loss:0.06964143365621567	l2_loss:53.94921875	cl_loss:6.486270904541016	all_loss:0.07827948778867722
2024-06-26 03:17:42,292 - JuRanModel - INFO - EPOCH[27/200] loss0.076
2024-06-26 03:19:10,861 - JuRanModel - INFO - {'precision': array([0.00405837, 0.00343517, 0.00268531]), 'recall': array([0.04058368, 0.06870345, 0.13426559]), 'ndcg': array([0.02031937, 0.02735226, 0.04020919])}
2024-06-26 03:19:20,999 - JuRanModel - INFO - epoch:28	batch:0	bpr_loss:0.06510737538337708	l2_loss:54.24089050292969	cl_loss:6.486456871032715	all_loss:0.07377469539642334
2024-06-26 03:21:24,348 - JuRanModel - INFO - epoch:28	batch:100	bpr_loss:0.06681258231401443	l2_loss:54.344295501708984	cl_loss:6.48624324798584	all_loss:0.07549013197422028
2024-06-26 03:23:27,970 - JuRanModel - INFO - epoch:28	batch:200	bpr_loss:0.06598776578903198	l2_loss:54.386783599853516	cl_loss:6.485559463500977	all_loss:0.07466922700405121
2024-06-26 03:25:29,892 - JuRanModel - INFO - epoch:28	batch:300	bpr_loss:0.07154256105422974	l2_loss:54.59891891479492	cl_loss:6.485729217529297	all_loss:0.08024531602859497
2024-06-26 03:26:36,103 - JuRanModel - INFO - EPOCH[28/200] loss0.075
2024-06-26 03:28:07,035 - JuRanModel - INFO - {'precision': array([0.0039925 , 0.00344024, 0.00269241]), 'recall': array([0.03992501, 0.06880478, 0.13462026]), 'ndcg': array([0.02005529, 0.02731989, 0.04023837])}
2024-06-26 03:28:17,189 - JuRanModel - INFO - epoch:29	batch:0	bpr_loss:0.06992000341415405	l2_loss:55.04620361328125	cl_loss:6.485588073730469	all_loss:0.07866741716861725
2024-06-26 03:30:19,960 - JuRanModel - INFO - epoch:29	batch:100	bpr_loss:0.06066267937421799	l2_loss:55.19612121582031	cl_loss:6.485206127166748	all_loss:0.06942489743232727
2024-06-26 03:32:23,945 - JuRanModel - INFO - epoch:29	batch:200	bpr_loss:0.07450506091117859	l2_loss:55.30363464355469	cl_loss:6.485095024108887	all_loss:0.08327797055244446
2024-06-26 03:34:26,030 - JuRanModel - INFO - epoch:29	batch:300	bpr_loss:0.07904896885156631	l2_loss:55.80598449707031	cl_loss:6.484912872314453	all_loss:0.08787202090024948
2024-06-26 03:35:32,483 - JuRanModel - INFO - EPOCH[29/200] loss0.074
2024-06-26 03:37:01,247 - JuRanModel - INFO - {'precision': array([0.00399757, 0.00349344, 0.00268734]), 'recall': array([0.03997568, 0.06986877, 0.13436693]), 'ndcg': array([0.02013523, 0.02763071, 0.04028723])}
2024-06-26 03:37:11,207 - JuRanModel - INFO - epoch:30	batch:0	bpr_loss:0.06952899694442749	l2_loss:56.0681037902832	cl_loss:6.485013008117676	all_loss:0.07837831228971481
2024-06-26 03:39:14,221 - JuRanModel - INFO - epoch:30	batch:100	bpr_loss:0.056278955191373825	l2_loss:56.06922912597656	cl_loss:6.4849395751953125	all_loss:0.06512834876775742
2024-06-26 03:41:17,129 - JuRanModel - INFO - epoch:30	batch:200	bpr_loss:0.06773941218852997	l2_loss:56.118247985839844	cl_loss:6.484671592712402	all_loss:0.07659357041120529
2024-06-26 03:43:19,910 - JuRanModel - INFO - epoch:30	batch:300	bpr_loss:0.0659199059009552	l2_loss:56.36534881591797	cl_loss:6.484033584594727	all_loss:0.07479845732450485
2024-06-26 03:44:26,795 - JuRanModel - INFO - EPOCH[30/200] loss0.073
2024-06-26 03:45:57,287 - JuRanModel - INFO - {'precision': array([0.0040229 , 0.00346811, 0.00272888]), 'recall': array([0.04022901, 0.06936211, 0.13644424]), 'ndcg': array([0.02031426, 0.02763464, 0.04080898])}
2024-06-26 03:46:07,431 - JuRanModel - INFO - epoch:31	batch:0	bpr_loss:0.059335459023714066	l2_loss:56.438880920410156	cl_loss:6.484065055847168	all_loss:0.06822137534618378
2024-06-26 03:48:10,726 - JuRanModel - INFO - epoch:31	batch:100	bpr_loss:0.0618378221988678	l2_loss:56.686256408691406	cl_loss:6.483662128448486	all_loss:0.07074827700853348
2024-06-26 03:50:14,392 - JuRanModel - INFO - epoch:31	batch:200	bpr_loss:0.06165163218975067	l2_loss:56.8884391784668	cl_loss:6.483459949493408	all_loss:0.07058221101760864
2024-06-26 03:52:17,893 - JuRanModel - INFO - epoch:31	batch:300	bpr_loss:0.06104659289121628	l2_loss:56.954444885253906	cl_loss:6.483273506164551	all_loss:0.06998367607593536
2024-06-26 03:53:24,850 - JuRanModel - INFO - EPOCH[31/200] loss0.072
2024-06-26 03:54:53,215 - JuRanModel - INFO - {'precision': array([0.0040229 , 0.00352131, 0.00270254]), 'recall': array([0.04022901, 0.0704261 , 0.13512692]), 'ndcg': array([0.02023091, 0.02779796, 0.04049905])}
2024-06-26 03:55:03,276 - JuRanModel - INFO - epoch:32	batch:0	bpr_loss:0.06331760436296463	l2_loss:57.16102600097656	cl_loss:6.483550548553467	all_loss:0.07227548211812973
2024-06-26 03:57:06,457 - JuRanModel - INFO - epoch:32	batch:100	bpr_loss:0.05692020803689957	l2_loss:57.38106918334961	cl_loss:6.483424663543701	all_loss:0.06590002775192261
2024-06-26 03:59:10,255 - JuRanModel - INFO - epoch:32	batch:200	bpr_loss:0.060201339423656464	l2_loss:57.4774169921875	cl_loss:6.482909202575684	all_loss:0.06919053941965103
2024-06-26 04:01:13,149 - JuRanModel - INFO - epoch:32	batch:300	bpr_loss:0.053257301449775696	l2_loss:58.03912353515625	cl_loss:6.483249664306641	all_loss:0.0623028390109539
2024-06-26 04:02:20,413 - JuRanModel - INFO - EPOCH[32/200] loss0.070
2024-06-26 04:03:51,054 - JuRanModel - INFO - {'precision': array([0.00407863, 0.00356184, 0.00275827]), 'recall': array([0.04078634, 0.07123676, 0.13791356]), 'ndcg': array([0.020495  , 0.02811579, 0.04119514])}
2024-06-26 04:04:01,084 - JuRanModel - INFO - epoch:33	batch:0	bpr_loss:0.055293578654527664	l2_loss:57.98528289794922	cl_loss:6.483455657958984	all_loss:0.06433383375406265
2024-06-26 04:06:04,140 - JuRanModel - INFO - epoch:33	batch:100	bpr_loss:0.06148321554064751	l2_loss:58.05992889404297	cl_loss:6.482143402099609	all_loss:0.07053028047084808
2024-06-26 04:08:07,624 - JuRanModel - INFO - epoch:33	batch:200	bpr_loss:0.05960266292095184	l2_loss:58.451934814453125	cl_loss:6.482165336608887	all_loss:0.06868894398212433
2024-06-26 04:10:10,933 - JuRanModel - INFO - epoch:33	batch:300	bpr_loss:0.05911605805158615	l2_loss:58.601417541503906	cl_loss:6.48232364654541	all_loss:0.06821735948324203
2024-06-26 04:11:17,760 - JuRanModel - INFO - EPOCH[33/200] loss0.069
2024-06-26 04:12:46,720 - JuRanModel - INFO - {'precision': array([0.00414957, 0.00353397, 0.00277347]), 'recall': array([0.04149567, 0.07067943, 0.13867356]), 'ndcg': array([0.02079484, 0.02810931, 0.04144484])}
2024-06-26 04:12:56,724 - JuRanModel - INFO - epoch:34	batch:0	bpr_loss:0.06422362476587296	l2_loss:58.689876556396484	cl_loss:6.482577323913574	all_loss:0.07333389669656754
2024-06-26 04:14:59,490 - JuRanModel - INFO - epoch:34	batch:100	bpr_loss:0.0552329421043396	l2_loss:59.15895080566406	cl_loss:6.481912136077881	all_loss:0.06438979506492615
2024-06-26 04:17:03,556 - JuRanModel - INFO - epoch:34	batch:200	bpr_loss:0.05793163180351257	l2_loss:59.17802429199219	cl_loss:6.48172664642334	all_loss:0.06709029525518417
2024-06-26 04:19:06,004 - JuRanModel - INFO - epoch:34	batch:300	bpr_loss:0.05897234380245209	l2_loss:59.226646423339844	cl_loss:6.48153018951416	all_loss:0.06813577562570572
2024-06-26 04:20:12,490 - JuRanModel - INFO - EPOCH[34/200] loss0.068
2024-06-26 04:21:42,372 - JuRanModel - INFO - {'precision': array([0.00426103, 0.00361504, 0.00279982]), 'recall': array([0.04261033, 0.07230075, 0.13999088]), 'ndcg': array([0.02126288, 0.02869728, 0.04197203])}
2024-06-26 04:21:52,545 - JuRanModel - INFO - epoch:35	batch:0	bpr_loss:0.05390466749668121	l2_loss:59.228050231933594	cl_loss:6.481386661529541	all_loss:0.06306816637516022
2024-06-26 04:23:54,993 - JuRanModel - INFO - epoch:35	batch:100	bpr_loss:0.06882056593894958	l2_loss:59.52424621582031	cl_loss:6.4818315505981445	all_loss:0.07801390439271927
2024-06-26 04:25:58,389 - JuRanModel - INFO - epoch:35	batch:200	bpr_loss:0.05499430000782013	l2_loss:59.536903381347656	cl_loss:6.481388092041016	all_loss:0.06418868899345398
2024-06-26 04:28:00,307 - JuRanModel - INFO - epoch:35	batch:300	bpr_loss:0.057298749685287476	l2_loss:60.021697998046875	cl_loss:6.481235027313232	all_loss:0.06654153764247894
2024-06-26 04:29:06,493 - JuRanModel - INFO - EPOCH[35/200] loss0.067
2024-06-26 04:30:35,383 - JuRanModel - INFO - {'precision': array([0.00430663, 0.00358464, 0.00281299]), 'recall': array([0.04306632, 0.07169276, 0.14064954]), 'ndcg': array([0.02122112, 0.02840352, 0.04196122])}
2024-06-26 04:30:45,344 - JuRanModel - INFO - epoch:36	batch:0	bpr_loss:0.05308109521865845	l2_loss:59.977783203125	cl_loss:6.481253623962402	all_loss:0.062319498509168625
2024-06-26 04:32:48,466 - JuRanModel - INFO - epoch:36	batch:100	bpr_loss:0.05530582368373871	l2_loss:60.15947341918945	cl_loss:6.481535911560059	all_loss:0.06456254422664642
2024-06-26 04:34:52,740 - JuRanModel - INFO - epoch:36	batch:200	bpr_loss:0.04721452668309212	l2_loss:60.424766540527344	cl_loss:6.480948448181152	all_loss:0.0564974769949913
2024-06-26 04:36:55,366 - JuRanModel - INFO - epoch:36	batch:300	bpr_loss:0.058956559747457504	l2_loss:60.782623291015625	cl_loss:6.480844497680664	all_loss:0.06827524304389954
2024-06-26 04:38:02,482 - JuRanModel - INFO - EPOCH[36/200] loss0.066
2024-06-26 04:39:32,731 - JuRanModel - INFO - {'precision': array([0.00433703, 0.00359984, 0.00282312]), 'recall': array([0.04337032, 0.07199676, 0.1411562 ]), 'ndcg': array([0.02153991, 0.02871078, 0.04229638])}
2024-06-26 04:39:42,785 - JuRanModel - INFO - epoch:37	batch:0	bpr_loss:0.06325610727071762	l2_loss:60.885902404785156	cl_loss:6.480557441711426	all_loss:0.07258497923612595
2024-06-26 04:41:45,843 - JuRanModel - INFO - epoch:37	batch:100	bpr_loss:0.05155082046985626	l2_loss:61.068817138671875	cl_loss:6.48049259185791	all_loss:0.06089795008301735
2024-06-26 04:43:49,378 - JuRanModel - INFO - epoch:37	batch:200	bpr_loss:0.05783799663186073	l2_loss:60.948116302490234	cl_loss:6.4805803298950195	all_loss:0.06717309355735779
2024-06-26 04:45:53,003 - JuRanModel - INFO - epoch:37	batch:300	bpr_loss:0.04943901300430298	l2_loss:61.229713439941406	cl_loss:6.479985237121582	all_loss:0.05880197882652283
2024-06-26 04:46:59,812 - JuRanModel - INFO - EPOCH[37/200] loss0.065
2024-06-26 04:48:29,476 - JuRanModel - INFO - {'precision': array([0.00434717, 0.0036049 , 0.0028211 ]), 'recall': array([0.04347165, 0.07209809, 0.14105487]), 'ndcg': array([0.02140631, 0.02859936, 0.04216408])}
2024-06-26 04:48:39,621 - JuRanModel - INFO - epoch:38	batch:0	bpr_loss:0.05512373521924019	l2_loss:61.21293640136719	cl_loss:6.480186462402344	all_loss:0.06448511779308319
2024-06-26 04:50:42,619 - JuRanModel - INFO - epoch:38	batch:100	bpr_loss:0.05862879008054733	l2_loss:61.53092956542969	cl_loss:6.479897499084473	all_loss:0.06802183389663696
2024-06-26 04:52:45,803 - JuRanModel - INFO - epoch:38	batch:200	bpr_loss:0.05444280058145523	l2_loss:62.051368713378906	cl_loss:6.479838848114014	all_loss:0.06388785690069199
2024-06-26 04:54:48,713 - JuRanModel - INFO - epoch:38	batch:300	bpr_loss:0.06073782593011856	l2_loss:62.14512634277344	cl_loss:6.479622840881348	all_loss:0.07019215077161789
2024-06-26 04:55:55,668 - JuRanModel - INFO - EPOCH[38/200] loss0.065
2024-06-26 04:57:25,147 - JuRanModel - INFO - {'precision': array([0.00427623, 0.00369104, 0.00285352]), 'recall': array([0.04276232, 0.07382074, 0.14267619]), 'ndcg': array([0.02119149, 0.02898791, 0.04249278])}
2024-06-26 04:57:35,273 - JuRanModel - INFO - epoch:39	batch:0	bpr_loss:0.06184566020965576	l2_loss:62.117271423339844	cl_loss:6.479602813720703	all_loss:0.07129719108343124
2024-06-26 04:59:38,019 - JuRanModel - INFO - epoch:39	batch:100	bpr_loss:0.05685010179877281	l2_loss:62.279903411865234	cl_loss:6.47962760925293	all_loss:0.06631790101528168
2024-06-26 05:01:42,018 - JuRanModel - INFO - epoch:39	batch:200	bpr_loss:0.05457572266459465	l2_loss:62.46453857421875	cl_loss:6.47934627532959	all_loss:0.06406185030937195
2024-06-26 05:03:45,233 - JuRanModel - INFO - epoch:39	batch:300	bpr_loss:0.05155402794480324	l2_loss:62.69557571411133	cl_loss:6.4794840812683105	all_loss:0.06106332689523697
2024-06-26 05:04:51,560 - JuRanModel - INFO - EPOCH[39/200] loss0.064
2024-06-26 05:06:21,090 - JuRanModel - INFO - {'precision': array([0.00428637, 0.00368344, 0.00285859]), 'recall': array([0.04286366, 0.07366874, 0.14292952]), 'ndcg': array([0.02119796, 0.0289003 , 0.04251563])}
2024-06-26 05:06:31,036 - JuRanModel - INFO - epoch:40	batch:0	bpr_loss:0.05645173788070679	l2_loss:62.67952346801758	cl_loss:6.479068756103516	all_loss:0.06595922261476517
2024-06-26 05:08:33,987 - JuRanModel - INFO - epoch:40	batch:100	bpr_loss:0.05592946708202362	l2_loss:63.030250549316406	cl_loss:6.479215621948242	all_loss:0.06547209620475769
2024-06-26 05:10:38,154 - JuRanModel - INFO - epoch:40	batch:200	bpr_loss:0.054371267557144165	l2_loss:63.13575744628906	cl_loss:6.478748321533203	all_loss:0.06392421573400497
2024-06-26 05:12:40,215 - JuRanModel - INFO - epoch:40	batch:300	bpr_loss:0.06206159293651581	l2_loss:63.020320892333984	cl_loss:6.478845596313477	all_loss:0.07160304486751556
2024-06-26 05:13:46,822 - JuRanModel - INFO - EPOCH[40/200] loss0.063
2024-06-26 05:15:15,646 - JuRanModel - INFO - {'precision': array([0.00434717, 0.00371384, 0.00289507]), 'recall': array([0.04347165, 0.07427674, 0.14475351]), 'ndcg': array([0.02155347, 0.0292392 , 0.04304276])}
2024-06-26 05:15:25,696 - JuRanModel - INFO - epoch:41	batch:0	bpr_loss:0.05706144869327545	l2_loss:63.2556037902832	cl_loss:6.478994846343994	all_loss:0.06662650406360626
2024-06-26 05:17:28,597 - JuRanModel - INFO - epoch:41	batch:100	bpr_loss:0.05683611333370209	l2_loss:63.36234664916992	cl_loss:6.478353977203369	all_loss:0.06641152501106262
2024-06-26 05:19:32,083 - JuRanModel - INFO - epoch:41	batch:200	bpr_loss:0.05666003376245499	l2_loss:63.56850051879883	cl_loss:6.478672027587891	all_loss:0.06625621765851974
2024-06-26 05:21:35,666 - JuRanModel - INFO - epoch:41	batch:300	bpr_loss:0.05069389194250107	l2_loss:63.91578674316406	cl_loss:6.478618621826172	all_loss:0.0603247806429863
2024-06-26 05:22:42,494 - JuRanModel - INFO - EPOCH[41/200] loss0.063
2024-06-26 05:24:12,149 - JuRanModel - INFO - {'precision': array([0.00433197, 0.0037113 , 0.0028971 ]), 'recall': array([0.04331965, 0.07422607, 0.14485484]), 'ndcg': array([0.02169945, 0.02942162, 0.04326257])}
2024-06-26 05:24:22,102 - JuRanModel - INFO - epoch:42	batch:0	bpr_loss:0.05064813420176506	l2_loss:64.29740905761719	cl_loss:6.478315830230713	all_loss:0.0603170320391655
2024-06-26 05:26:25,302 - JuRanModel - INFO - epoch:42	batch:100	bpr_loss:0.047991424798965454	l2_loss:64.16610717773438	cl_loss:6.478464603424072	all_loss:0.05764726921916008
2024-06-26 05:28:29,559 - JuRanModel - INFO - epoch:42	batch:200	bpr_loss:0.050602540373802185	l2_loss:64.21290588378906	cl_loss:6.478254795074463	all_loss:0.06026295945048332
2024-06-26 05:30:31,816 - JuRanModel - INFO - epoch:42	batch:300	bpr_loss:0.05329829081892967	l2_loss:64.51206970214844	cl_loss:6.478269100189209	all_loss:0.06298863142728806
2024-06-26 05:31:38,702 - JuRanModel - INFO - EPOCH[42/200] loss0.062
2024-06-26 05:33:07,639 - JuRanModel - INFO - {'precision': array([0.00431677, 0.00366064, 0.00289406]), 'recall': array([0.04316765, 0.07321275, 0.14470284]), 'ndcg': array([0.02150481, 0.02904396, 0.04309384])}
2024-06-26 05:33:17,742 - JuRanModel - INFO - epoch:43	batch:0	bpr_loss:0.05135970562696457	l2_loss:64.52757263183594	cl_loss:6.478201389312744	all_loss:0.061051562428474426
2024-06-26 05:35:20,845 - JuRanModel - INFO - epoch:43	batch:100	bpr_loss:0.04080098867416382	l2_loss:64.74994659423828	cl_loss:6.477463722229004	all_loss:0.05051471292972565
2024-06-26 05:37:23,605 - JuRanModel - INFO - epoch:43	batch:200	bpr_loss:0.041558608412742615	l2_loss:64.65516662597656	cl_loss:6.477837085723877	all_loss:0.05126304551959038
2024-06-26 05:39:27,339 - JuRanModel - INFO - epoch:43	batch:300	bpr_loss:0.05453246831893921	l2_loss:65.11599731445312	cl_loss:6.477579116821289	all_loss:0.0642828568816185
2024-06-26 05:40:34,336 - JuRanModel - INFO - EPOCH[43/200] loss0.061
2024-06-26 05:42:03,792 - JuRanModel - INFO - {'precision': array([0.0043725 , 0.00370117, 0.00290824]), 'recall': array([0.04372498, 0.07402341, 0.14541217]), 'ndcg': array([0.02181064, 0.02937947, 0.04337387])}
2024-06-26 05:42:13,751 - JuRanModel - INFO - epoch:44	batch:0	bpr_loss:0.04621424153447151	l2_loss:64.92713928222656	cl_loss:6.477739334106445	all_loss:0.055945828557014465
2024-06-26 05:44:16,384 - JuRanModel - INFO - epoch:44	batch:100	bpr_loss:0.05568292737007141	l2_loss:65.13438415527344	cl_loss:6.477075576782227	all_loss:0.06543490290641785
2024-06-26 05:46:21,096 - JuRanModel - INFO - epoch:44	batch:200	bpr_loss:0.05655177682638168	l2_loss:65.52788543701172	cl_loss:6.477160930633545	all_loss:0.06634314358234406
2024-06-26 05:48:23,867 - JuRanModel - INFO - epoch:44	batch:300	bpr_loss:0.05309627205133438	l2_loss:65.35059356689453	cl_loss:6.477670669555664	all_loss:0.06287016719579697
2024-06-26 05:49:30,105 - JuRanModel - INFO - EPOCH[44/200] loss0.061
2024-06-26 05:50:58,387 - JuRanModel - INFO - {'precision': array([0.00438263, 0.00371637, 0.00293358]), 'recall': array([0.04382632, 0.07432741, 0.14667883]), 'ndcg': array([0.0220996 , 0.02975537, 0.04395285])}
2024-06-26 05:51:08,597 - JuRanModel - INFO - epoch:45	batch:0	bpr_loss:0.04437829181551933	l2_loss:65.70934295654297	cl_loss:6.477334499359131	all_loss:0.054187893867492676
2024-06-26 05:53:11,188 - JuRanModel - INFO - epoch:45	batch:100	bpr_loss:0.04954424500465393	l2_loss:65.5508041381836	cl_loss:6.4771013259887695	all_loss:0.05933787673711777
2024-06-26 05:55:14,383 - JuRanModel - INFO - epoch:45	batch:200	bpr_loss:0.0430031344294548	l2_loss:66.14971923828125	cl_loss:6.476996898651123	all_loss:0.052856605499982834
2024-06-26 05:57:16,778 - JuRanModel - INFO - epoch:45	batch:300	bpr_loss:0.050753816962242126	l2_loss:66.0434799194336	cl_loss:6.477309703826904	all_loss:0.06059681996703148
2024-06-26 05:58:23,641 - JuRanModel - INFO - EPOCH[45/200] loss0.060
2024-06-26 05:59:53,154 - JuRanModel - INFO - {'precision': array([0.0044029 , 0.00369864, 0.00291432]), 'recall': array([0.04402898, 0.07397274, 0.14571617]), 'ndcg': array([0.02206272, 0.02957582, 0.04367217])}
2024-06-26 06:00:03,218 - JuRanModel - INFO - epoch:46	batch:0	bpr_loss:0.0483352392911911	l2_loss:66.10625457763672	cl_loss:6.47694206237793	all_loss:0.05818433314561844
2024-06-26 06:02:06,570 - JuRanModel - INFO - epoch:46	batch:100	bpr_loss:0.048822857439517975	l2_loss:66.53119659423828	cl_loss:6.477097511291504	all_loss:0.058714523911476135
2024-06-26 06:04:10,462 - JuRanModel - INFO - epoch:46	batch:200	bpr_loss:0.0537378266453743	l2_loss:66.32827758789062	cl_loss:6.476888179779053	all_loss:0.06360910087823868
2024-06-26 06:06:12,061 - JuRanModel - INFO - epoch:46	batch:300	bpr_loss:0.04584960639476776	l2_loss:66.47532653808594	cl_loss:6.476737022399902	all_loss:0.0557355061173439
2024-06-26 06:07:18,571 - JuRanModel - INFO - EPOCH[46/200] loss0.059
2024-06-26 06:08:46,549 - JuRanModel - INFO - {'precision': array([0.0044637 , 0.00369357, 0.00293054]), 'recall': array([0.04463698, 0.07387141, 0.14652683]), 'ndcg': array([0.02246129, 0.02979829, 0.04407533])}
2024-06-26 06:08:56,623 - JuRanModel - INFO - epoch:47	batch:0	bpr_loss:0.05528341978788376	l2_loss:66.92024993896484	cl_loss:6.476634502410889	all_loss:0.06521376222372055
2024-06-26 06:10:59,755 - JuRanModel - INFO - epoch:47	batch:100	bpr_loss:0.04548583924770355	l2_loss:67.11476135253906	cl_loss:6.476482391357422	all_loss:0.055435556918382645
2024-06-26 06:13:03,246 - JuRanModel - INFO - epoch:47	batch:200	bpr_loss:0.05133724957704544	l2_loss:67.18000793457031	cl_loss:6.476536750793457	all_loss:0.06129352003335953
2024-06-26 06:15:06,716 - JuRanModel - INFO - epoch:47	batch:300	bpr_loss:0.05445145070552826	l2_loss:67.21868133544922	cl_loss:6.476301670074463	all_loss:0.0644114688038826
2024-06-26 06:16:13,993 - JuRanModel - INFO - EPOCH[47/200] loss0.059
2024-06-26 06:17:43,482 - JuRanModel - INFO - {'precision': array([0.00449916, 0.0036961 , 0.00294067]), 'recall': array([0.04499164, 0.07392208, 0.14703349]), 'ndcg': array([0.02259541, 0.02984807, 0.04423115])}
2024-06-26 06:17:53,451 - JuRanModel - INFO - epoch:48	batch:0	bpr_loss:0.04667451232671738	l2_loss:67.18169403076172	cl_loss:6.476681709289551	all_loss:0.056631024926900864
2024-06-26 06:19:56,508 - JuRanModel - INFO - epoch:48	batch:100	bpr_loss:0.050085823982954025	l2_loss:67.54017639160156	cl_loss:6.47629451751709	all_loss:0.06007799133658409
2024-06-26 06:22:00,357 - JuRanModel - INFO - epoch:48	batch:200	bpr_loss:0.05026944726705551	l2_loss:67.56202697753906	cl_loss:6.476296901702881	all_loss:0.060263797640800476
2024-06-26 06:24:03,147 - JuRanModel - INFO - epoch:48	batch:300	bpr_loss:0.043005168437957764	l2_loss:67.46115112304688	cl_loss:6.4758148193359375	all_loss:0.05298918858170509
2024-06-26 06:25:09,990 - JuRanModel - INFO - EPOCH[48/200] loss0.058
2024-06-26 06:26:38,273 - JuRanModel - INFO - {'precision': array([0.00456503, 0.0037189 , 0.00291736]), 'recall': array([0.0456503 , 0.07437807, 0.14586817]), 'ndcg': array([0.02290724, 0.03007127, 0.0441382 ])}
2024-06-26 06:26:48,549 - JuRanModel - INFO - epoch:49	batch:0	bpr_loss:0.04693855345249176	l2_loss:67.62648010253906	cl_loss:6.475989818572998	all_loss:0.05693919584155083
2024-06-26 06:28:52,409 - JuRanModel - INFO - epoch:49	batch:100	bpr_loss:0.04180070757865906	l2_loss:67.98326110839844	cl_loss:6.476414203643799	all_loss:0.051837243139743805
2024-06-26 06:30:56,688 - JuRanModel - INFO - epoch:49	batch:200	bpr_loss:0.04259549081325531	l2_loss:68.11251831054688	cl_loss:6.4756693840026855	all_loss:0.052644580602645874
2024-06-26 06:32:59,929 - JuRanModel - INFO - epoch:49	batch:300	bpr_loss:0.047139450907707214	l2_loss:68.11385345458984	cl_loss:6.475490570068359	all_loss:0.05718858167529106
2024-06-26 06:34:07,134 - JuRanModel - INFO - EPOCH[49/200] loss0.057
2024-06-26 06:35:36,230 - JuRanModel - INFO - {'precision': array([0.00440796, 0.00370624, 0.0029275 ]), 'recall': array([0.04407965, 0.07412474, 0.14637483]), 'ndcg': array([0.02248135, 0.0300035 , 0.04421532])}
2024-06-26 06:35:46,293 - JuRanModel - INFO - epoch:50	batch:0	bpr_loss:0.04992685467004776	l2_loss:68.18208312988281	cl_loss:6.476154327392578	all_loss:0.05998314172029495
2024-06-26 06:37:49,806 - JuRanModel - INFO - epoch:50	batch:100	bpr_loss:0.05060151219367981	l2_loss:68.1972885131836	cl_loss:6.476278305053711	all_loss:0.06065937876701355
2024-06-26 06:39:54,487 - JuRanModel - INFO - epoch:50	batch:200	bpr_loss:0.04512543976306915	l2_loss:68.351806640625	cl_loss:6.475701808929443	all_loss:0.05519847199320793
2024-06-26 06:41:57,043 - JuRanModel - INFO - epoch:50	batch:300	bpr_loss:0.04832758381962776	l2_loss:68.75205993652344	cl_loss:6.475709915161133	all_loss:0.058440644294023514
2024-06-26 06:43:03,336 - JuRanModel - INFO - EPOCH[50/200] loss0.057
2024-06-26 06:44:31,455 - JuRanModel - INFO - {'precision': array([0.00448903, 0.00371637, 0.00293358]), 'recall': array([0.04489031, 0.07432741, 0.14667883]), 'ndcg': array([0.02248053, 0.02984419, 0.0440719 ])}
2024-06-26 06:44:41,508 - JuRanModel - INFO - epoch:51	batch:0	bpr_loss:0.054459236562252045	l2_loss:68.8067626953125	cl_loss:6.4759440422058105	all_loss:0.06457788497209549
2024-06-26 06:46:44,361 - JuRanModel - INFO - epoch:51	batch:100	bpr_loss:0.04756078124046326	l2_loss:68.69281768798828	cl_loss:6.475262641906738	all_loss:0.05766769498586655
2024-06-26 06:48:47,475 - JuRanModel - INFO - epoch:51	batch:200	bpr_loss:0.04876643791794777	l2_loss:68.76437377929688	cl_loss:6.4752984046936035	all_loss:0.0588805228471756
2024-06-26 06:50:49,904 - JuRanModel - INFO - epoch:51	batch:300	bpr_loss:0.04624621570110321	l2_loss:69.13223266601562	cl_loss:6.475400924682617	all_loss:0.05639714002609253
2024-06-26 06:51:57,202 - JuRanModel - INFO - EPOCH[51/200] loss0.056
2024-06-26 06:53:26,772 - JuRanModel - INFO - {'precision': array([0.0045549 , 0.0037341 , 0.00295384]), 'recall': array([0.04554897, 0.07468207, 0.14769215]), 'ndcg': array([0.02265258, 0.02993592, 0.0442752 ])}
2024-06-26 06:53:36,758 - JuRanModel - INFO - epoch:52	batch:0	bpr_loss:0.049358610063791275	l2_loss:69.25283813476562	cl_loss:6.47540807723999	all_loss:0.05952160060405731
2024-06-26 06:55:39,693 - JuRanModel - INFO - epoch:52	batch:100	bpr_loss:0.04438449442386627	l2_loss:69.44945526123047	cl_loss:6.475313186645508	all_loss:0.05456709861755371
2024-06-26 06:57:43,494 - JuRanModel - INFO - epoch:52	batch:200	bpr_loss:0.04153028130531311	l2_loss:69.52999877929688	cl_loss:6.4754228591918945	all_loss:0.0517209954559803
2024-06-26 06:59:45,379 - JuRanModel - INFO - epoch:52	batch:300	bpr_loss:0.04658441245555878	l2_loss:69.88427734375	cl_loss:6.475268363952637	all_loss:0.05681047588586807
2024-06-26 07:00:51,936 - JuRanModel - INFO - EPOCH[52/200] loss0.056
2024-06-26 07:02:20,728 - JuRanModel - INFO - {'precision': array([0.0045549 , 0.0037341 , 0.00296296]), 'recall': array([0.04554897, 0.07468207, 0.14814815]), 'ndcg': array([0.02269186, 0.02994458, 0.04436717])}
2024-06-26 07:02:30,794 - JuRanModel - INFO - epoch:53	batch:0	bpr_loss:0.04111502692103386	l2_loss:69.7315673828125	cl_loss:6.4753522872924805	all_loss:0.05132586136460304
2024-06-26 07:04:34,227 - JuRanModel - INFO - epoch:53	batch:100	bpr_loss:0.04400589317083359	l2_loss:70.14706420898438	cl_loss:6.474795341491699	all_loss:0.05425799638032913
2024-06-26 07:06:38,038 - JuRanModel - INFO - epoch:53	batch:200	bpr_loss:0.04566117003560066	l2_loss:69.99566650390625	cl_loss:6.474691390991211	all_loss:0.05589808151125908
2024-06-26 07:08:40,980 - JuRanModel - INFO - epoch:53	batch:300	bpr_loss:0.049560584127902985	l2_loss:70.26998901367188	cl_loss:6.474778175354004	all_loss:0.059824973344802856
2024-06-26 07:09:48,353 - JuRanModel - INFO - EPOCH[53/200] loss0.056
2024-06-26 07:11:17,928 - JuRanModel - INFO - {'precision': array([0.0045245 , 0.0036961 , 0.00295486]), 'recall': array([0.04524497, 0.07392208, 0.14774282]), 'ndcg': array([0.02265079, 0.02979618, 0.04428674])}
2024-06-26 07:11:28,022 - JuRanModel - INFO - epoch:54	batch:0	bpr_loss:0.043913811445236206	l2_loss:70.13691711425781	cl_loss:6.474658966064453	all_loss:0.0541648343205452
2024-06-26 07:13:31,108 - JuRanModel - INFO - epoch:54	batch:100	bpr_loss:0.045301392674446106	l2_loss:70.77871704101562	cl_loss:6.474959373474121	all_loss:0.05561674386262894
2024-06-26 07:15:34,772 - JuRanModel - INFO - epoch:54	batch:200	bpr_loss:0.04357544332742691	l2_loss:70.54881286621094	cl_loss:6.474424362182617	all_loss:0.053867537528276443
2024-06-26 07:17:37,864 - JuRanModel - INFO - epoch:54	batch:300	bpr_loss:0.04539845883846283	l2_loss:70.74610137939453	cl_loss:6.4740729331970215	all_loss:0.05571010336279869
2024-06-26 07:18:44,856 - JuRanModel - INFO - EPOCH[54/200] loss0.055
2024-06-26 07:20:12,972 - JuRanModel - INFO - {'precision': array([0.00451436, 0.00369864, 0.002966  ]), 'recall': array([0.04514364, 0.07397274, 0.14830015]), 'ndcg': array([0.02249766, 0.02966859, 0.04423822])}
2024-06-26 07:20:23,036 - JuRanModel - INFO - epoch:55	batch:0	bpr_loss:0.049102284014225006	l2_loss:70.75874328613281	cl_loss:6.474856853485107	all_loss:0.05941559001803398
2024-06-26 07:22:27,353 - JuRanModel - INFO - epoch:55	batch:100	bpr_loss:0.046109993010759354	l2_loss:70.84489440917969	cl_loss:6.474503517150879	all_loss:0.05643173307180405
2024-06-26 07:24:31,094 - JuRanModel - INFO - epoch:55	batch:200	bpr_loss:0.044239453971385956	l2_loss:70.96656036376953	cl_loss:6.474632263183594	all_loss:0.0545734241604805
2024-06-26 07:26:34,198 - JuRanModel - INFO - epoch:55	batch:300	bpr_loss:0.041619617491960526	l2_loss:71.22840881347656	cl_loss:6.474413871765137	all_loss:0.0519796647131443
2024-06-26 07:27:41,535 - JuRanModel - INFO - EPOCH[55/200] loss0.054
2024-06-26 07:29:10,938 - JuRanModel - INFO - {'precision': array([0.0044637 , 0.00372904, 0.00298931]), 'recall': array([0.04463698, 0.07458074, 0.14946547]), 'ndcg': array([0.02252135, 0.02999298, 0.04468771])}
2024-06-26 07:29:21,049 - JuRanModel - INFO - epoch:56	batch:0	bpr_loss:0.04496419429779053	l2_loss:71.22985076904297	cl_loss:6.474104881286621	all_loss:0.05532423406839371
2024-06-26 07:31:23,344 - JuRanModel - INFO - epoch:56	batch:100	bpr_loss:0.039871230721473694	l2_loss:71.38655853271484	cl_loss:6.4741973876953125	all_loss:0.050246983766555786
2024-06-26 07:33:27,320 - JuRanModel - INFO - epoch:56	batch:200	bpr_loss:0.04412616789340973	l2_loss:71.23841857910156	cl_loss:6.474539756774902	all_loss:0.054487280547618866
2024-06-26 07:35:29,307 - JuRanModel - INFO - epoch:56	batch:300	bpr_loss:0.037457216531038284	l2_loss:71.17596435546875	cl_loss:6.474489212036133	all_loss:0.04781205579638481
2024-06-26 07:36:35,765 - JuRanModel - INFO - EPOCH[56/200] loss0.054
2024-06-26 07:38:04,284 - JuRanModel - INFO - {'precision': array([0.00445863, 0.00371637, 0.00297512]), 'recall': array([0.04458631, 0.07432741, 0.14875614]), 'ndcg': array([0.02232706, 0.0297595 , 0.04439069])}
2024-06-26 07:38:14,275 - JuRanModel - INFO - epoch:57	batch:0	bpr_loss:0.040080174803733826	l2_loss:71.37577056884766	cl_loss:6.474204063415527	all_loss:0.05045485496520996
2024-06-26 07:40:17,776 - JuRanModel - INFO - epoch:57	batch:100	bpr_loss:0.04225483536720276	l2_loss:71.49348449707031	cl_loss:6.474324703216553	all_loss:0.05264134705066681
2024-06-26 07:42:20,750 - JuRanModel - INFO - epoch:57	batch:200	bpr_loss:0.04469985514879227	l2_loss:71.87372589111328	cl_loss:6.473910808563232	all_loss:0.0551241859793663
2024-06-26 07:44:23,735 - JuRanModel - INFO - epoch:57	batch:300	bpr_loss:0.046308733522892	l2_loss:71.89592742919922	cl_loss:6.474099159240723	all_loss:0.05673537775874138
2024-06-26 07:45:30,982 - JuRanModel - INFO - EPOCH[57/200] loss0.053
2024-06-26 07:47:00,233 - JuRanModel - INFO - {'precision': array([0.00449916, 0.00373157, 0.00298019]), 'recall': array([0.04499164, 0.0746314 , 0.14900947]), 'ndcg': array([0.02243392, 0.02983459, 0.04444704])}
2024-06-26 07:47:10,335 - JuRanModel - INFO - epoch:58	batch:0	bpr_loss:0.05065013840794563	l2_loss:72.1681137084961	cl_loss:6.474451541900635	all_loss:0.061104174703359604
2024-06-26 07:49:13,285 - JuRanModel - INFO - epoch:58	batch:100	bpr_loss:0.0381966307759285	l2_loss:72.34215545654297	cl_loss:6.473991870880127	all_loss:0.04866784065961838
2024-06-26 07:51:16,763 - JuRanModel - INFO - epoch:58	batch:200	bpr_loss:0.043960586190223694	l2_loss:72.34696960449219	cl_loss:6.473694801330566	all_loss:0.054432131350040436
2024-06-26 07:53:19,867 - JuRanModel - INFO - epoch:58	batch:300	bpr_loss:0.0437178760766983	l2_loss:72.51029968261719	cl_loss:6.473620414733887	all_loss:0.054205719381570816
2024-06-26 07:54:27,092 - JuRanModel - INFO - EPOCH[58/200] loss0.053
2024-06-26 07:55:55,064 - JuRanModel - INFO - {'precision': array([0.00453463, 0.00374424, 0.0029883 ]), 'recall': array([0.0453463 , 0.07488473, 0.1494148 ]), 'ndcg': array([0.02254969, 0.02991158, 0.04454601])}
