2024-06-24 17:48:29,097 - JuRanModel - INFO - {'latent_dim': 64, 'bpr_batch': 4096, 'n_layers': 2, 'lr': 0.001, 'test_batch': 128, 'path': './checkpoints', 'topks': '[10,20,50]', 'load': 1, 'epochs': 200, 'multicore': 1, 'pretrain': 0, 'seed': 2024, 'model': 'lgn', 'keep_prob': 0.3, 'dropout_bool': 0, 'groups': 3, 'neg': 1, 'projection_dim': 16, 'projection_dropout': 0.5, 'gpu_id': '0', 'dataset': 'wechat', 'l2_w': 0.0001, 'cl_w': 0.0005, 'cl_temp': 0.5, 'single': 0}
2024-06-24 17:48:39,439 - JuRanModel - INFO - epoch:0	batch:0	bpr_loss:0.692905068397522	l2_loss:1.5989216566085815	cl_loss:8.35822582244873	all_loss:0.6972441077232361
2024-06-24 17:50:52,245 - JuRanModel - INFO - epoch:0	batch:100	bpr_loss:0.6917874813079834	l2_loss:1.6348706483840942	cl_loss:7.636972904205322	all_loss:0.6957694888114929
2024-06-24 17:52:53,551 - JuRanModel - INFO - epoch:0	batch:200	bpr_loss:0.6882756948471069	l2_loss:1.6985810995101929	cl_loss:7.321643829345703	all_loss:0.6921063661575317
2024-06-24 17:54:55,403 - JuRanModel - INFO - epoch:0	batch:300	bpr_loss:0.6771578788757324	l2_loss:1.8615890741348267	cl_loss:7.0902252197265625	all_loss:0.6808891296386719
2024-06-24 17:57:31,835 - JuRanModel - INFO - {'precision': array([0.00143892, 0.00112732, 0.00077823]), 'recall': array([0.01438922, 0.02254649, 0.03891169]), 'ndcg': array([0.00756316, 0.00960974, 0.01282514])}
2024-06-24 17:57:41,918 - JuRanModel - INFO - epoch:1	batch:0	bpr_loss:0.6583352088928223	l2_loss:2.0651137828826904	cl_loss:7.006330966949463	all_loss:0.662044882774353
2024-06-24 17:59:42,467 - JuRanModel - INFO - epoch:1	batch:100	bpr_loss:0.5799568891525269	l2_loss:2.891538143157959	cl_loss:6.882483959197998	all_loss:0.5836872458457947
2024-06-24 18:01:44,067 - JuRanModel - INFO - epoch:1	batch:200	bpr_loss:0.48354455828666687	l2_loss:4.357290267944336	cl_loss:6.802399635314941	all_loss:0.4873814880847931
2024-06-24 18:03:45,693 - JuRanModel - INFO - epoch:1	batch:300	bpr_loss:0.40618419647216797	l2_loss:6.060014724731445	cl_loss:6.744200706481934	all_loss:0.4101622998714447
2024-06-24 18:06:29,729 - JuRanModel - INFO - {'precision': array([0.00219385, 0.00173279, 0.00130618]), 'recall': array([0.02193849, 0.03465572, 0.06530881]), 'ndcg': array([0.01098153, 0.01415049, 0.02021211])}
2024-06-24 18:06:39,989 - JuRanModel - INFO - epoch:2	batch:0	bpr_loss:0.3766743540763855	l2_loss:7.029449462890625	cl_loss:6.7218732833862305	all_loss:0.380738228559494
2024-06-24 18:08:44,854 - JuRanModel - INFO - epoch:2	batch:100	bpr_loss:0.32887184619903564	l2_loss:8.537517547607422	cl_loss:6.69171142578125	all_loss:0.33307144045829773
2024-06-24 18:10:49,730 - JuRanModel - INFO - epoch:2	batch:200	bpr_loss:0.2908727526664734	l2_loss:10.024343490600586	cl_loss:6.665229797363281	all_loss:0.29520779848098755
2024-06-24 18:12:53,675 - JuRanModel - INFO - epoch:2	batch:300	bpr_loss:0.2736191153526306	l2_loss:11.406435012817383	cl_loss:6.6452107429504395	all_loss:0.27808237075805664
2024-06-24 18:15:39,000 - JuRanModel - INFO - {'precision': array([0.00276131, 0.00218878, 0.00156559]), 'recall': array([0.02761311, 0.04377565, 0.07827937]), 'ndcg': array([0.01373783, 0.01778803, 0.0246049 ])}
2024-06-24 18:15:49,244 - JuRanModel - INFO - epoch:3	batch:0	bpr_loss:0.25080767273902893	l2_loss:12.25759506225586	cl_loss:6.636991500854492	all_loss:0.2553519308567047
2024-06-24 18:17:56,311 - JuRanModel - INFO - epoch:3	batch:100	bpr_loss:0.2413913905620575	l2_loss:13.530014991760254	cl_loss:6.622859001159668	all_loss:0.24605581164360046
2024-06-24 18:20:05,605 - JuRanModel - INFO - epoch:3	batch:200	bpr_loss:0.21747232973575592	l2_loss:14.591033935546875	cl_loss:6.61211633682251	all_loss:0.2222374975681305
2024-06-24 18:22:10,997 - JuRanModel - INFO - epoch:3	batch:300	bpr_loss:0.19963039457798004	l2_loss:15.757659912109375	cl_loss:6.602775573730469	all_loss:0.20450754463672638
2024-06-24 18:24:54,202 - JuRanModel - INFO - {'precision': array([0.00292851, 0.00237878, 0.00178548]), 'recall': array([0.0292851 , 0.04757562, 0.08927395]), 'ndcg': array([0.01505111, 0.01963701, 0.02784388])}
2024-06-24 18:25:04,409 - JuRanModel - INFO - epoch:4	batch:0	bpr_loss:0.20171216130256653	l2_loss:16.22195053100586	cl_loss:6.596528053283691	all_loss:0.20663262903690338
2024-06-24 18:27:45,690 - JuRanModel - INFO - epoch:4	batch:100	bpr_loss:0.19053080677986145	l2_loss:17.390186309814453	cl_loss:6.589722633361816	all_loss:0.19556468725204468
2024-06-24 18:32:57,831 - JuRanModel - INFO - epoch:4	batch:200	bpr_loss:0.17535272240638733	l2_loss:18.453134536743164	cl_loss:6.583560943603516	all_loss:0.18048982322216034
2024-06-24 18:37:08,285 - JuRanModel - INFO - epoch:4	batch:300	bpr_loss:0.1714782416820526	l2_loss:19.341833114624023	cl_loss:6.576460361480713	all_loss:0.1767006516456604
2024-06-24 18:39:52,730 - JuRanModel - INFO - {'precision': array([0.00306024, 0.00255865, 0.00192836]), 'recall': array([0.03060242, 0.05117292, 0.0964179 ]), 'ndcg': array([0.0159924 , 0.02114658, 0.03001738])}
2024-06-24 18:40:03,366 - JuRanModel - INFO - epoch:5	batch:0	bpr_loss:0.1640961766242981	l2_loss:19.813770294189453	cl_loss:6.573264122009277	all_loss:0.16936418414115906
2024-06-24 18:42:11,419 - JuRanModel - INFO - epoch:5	batch:100	bpr_loss:0.1700330674648285	l2_loss:20.619590759277344	cl_loss:6.567976474761963	all_loss:0.17537902295589447
2024-06-24 18:45:21,940 - JuRanModel - INFO - epoch:5	batch:200	bpr_loss:0.15699437260627747	l2_loss:21.59609603881836	cl_loss:6.565089702606201	all_loss:0.16243652999401093
2024-06-24 18:47:32,329 - JuRanModel - INFO - epoch:5	batch:300	bpr_loss:0.1491217315196991	l2_loss:22.398334503173828	cl_loss:6.560817718505859	all_loss:0.1546419858932495
2024-06-24 18:50:21,271 - JuRanModel - INFO - {'precision': array([0.00323251, 0.00265491, 0.00203172]), 'recall': array([0.03232507, 0.05309824, 0.10158585]), 'ndcg': array([0.01677449, 0.0220135 , 0.03152989])}
2024-06-24 18:50:31,718 - JuRanModel - INFO - epoch:6	batch:0	bpr_loss:0.15793490409851074	l2_loss:22.546724319458008	cl_loss:6.557756423950195	all_loss:0.16346845030784607
2024-06-24 18:52:49,180 - JuRanModel - INFO - epoch:6	batch:100	bpr_loss:0.14818662405014038	l2_loss:23.395408630371094	cl_loss:6.552704334259033	all_loss:0.1538025140762329
2024-06-24 18:54:50,192 - JuRanModel - INFO - epoch:6	batch:200	bpr_loss:0.14661896228790283	l2_loss:24.036449432373047	cl_loss:6.550154209136963	all_loss:0.15229769051074982
2024-06-24 18:56:51,790 - JuRanModel - INFO - epoch:6	batch:300	bpr_loss:0.1349770575761795	l2_loss:24.770076751708984	cl_loss:6.546704292297363	all_loss:0.14072741568088531
2024-06-24 18:59:27,315 - JuRanModel - INFO - {'precision': array([0.00336931, 0.00274611, 0.00208948]), 'recall': array([0.03369306, 0.05492223, 0.10447383]), 'ndcg': array([0.0174228 , 0.02277382, 0.03248123])}
2024-06-24 18:59:37,535 - JuRanModel - INFO - epoch:7	batch:0	bpr_loss:0.1255594789981842	l2_loss:25.237009048461914	cl_loss:6.54540491104126	all_loss:0.131355881690979
2024-06-24 19:01:38,863 - JuRanModel - INFO - epoch:7	batch:100	bpr_loss:0.13193818926811218	l2_loss:25.825647354125977	cl_loss:6.542141914367676	all_loss:0.13779182732105255
2024-06-24 19:03:40,341 - JuRanModel - INFO - epoch:7	batch:200	bpr_loss:0.13661780953407288	l2_loss:26.37929344177246	cl_loss:6.5389299392700195	all_loss:0.14252519607543945
2024-06-24 19:05:41,433 - JuRanModel - INFO - epoch:7	batch:300	bpr_loss:0.12948864698410034	l2_loss:27.075469970703125	cl_loss:6.537274360656738	all_loss:0.1354648321866989
2024-06-24 19:08:16,358 - JuRanModel - INFO - {'precision': array([0.00349091, 0.00281451, 0.0021594 ]), 'recall': array([0.03490905, 0.05629022, 0.1079698 ]), 'ndcg': array([0.01773214, 0.02310591, 0.03323156])}
2024-06-24 19:08:26,568 - JuRanModel - INFO - epoch:8	batch:0	bpr_loss:0.13207080960273743	l2_loss:27.204626083374023	cl_loss:6.535327434539795	all_loss:0.13805893063545227
2024-06-24 19:10:28,142 - JuRanModel - INFO - epoch:8	batch:100	bpr_loss:0.11752329021692276	l2_loss:27.852754592895508	cl_loss:6.533875465393066	all_loss:0.12357550114393234
2024-06-24 19:12:29,606 - JuRanModel - INFO - epoch:8	batch:200	bpr_loss:0.11163651198148727	l2_loss:28.466094970703125	cl_loss:6.530947685241699	all_loss:0.11774858832359314
2024-06-24 19:14:30,788 - JuRanModel - INFO - epoch:8	batch:300	bpr_loss:0.12090913951396942	l2_loss:28.804813385009766	cl_loss:6.529921054840088	all_loss:0.1270545870065689
2024-06-24 19:17:06,787 - JuRanModel - INFO - {'precision': array([0.00348077, 0.00289051, 0.0022131 ]), 'recall': array([0.03480772, 0.0578102 , 0.11065511]), 'ndcg': array([0.01766222, 0.0234443 , 0.03378339])}
2024-06-24 19:17:16,962 - JuRanModel - INFO - epoch:9	batch:0	bpr_loss:0.11341806501150131	l2_loss:29.119441986083984	cl_loss:6.528247833251953	all_loss:0.11959413439035416
2024-06-24 19:19:18,285 - JuRanModel - INFO - epoch:9	batch:100	bpr_loss:0.1149430125951767	l2_loss:29.78064727783203	cl_loss:6.5267653465271	all_loss:0.12118446081876755
2024-06-24 19:21:22,237 - JuRanModel - INFO - epoch:9	batch:200	bpr_loss:0.10612545907497406	l2_loss:30.38478660583496	cl_loss:6.525108337402344	all_loss:0.11242649704217911
2024-06-24 19:23:30,130 - JuRanModel - INFO - epoch:9	batch:300	bpr_loss:0.09827829897403717	l2_loss:30.885498046875	cl_loss:6.523530006408691	all_loss:0.10462861508131027
2024-06-24 19:26:18,378 - JuRanModel - INFO - {'precision': array([0.00357197, 0.00298678, 0.00224654]), 'recall': array([0.03571971, 0.05973552, 0.1123271 ]), 'ndcg': array([0.01813149, 0.02413383, 0.03443897])}
2024-06-24 19:26:28,824 - JuRanModel - INFO - epoch:10	batch:0	bpr_loss:0.10341598093509674	l2_loss:31.022308349609375	cl_loss:6.523171901702881	all_loss:0.10977979749441147
2024-06-24 19:28:34,465 - JuRanModel - INFO - epoch:10	batch:100	bpr_loss:0.10888125002384186	l2_loss:31.461273193359375	cl_loss:6.521707534790039	all_loss:0.11528822779655457
2024-06-24 19:30:41,243 - JuRanModel - INFO - epoch:10	batch:200	bpr_loss:0.10487120598554611	l2_loss:31.867361068725586	cl_loss:6.519814491271973	all_loss:0.11131784319877625
2024-06-24 19:32:49,079 - JuRanModel - INFO - epoch:10	batch:300	bpr_loss:0.10489637404680252	l2_loss:32.4605712890625	cl_loss:6.518178462982178	all_loss:0.1114015206694603
2024-06-24 19:35:35,522 - JuRanModel - INFO - {'precision': array([0.0036733 , 0.00305011, 0.00230937]), 'recall': array([0.03673304, 0.06100218, 0.11546841]), 'ndcg': array([0.01852507, 0.02460861, 0.03527659])}
2024-06-24 19:35:46,061 - JuRanModel - INFO - epoch:11	batch:0	bpr_loss:0.10109388828277588	l2_loss:32.67937088012695	cl_loss:6.517538070678711	all_loss:0.10762059688568115
2024-06-24 19:37:53,840 - JuRanModel - INFO - epoch:11	batch:100	bpr_loss:0.09574650228023529	l2_loss:32.95834732055664	cl_loss:6.516424179077148	all_loss:0.10230054706335068
2024-06-24 19:39:59,945 - JuRanModel - INFO - epoch:11	batch:200	bpr_loss:0.08908721804618835	l2_loss:33.598209381103516	cl_loss:6.5150604248046875	all_loss:0.0957045704126358
2024-06-24 19:42:06,684 - JuRanModel - INFO - epoch:11	batch:300	bpr_loss:0.09395661950111389	l2_loss:33.718143463134766	cl_loss:6.514212608337402	all_loss:0.10058553516864777
2024-06-24 19:44:54,208 - JuRanModel - INFO - {'precision': array([0.0036429 , 0.00307291, 0.00232761]), 'recall': array([0.03642904, 0.06145818, 0.1163804 ]), 'ndcg': array([0.01854819, 0.02481393, 0.03556221])}
2024-06-24 19:45:04,460 - JuRanModel - INFO - epoch:12	batch:0	bpr_loss:0.09154866635799408	l2_loss:34.31086349487305	cl_loss:6.513626575469971	all_loss:0.0982365682721138
2024-06-24 19:47:10,231 - JuRanModel - INFO - epoch:12	batch:100	bpr_loss:0.10306449234485626	l2_loss:34.31502151489258	cl_loss:6.513418674468994	all_loss:0.10975269973278046
2024-06-24 19:49:17,852 - JuRanModel - INFO - epoch:12	batch:200	bpr_loss:0.09445641934871674	l2_loss:34.98112869262695	cl_loss:6.511628150939941	all_loss:0.1012103483080864
2024-06-24 19:51:23,870 - JuRanModel - INFO - epoch:12	batch:300	bpr_loss:0.0998523011803627	l2_loss:35.21212387084961	cl_loss:6.510295391082764	all_loss:0.1066286638379097
2024-06-24 19:54:10,826 - JuRanModel - INFO - {'precision': array([0.00367837, 0.00309571, 0.00234889]), 'recall': array([0.03678371, 0.06191417, 0.11744439]), 'ndcg': array([0.01862066, 0.02491059, 0.03577007])}
2024-06-24 19:54:21,094 - JuRanModel - INFO - epoch:13	batch:0	bpr_loss:0.10342548787593842	l2_loss:35.760398864746094	cl_loss:6.510143756866455	all_loss:0.11025659739971161
2024-06-24 19:56:28,875 - JuRanModel - INFO - epoch:13	batch:100	bpr_loss:0.09524346143007278	l2_loss:35.80760192871094	cl_loss:6.508125305175781	all_loss:0.10207828134298325
2024-06-24 19:58:35,585 - JuRanModel - INFO - epoch:13	batch:200	bpr_loss:0.09053309261798859	l2_loss:36.323486328125	cl_loss:6.508652687072754	all_loss:0.09741976857185364
2024-06-24 20:00:39,784 - JuRanModel - INFO - epoch:13	batch:300	bpr_loss:0.08911587297916412	l2_loss:36.57542419433594	cl_loss:6.506755828857422	all_loss:0.09602679312229156
2024-06-24 20:03:15,911 - JuRanModel - INFO - {'precision': array([0.00373917, 0.00312358, 0.00241273]), 'recall': array([0.0373917 , 0.0624715 , 0.12063637]), 'ndcg': array([0.01888926, 0.02518398, 0.03659025])}
2024-06-24 20:03:26,293 - JuRanModel - INFO - epoch:14	batch:0	bpr_loss:0.09327948093414307	l2_loss:36.803253173828125	cl_loss:6.505989074707031	all_loss:0.10021280497312546
2024-06-24 20:05:30,546 - JuRanModel - INFO - epoch:14	batch:100	bpr_loss:0.08631668239831924	l2_loss:37.12345886230469	cl_loss:6.506227016448975	all_loss:0.09328214824199677
2024-06-24 20:07:34,891 - JuRanModel - INFO - epoch:14	batch:200	bpr_loss:0.08438622951507568	l2_loss:37.55741882324219	cl_loss:6.50521993637085	all_loss:0.0913945809006691
2024-06-24 20:09:39,052 - JuRanModel - INFO - epoch:14	batch:300	bpr_loss:0.083533376455307	l2_loss:37.92303466796875	cl_loss:6.50432014465332	all_loss:0.09057784080505371
2024-06-24 20:12:25,161 - JuRanModel - INFO - {'precision': array([0.00370877, 0.00321731, 0.00242793]), 'recall': array([0.0370877 , 0.06434615, 0.12139636]), 'ndcg': array([0.01897933, 0.02582913, 0.03700238])}
2024-06-24 20:12:35,540 - JuRanModel - INFO - epoch:15	batch:0	bpr_loss:0.09321773052215576	l2_loss:38.06861114501953	cl_loss:6.504116535186768	all_loss:0.1002766489982605
2024-06-24 20:14:43,292 - JuRanModel - INFO - epoch:15	batch:100	bpr_loss:0.0903705582022667	l2_loss:38.20333480834961	cl_loss:6.5031232833862305	all_loss:0.09744244813919067
2024-06-24 20:16:50,512 - JuRanModel - INFO - epoch:15	batch:200	bpr_loss:0.08542148768901825	l2_loss:38.94316864013672	cl_loss:6.50206995010376	all_loss:0.0925668403506279
2024-06-24 20:18:57,722 - JuRanModel - INFO - epoch:15	batch:300	bpr_loss:0.09044497460126877	l2_loss:38.9361572265625	cl_loss:6.502103805541992	all_loss:0.0975896418094635
2024-06-24 20:21:44,534 - JuRanModel - INFO - {'precision': array([0.0036885 , 0.00317677, 0.00243401]), 'recall': array([0.03688504, 0.06353549, 0.12170036]), 'ndcg': array([0.01880475, 0.02553759, 0.03697413])}
2024-06-24 20:21:54,957 - JuRanModel - INFO - epoch:16	batch:0	bpr_loss:0.08423413336277008	l2_loss:39.02980041503906	cl_loss:6.502203941345215	all_loss:0.09138821810483932
2024-06-24 20:24:02,129 - JuRanModel - INFO - epoch:16	batch:100	bpr_loss:0.08541200309991837	l2_loss:39.463836669921875	cl_loss:6.501047134399414	all_loss:0.09260891377925873
2024-06-24 20:26:08,875 - JuRanModel - INFO - epoch:16	batch:200	bpr_loss:0.07287587970495224	l2_loss:39.742095947265625	cl_loss:6.499917507171631	all_loss:0.08010004460811615
2024-06-24 20:28:15,365 - JuRanModel - INFO - epoch:16	batch:300	bpr_loss:0.0840807631611824	l2_loss:39.91619873046875	cl_loss:6.500210285186768	all_loss:0.09132248908281326
2024-06-24 20:31:00,155 - JuRanModel - INFO - {'precision': array([0.00368344, 0.00321984, 0.00249177]), 'recall': array([0.03683437, 0.06439682, 0.12458834]), 'ndcg': array([0.01886518, 0.02581163, 0.03762971])}
2024-06-24 20:31:10,580 - JuRanModel - INFO - epoch:17	batch:0	bpr_loss:0.07479022443294525	l2_loss:40.21731185913086	cl_loss:6.499063968658447	all_loss:0.08206149190664291
2024-06-24 20:33:16,564 - JuRanModel - INFO - epoch:17	batch:100	bpr_loss:0.08802869915962219	l2_loss:40.62872314453125	cl_loss:6.498501300811768	all_loss:0.09534082561731339
2024-06-24 20:35:21,619 - JuRanModel - INFO - epoch:17	batch:200	bpr_loss:0.07659436762332916	l2_loss:40.89539337158203	cl_loss:6.497974395751953	all_loss:0.08393289893865585
2024-06-24 20:37:26,829 - JuRanModel - INFO - epoch:17	batch:300	bpr_loss:0.07619266957044601	l2_loss:41.08647918701172	cl_loss:6.497557163238525	all_loss:0.0835500955581665
2024-06-24 20:40:12,946 - JuRanModel - INFO - {'precision': array([0.0037493 , 0.00330091, 0.00251001]), 'recall': array([0.03749303, 0.06601814, 0.12550033]), 'ndcg': array([0.01903452, 0.02619098, 0.03785714])}
2024-06-24 20:40:23,188 - JuRanModel - INFO - epoch:18	batch:0	bpr_loss:0.08428128063678741	l2_loss:41.39765548706055	cl_loss:6.497003555297852	all_loss:0.09166955202817917
2024-06-24 20:42:30,260 - JuRanModel - INFO - epoch:18	batch:100	bpr_loss:0.07273009419441223	l2_loss:41.764556884765625	cl_loss:6.496715068817139	all_loss:0.0801549032330513
2024-06-24 20:44:37,802 - JuRanModel - INFO - epoch:18	batch:200	bpr_loss:0.07358114421367645	l2_loss:42.075294494628906	cl_loss:6.496177673339844	all_loss:0.0810367614030838
2024-06-24 20:46:43,805 - JuRanModel - INFO - epoch:18	batch:300	bpr_loss:0.07070817053318024	l2_loss:42.134281158447266	cl_loss:6.495728492736816	all_loss:0.07816946506500244
2024-06-24 20:49:30,331 - JuRanModel - INFO - {'precision': array([0.0038861 , 0.00331104, 0.00253331]), 'recall': array([0.03886102, 0.0662208 , 0.12666565]), 'ndcg': array([0.01931009, 0.02615811, 0.03802555])}
2024-06-24 20:49:40,600 - JuRanModel - INFO - epoch:19	batch:0	bpr_loss:0.0785432830452919	l2_loss:42.381752014160156	cl_loss:6.496191501617432	all_loss:0.086029551923275
2024-06-24 20:51:46,988 - JuRanModel - INFO - epoch:19	batch:100	bpr_loss:0.08425463736057281	l2_loss:42.76852798461914	cl_loss:6.494862079620361	all_loss:0.09177891910076141
2024-06-24 20:53:52,177 - JuRanModel - INFO - epoch:19	batch:200	bpr_loss:0.07304161787033081	l2_loss:42.842803955078125	cl_loss:6.494357109069824	all_loss:0.08057307451963425
2024-06-24 20:55:57,228 - JuRanModel - INFO - epoch:19	batch:300	bpr_loss:0.07499071210622787	l2_loss:43.16001892089844	cl_loss:6.494363784790039	all_loss:0.08255389332771301
2024-06-24 20:58:41,099 - JuRanModel - INFO - {'precision': array([0.00390637, 0.00332117, 0.00256473]), 'recall': array([0.03906369, 0.06642347, 0.12823631]), 'ndcg': array([0.0196285 , 0.02650345, 0.03864324])}
2024-06-24 20:58:51,418 - JuRanModel - INFO - epoch:20	batch:0	bpr_loss:0.07961093634366989	l2_loss:43.38618469238281	cl_loss:6.493973255157471	all_loss:0.08719653636217117
2024-06-24 21:00:56,973 - JuRanModel - INFO - epoch:20	batch:100	bpr_loss:0.0715518593788147	l2_loss:43.540870666503906	cl_loss:6.494091510772705	all_loss:0.07915299385786057
2024-06-24 21:03:01,739 - JuRanModel - INFO - epoch:20	batch:200	bpr_loss:0.06681092828512192	l2_loss:43.88471603393555	cl_loss:6.493203639984131	all_loss:0.07444600760936737
2024-06-24 21:05:06,365 - JuRanModel - INFO - epoch:20	batch:300	bpr_loss:0.0748986303806305	l2_loss:44.06376266479492	cl_loss:6.492242336273193	all_loss:0.08255112916231155
2024-06-24 21:07:54,932 - JuRanModel - INFO - {'precision': array([0.0040229 , 0.00337691, 0.00258398]), 'recall': array([0.04022901, 0.06753813, 0.12919897]), 'ndcg': array([0.02022298, 0.02707577, 0.03918907])}
2024-06-24 21:08:05,016 - JuRanModel - INFO - epoch:21	batch:0	bpr_loss:0.06831353902816772	l2_loss:44.269683837890625	cl_loss:6.492020606994629	all_loss:0.07598651945590973
2024-06-24 21:10:10,271 - JuRanModel - INFO - epoch:21	batch:100	bpr_loss:0.06960973143577576	l2_loss:44.4632568359375	cl_loss:6.4915266036987305	all_loss:0.07730182260274887
2024-06-24 21:12:13,343 - JuRanModel - INFO - epoch:21	batch:200	bpr_loss:0.08184972405433655	l2_loss:44.77663040161133	cl_loss:6.491141319274902	all_loss:0.0895729586482048
2024-06-24 21:14:14,941 - JuRanModel - INFO - epoch:21	batch:300	bpr_loss:0.06573713570833206	l2_loss:45.07603454589844	cl_loss:6.490357398986816	all_loss:0.07348991930484772
2024-06-24 21:16:57,824 - JuRanModel - INFO - {'precision': array([0.0040533 , 0.00340224, 0.00258398]), 'recall': array([0.04053301, 0.06804479, 0.12919897]), 'ndcg': array([0.01999393, 0.02689482, 0.03889502])}
2024-06-24 21:17:08,254 - JuRanModel - INFO - epoch:22	batch:0	bpr_loss:0.06966501474380493	l2_loss:45.23259735107422	cl_loss:6.490684509277344	all_loss:0.07743361592292786
2024-06-24 21:19:27,237 - JuRanModel - INFO - epoch:22	batch:100	bpr_loss:0.06777976453304291	l2_loss:45.32399368286133	cl_loss:6.490517616271973	all_loss:0.0755574181675911
2024-06-24 21:21:39,317 - JuRanModel - INFO - epoch:22	batch:200	bpr_loss:0.07296434789896011	l2_loss:45.82112503051758	cl_loss:6.490429878234863	all_loss:0.08079167455434799
2024-06-24 21:23:50,564 - JuRanModel - INFO - epoch:22	batch:300	bpr_loss:0.06778280436992645	l2_loss:45.90611267089844	cl_loss:6.489742755889893	all_loss:0.07561828196048737
2024-06-24 21:26:39,362 - JuRanModel - INFO - {'precision': array([0.00403303, 0.00341237, 0.00261641]), 'recall': array([0.04033034, 0.06824745, 0.13082029]), 'ndcg': array([0.01999899, 0.02701446, 0.03927132])}
2024-06-24 21:26:49,662 - JuRanModel - INFO - epoch:23	batch:0	bpr_loss:0.06859327852725983	l2_loss:46.19638442993164	cl_loss:6.489890098571777	all_loss:0.07645785808563232
2024-06-24 21:29:08,369 - JuRanModel - INFO - epoch:23	batch:100	bpr_loss:0.06168653815984726	l2_loss:46.124168395996094	cl_loss:6.489480018615723	all_loss:0.06954369693994522
2024-06-24 21:31:27,357 - JuRanModel - INFO - epoch:23	batch:200	bpr_loss:0.06732702255249023	l2_loss:46.415645599365234	cl_loss:6.488873481750488	all_loss:0.07521302253007889
2024-06-24 21:33:47,268 - JuRanModel - INFO - epoch:23	batch:300	bpr_loss:0.06585171818733215	l2_loss:46.81315994262695	cl_loss:6.488899230957031	all_loss:0.07377748936414719
2024-06-24 21:36:42,457 - JuRanModel - INFO - {'precision': array([0.0040229 , 0.00344784, 0.00262046]), 'recall': array([0.04022901, 0.06895678, 0.13102295]), 'ndcg': array([0.01996252, 0.02718277, 0.03936127])}
2024-06-24 21:36:52,663 - JuRanModel - INFO - epoch:24	batch:0	bpr_loss:0.06645425409078598	l2_loss:46.91272735595703	cl_loss:6.48858642578125	all_loss:0.07438982278108597
2024-06-24 21:41:21,669 - JuRanModel - INFO - epoch:24	batch:100	bpr_loss:0.06512229144573212	l2_loss:46.84339141845703	cl_loss:6.488377571105957	all_loss:0.07305081933736801
2024-06-24 22:19:34,853 - JuRanModel - INFO - epoch:24	batch:200	bpr_loss:0.07186594605445862	l2_loss:47.12864685058594	cl_loss:6.4878339767456055	all_loss:0.07982272654771805
2024-06-24 22:24:33,882 - JuRanModel - INFO - epoch:24	batch:300	bpr_loss:0.06408339738845825	l2_loss:47.790138244628906	cl_loss:6.487772464752197	all_loss:0.07210629433393478
2024-06-24 22:27:47,595 - JuRanModel - INFO - {'precision': array([0.00412423, 0.00345037, 0.0026539 ]), 'recall': array([0.04124234, 0.06900745, 0.13269494]), 'ndcg': array([0.02021137, 0.02716184, 0.03967869])}
2024-06-24 22:27:57,647 - JuRanModel - INFO - epoch:25	batch:0	bpr_loss:0.05825303494930267	l2_loss:47.78021240234375	cl_loss:6.486859321594238	all_loss:0.0662744864821434
2024-06-24 22:30:17,720 - JuRanModel - INFO - epoch:25	batch:100	bpr_loss:0.06310861557722092	l2_loss:48.25104522705078	cl_loss:6.4873738288879395	all_loss:0.0711774080991745
2024-06-24 22:35:21,206 - JuRanModel - INFO - epoch:25	batch:200	bpr_loss:0.056094102561473846	l2_loss:48.20490264892578	cl_loss:6.486719131469727	all_loss:0.06415794789791107
2024-06-24 22:40:23,927 - JuRanModel - INFO - epoch:25	batch:300	bpr_loss:0.06736596673727036	l2_loss:48.0914306640625	cl_loss:6.486483573913574	all_loss:0.07541835308074951
2024-06-24 22:44:51,716 - JuRanModel - INFO - {'precision': array([0.0040533 , 0.00346051, 0.00268025]), 'recall': array([0.04053301, 0.06921011, 0.13401226]), 'ndcg': array([0.02030037, 0.02750449, 0.04022328])}
2024-06-24 22:45:01,869 - JuRanModel - INFO - epoch:26	batch:0	bpr_loss:0.06466412544250488	l2_loss:48.57331085205078	cl_loss:6.486298561096191	all_loss:0.07276460528373718
2024-06-24 22:47:04,232 - JuRanModel - INFO - epoch:26	batch:100	bpr_loss:0.06251901388168335	l2_loss:48.701480865478516	cl_loss:6.485990524291992	all_loss:0.07063215225934982
2024-06-24 22:49:06,971 - JuRanModel - INFO - epoch:26	batch:200	bpr_loss:0.05066794157028198	l2_loss:48.86481857299805	cl_loss:6.485845565795898	all_loss:0.05879734456539154
2024-06-24 22:51:09,639 - JuRanModel - INFO - epoch:26	batch:300	bpr_loss:0.06405525654554367	l2_loss:49.059043884277344	cl_loss:6.485622882843018	all_loss:0.07220397144556046
2024-06-24 22:53:43,115 - JuRanModel - INFO - {'precision': array([0.00398237, 0.00343517, 0.00269646]), 'recall': array([0.03982368, 0.06870345, 0.13482292]), 'ndcg': array([0.02014435, 0.02743689, 0.04043213])}
2024-06-24 22:53:53,137 - JuRanModel - INFO - epoch:27	batch:0	bpr_loss:0.061375491321086884	l2_loss:49.32109832763672	cl_loss:6.485827922821045	all_loss:0.069550521671772
2024-06-24 22:55:55,820 - JuRanModel - INFO - epoch:27	batch:100	bpr_loss:0.06250621378421783	l2_loss:49.41301345825195	cl_loss:6.485479831695557	all_loss:0.07069025188684464
2024-06-24 22:57:58,402 - JuRanModel - INFO - epoch:27	batch:200	bpr_loss:0.06200411915779114	l2_loss:49.47246551513672	cl_loss:6.485102653503418	all_loss:0.07019391655921936
2024-06-24 23:00:01,290 - JuRanModel - INFO - epoch:27	batch:300	bpr_loss:0.06569533050060272	l2_loss:49.61844253540039	cl_loss:6.485140800476074	all_loss:0.07389973849058151
2024-06-24 23:02:34,672 - JuRanModel - INFO - {'precision': array([0.00404317, 0.00346304, 0.00269545]), 'recall': array([0.04043168, 0.06926078, 0.13477226]), 'ndcg': array([0.02017132, 0.02740911, 0.04028334])}
2024-06-24 23:02:44,962 - JuRanModel - INFO - epoch:28	batch:0	bpr_loss:0.06675615906715393	l2_loss:50.04376983642578	cl_loss:6.484724998474121	all_loss:0.07500290125608444
2024-06-24 23:04:46,894 - JuRanModel - INFO - epoch:28	batch:100	bpr_loss:0.05752531811594963	l2_loss:50.24425506591797	cl_loss:6.484514236450195	all_loss:0.06579199433326721
2024-06-24 23:06:49,355 - JuRanModel - INFO - epoch:28	batch:200	bpr_loss:0.06979993730783463	l2_loss:50.30852508544922	cl_loss:6.4843950271606445	all_loss:0.07807298749685287
2024-06-24 23:08:51,870 - JuRanModel - INFO - epoch:28	batch:300	bpr_loss:0.07424308359622955	l2_loss:50.74848937988281	cl_loss:6.483982563018799	all_loss:0.08255992829799652
2024-06-24 23:11:25,010 - JuRanModel - INFO - {'precision': array([0.00401783, 0.00351117, 0.00271976]), 'recall': array([0.04017835, 0.07022344, 0.13598825]), 'ndcg': array([0.02032501, 0.02786765, 0.04075607])}
2024-06-24 23:11:35,165 - JuRanModel - INFO - epoch:29	batch:0	bpr_loss:0.06627633422613144	l2_loss:51.02510452270508	cl_loss:6.484365463256836	all_loss:0.07462102174758911
2024-06-24 23:13:37,410 - JuRanModel - INFO - epoch:29	batch:100	bpr_loss:0.05332209914922714	l2_loss:50.98516845703125	cl_loss:6.484519004821777	all_loss:0.06166287511587143
2024-06-24 23:15:39,115 - JuRanModel - INFO - epoch:29	batch:200	bpr_loss:0.061497755348682404	l2_loss:51.048484802246094	cl_loss:6.484218597412109	all_loss:0.06984471529722214
2024-06-24 23:17:41,184 - JuRanModel - INFO - epoch:29	batch:300	bpr_loss:0.05914604663848877	l2_loss:51.291175842285156	cl_loss:6.483607292175293	all_loss:0.06751696765422821
2024-06-24 23:22:12,174 - JuRanModel - INFO - {'precision': array([0.00407357, 0.00351117, 0.00276131]), 'recall': array([0.04073567, 0.07022344, 0.13806556]), 'ndcg': array([0.02042769, 0.0278255 , 0.04112458])}
2024-06-24 23:22:22,789 - JuRanModel - INFO - epoch:30	batch:0	bpr_loss:0.05646117404103279	l2_loss:51.406192779541016	cl_loss:6.483348369598389	all_loss:0.06484346836805344
2024-06-24 23:24:31,811 - JuRanModel - INFO - epoch:30	batch:100	bpr_loss:0.057500164955854416	l2_loss:51.59007263183594	cl_loss:6.482959747314453	all_loss:0.06590065360069275
2024-06-24 23:26:34,351 - JuRanModel - INFO - epoch:30	batch:200	bpr_loss:0.05779271945357323	l2_loss:51.77875518798828	cl_loss:6.482668876647949	all_loss:0.06621193140745163
2024-06-24 23:28:36,724 - JuRanModel - INFO - epoch:30	batch:300	bpr_loss:0.05657888203859329	l2_loss:51.856082916259766	cl_loss:6.482594966888428	all_loss:0.06500578671693802
2024-06-24 23:31:12,973 - JuRanModel - INFO - {'precision': array([0.00407357, 0.00352891, 0.00274206]), 'recall': array([0.04073567, 0.0705781 , 0.1371029 ]), 'ndcg': array([0.02035429, 0.02787093, 0.04092632])}
2024-06-24 23:31:23,005 - JuRanModel - INFO - epoch:31	batch:0	bpr_loss:0.05821697413921356	l2_loss:52.024200439453125	cl_loss:6.482786655426025	all_loss:0.06666078418493271
2024-06-24 23:33:27,843 - JuRanModel - INFO - epoch:31	batch:100	bpr_loss:0.05355866253376007	l2_loss:52.20231628417969	cl_loss:6.4828314781188965	all_loss:0.06202030926942825
2024-06-24 23:35:31,922 - JuRanModel - INFO - epoch:31	batch:200	bpr_loss:0.05825430899858475	l2_loss:52.29812240600586	cl_loss:6.4825568199157715	all_loss:0.06672539561986923
2024-06-24 23:37:36,924 - JuRanModel - INFO - epoch:31	batch:300	bpr_loss:0.049773722887039185	l2_loss:52.8015251159668	cl_loss:6.482373237609863	all_loss:0.05829505994915962
2024-06-24 23:40:14,555 - JuRanModel - INFO - {'precision': array([0.0041141 , 0.0035973 , 0.00276942]), 'recall': array([0.041141  , 0.07194609, 0.13847089]), 'ndcg': array([0.02055075, 0.0283008 , 0.04136197])}
2024-06-24 23:40:24,864 - JuRanModel - INFO - epoch:32	batch:0	bpr_loss:0.052829448133707047	l2_loss:52.7081413269043	cl_loss:6.482578277587891	all_loss:0.0613415502011776
2024-06-24 23:42:29,679 - JuRanModel - INFO - epoch:32	batch:100	bpr_loss:0.05718235298991203	l2_loss:52.87168884277344	cl_loss:6.4816741943359375	all_loss:0.06571035832166672
2024-06-24 23:44:34,851 - JuRanModel - INFO - epoch:32	batch:200	bpr_loss:0.05810055136680603	l2_loss:53.17203903198242	cl_loss:6.481342315673828	all_loss:0.06665842980146408
2024-06-24 23:46:39,968 - JuRanModel - INFO - epoch:32	batch:300	bpr_loss:0.05558014661073685	l2_loss:53.28364562988281	cl_loss:6.481573104858398	all_loss:0.06414929777383804
2024-06-24 23:49:15,468 - JuRanModel - INFO - {'precision': array([0.00416983, 0.00357957, 0.00280792]), 'recall': array([0.04169833, 0.07159143, 0.14039621]), 'ndcg': array([0.02093098, 0.0284237 , 0.04191887])}
2024-06-24 23:49:25,660 - JuRanModel - INFO - epoch:33	batch:0	bpr_loss:0.059611473232507706	l2_loss:53.39387893676758	cl_loss:6.482048988342285	all_loss:0.06819188594818115
2024-06-24 23:51:27,534 - JuRanModel - INFO - epoch:33	batch:100	bpr_loss:0.053563207387924194	l2_loss:53.82416534423828	cl_loss:6.481630325317383	all_loss:0.06218643859028816
2024-06-24 23:53:29,338 - JuRanModel - INFO - epoch:33	batch:200	bpr_loss:0.051010869443416595	l2_loss:53.90644836425781	cl_loss:6.481239318847656	all_loss:0.05964213237166405
2024-06-24 23:55:31,789 - JuRanModel - INFO - epoch:33	batch:300	bpr_loss:0.05519197881221771	l2_loss:53.91781997680664	cl_loss:6.4809441566467285	all_loss:0.06382422894239426
2024-06-24 23:58:05,701 - JuRanModel - INFO - {'precision': array([0.0043269 , 0.0036049 , 0.00283123]), 'recall': array([0.04326899, 0.07209809, 0.14156153]), 'ndcg': array([0.02143344, 0.02865774, 0.04231372])}
2024-06-24 23:58:16,041 - JuRanModel - INFO - epoch:34	batch:0	bpr_loss:0.050156209617853165	l2_loss:53.91490936279297	cl_loss:6.480612754821777	all_loss:0.058788005262613297
2024-06-25 00:00:18,512 - JuRanModel - INFO - epoch:34	batch:100	bpr_loss:0.06369718909263611	l2_loss:54.14922332763672	cl_loss:6.480990409851074	all_loss:0.07235261052846909
2024-06-25 00:02:21,520 - JuRanModel - INFO - epoch:34	batch:200	bpr_loss:0.05184806510806084	l2_loss:54.265220642089844	cl_loss:6.480715274810791	all_loss:0.06051494553685188
2024-06-25 00:04:24,007 - JuRanModel - INFO - epoch:34	batch:300	bpr_loss:0.054093070328235626	l2_loss:54.61680221557617	cl_loss:6.480680465698242	all_loss:0.06279509514570236
2024-06-25 00:06:57,910 - JuRanModel - INFO - {'precision': array([0.00428637, 0.00360997, 0.00283528]), 'recall': array([0.04286366, 0.07219942, 0.1417642 ]), 'ndcg': array([0.02125444, 0.02864503, 0.04230268])}
2024-06-25 00:07:08,066 - JuRanModel - INFO - epoch:35	batch:0	bpr_loss:0.04841802269220352	l2_loss:54.592620849609375	cl_loss:6.480649948120117	all_loss:0.057117611169815063
2024-06-25 00:09:10,935 - JuRanModel - INFO - epoch:35	batch:100	bpr_loss:0.050200507044792175	l2_loss:54.76362609863281	cl_loss:6.4809112548828125	all_loss:0.0589173249900341
2024-06-25 00:11:13,352 - JuRanModel - INFO - epoch:35	batch:200	bpr_loss:0.04481816664338112	l2_loss:55.00523376464844	cl_loss:6.4805402755737305	all_loss:0.05355895683169365
2024-06-25 00:13:14,785 - JuRanModel - INFO - epoch:35	batch:300	bpr_loss:0.05478481948375702	l2_loss:55.347381591796875	cl_loss:6.480377674102783	all_loss:0.06355974823236465
2024-06-25 00:15:48,412 - JuRanModel - INFO - {'precision': array([0.00433197, 0.00359477, 0.00285251]), 'recall': array([0.04331965, 0.07189542, 0.14262553]), 'ndcg': array([0.02134596, 0.02851353, 0.04238738])}
2024-06-25 00:15:58,720 - JuRanModel - INFO - epoch:36	batch:0	bpr_loss:0.058302462100982666	l2_loss:55.41405487060547	cl_loss:6.480118751525879	all_loss:0.0670839250087738
2024-06-25 00:18:01,451 - JuRanModel - INFO - epoch:36	batch:100	bpr_loss:0.04966616630554199	l2_loss:55.585792541503906	cl_loss:6.480077743530273	all_loss:0.05846478417515755
2024-06-25 00:20:04,199 - JuRanModel - INFO - epoch:36	batch:200	bpr_loss:0.05493246018886566	l2_loss:55.4656982421875	cl_loss:6.480171203613281	all_loss:0.06371911615133286
2024-06-25 00:22:06,306 - JuRanModel - INFO - epoch:36	batch:300	bpr_loss:0.04600590094923973	l2_loss:55.73646926879883	cl_loss:6.479745388031006	all_loss:0.05481941998004913
2024-06-25 00:24:39,342 - JuRanModel - INFO - {'precision': array([0.00424077, 0.00363277, 0.00284643]), 'recall': array([0.04240766, 0.07265542, 0.14232153]), 'ndcg': array([0.02105656, 0.02865952, 0.04234821])}
2024-06-25 00:24:49,539 - JuRanModel - INFO - epoch:37	batch:0	bpr_loss:0.050904661417007446	l2_loss:55.74951171875	cl_loss:6.479534149169922	all_loss:0.059719376266002655
2024-06-25 00:26:51,274 - JuRanModel - INFO - epoch:37	batch:100	bpr_loss:0.052991341799497604	l2_loss:56.065208435058594	cl_loss:6.479495048522949	all_loss:0.061837609857320786
2024-06-25 00:28:53,442 - JuRanModel - INFO - epoch:37	batch:200	bpr_loss:0.05126950517296791	l2_loss:56.46372985839844	cl_loss:6.479498863220215	all_loss:0.060155630111694336
2024-06-25 00:30:56,130 - JuRanModel - INFO - epoch:37	batch:300	bpr_loss:0.056609563529491425	l2_loss:56.62273025512695	cl_loss:6.47935676574707	all_loss:0.06551151722669601
2024-06-25 00:33:29,661 - JuRanModel - INFO - {'precision': array([0.00427623, 0.00364544, 0.00285656]), 'recall': array([0.04276232, 0.07290875, 0.14282819]), 'ndcg': array([0.02122627, 0.02881181, 0.04256653])}
2024-06-25 00:33:39,742 - JuRanModel - INFO - epoch:38	batch:0	bpr_loss:0.05711714178323746	l2_loss:56.56919860839844	cl_loss:6.479537010192871	all_loss:0.06601382791996002
2024-06-25 00:35:41,389 - JuRanModel - INFO - epoch:38	batch:100	bpr_loss:0.05204044282436371	l2_loss:56.74018478393555	cl_loss:6.479613304138184	all_loss:0.060954269021749496
2024-06-25 00:37:43,785 - JuRanModel - INFO - epoch:38	batch:200	bpr_loss:0.05037875100970268	l2_loss:56.86539840698242	cl_loss:6.47927188873291	all_loss:0.05930492654442787
2024-06-25 00:39:46,225 - JuRanModel - INFO - epoch:38	batch:300	bpr_loss:0.04902812838554382	l2_loss:57.037418365478516	cl_loss:6.479290962219238	all_loss:0.057971514761447906
2024-06-25 00:42:20,220 - JuRanModel - INFO - {'precision': array([0.00432183, 0.0036049 , 0.00287176]), 'recall': array([0.04321832, 0.07209809, 0.14358818]), 'ndcg': array([0.02155263, 0.0287828 , 0.04286635])}
2024-06-25 00:42:30,399 - JuRanModel - INFO - epoch:39	batch:0	bpr_loss:0.051308900117874146	l2_loss:57.0553092956543	cl_loss:6.479262351989746	all_loss:0.060254063457250595
2024-06-25 00:44:32,764 - JuRanModel - INFO - epoch:39	batch:100	bpr_loss:0.05155278742313385	l2_loss:57.39297103881836	cl_loss:6.479138374328613	all_loss:0.060531653463840485
2024-06-25 00:46:35,157 - JuRanModel - INFO - epoch:39	batch:200	bpr_loss:0.051630910485982895	l2_loss:57.50139236450195	cl_loss:6.4790239334106445	all_loss:0.06062056124210358
2024-06-25 00:48:37,424 - JuRanModel - INFO - epoch:39	batch:300	bpr_loss:0.05683882534503937	l2_loss:57.48936462402344	cl_loss:6.478976249694824	all_loss:0.06582725048065186
2024-06-25 00:51:10,593 - JuRanModel - INFO - {'precision': array([0.00436743, 0.00364037, 0.00289   ]), 'recall': array([0.04367432, 0.07280742, 0.14450018]), 'ndcg': array([0.02163895, 0.02894222, 0.04305202])}
2024-06-25 00:51:20,834 - JuRanModel - INFO - epoch:40	batch:0	bpr_loss:0.05224405229091644	l2_loss:57.57109832763672	cl_loss:6.479283332824707	all_loss:0.06124080345034599
2024-06-25 00:53:23,739 - JuRanModel - INFO - epoch:40	batch:100	bpr_loss:0.05313646048307419	l2_loss:57.72410583496094	cl_loss:6.4783782958984375	all_loss:0.06214806064963341
2024-06-25 00:55:25,696 - JuRanModel - INFO - epoch:40	batch:200	bpr_loss:0.053881704807281494	l2_loss:57.87507629394531	cl_loss:6.478482723236084	all_loss:0.06290845572948456
2024-06-25 00:57:27,436 - JuRanModel - INFO - epoch:40	batch:300	bpr_loss:0.04626316577196121	l2_loss:58.17352294921875	cl_loss:6.478528022766113	all_loss:0.055319782346487045
2024-06-25 01:00:01,521 - JuRanModel - INFO - {'precision': array([0.00427623, 0.00365304, 0.00287683]), 'recall': array([0.04276232, 0.07306075, 0.14384152]), 'ndcg': array([0.02140015, 0.02900444, 0.0429452 ])}
2024-06-25 01:00:11,613 - JuRanModel - INFO - epoch:41	batch:0	bpr_loss:0.04683525860309601	l2_loss:58.56406021118164	cl_loss:6.4785614013671875	all_loss:0.05593094602227211
2024-06-25 01:02:14,902 - JuRanModel - INFO - epoch:41	batch:100	bpr_loss:0.046906184405088425	l2_loss:58.49788284301758	cl_loss:6.478548049926758	all_loss:0.05599524825811386
2024-06-25 01:04:17,634 - JuRanModel - INFO - epoch:41	batch:200	bpr_loss:0.047527723014354706	l2_loss:58.52875518798828	cl_loss:6.478514194488525	all_loss:0.056619852781295776
2024-06-25 01:06:20,024 - JuRanModel - INFO - epoch:41	batch:300	bpr_loss:0.049760036170482635	l2_loss:58.805091857910156	cl_loss:6.47838020324707	all_loss:0.058879733085632324
2024-06-25 01:08:53,589 - JuRanModel - INFO - {'precision': array([0.00428637, 0.0037037 , 0.00288494]), 'recall': array([0.04286366, 0.07407407, 0.14424685]), 'ndcg': array([0.02154018, 0.02935086, 0.04313872])}
2024-06-25 01:09:03,877 - JuRanModel - INFO - epoch:42	batch:0	bpr_loss:0.046036794781684875	l2_loss:58.789031982421875	cl_loss:6.478388786315918	all_loss:0.055154893547296524
2024-06-25 01:11:05,521 - JuRanModel - INFO - epoch:42	batch:100	bpr_loss:0.036678604781627655	l2_loss:59.06846618652344	cl_loss:6.477890968322754	all_loss:0.04582439735531807
2024-06-25 01:13:07,686 - JuRanModel - INFO - epoch:42	batch:200	bpr_loss:0.03894396871328354	l2_loss:58.921730041503906	cl_loss:6.4780426025390625	all_loss:0.04807516187429428
2024-06-25 01:15:10,821 - JuRanModel - INFO - epoch:42	batch:300	bpr_loss:0.05042411759495735	l2_loss:59.387794494628906	cl_loss:6.477841854095459	all_loss:0.05960181728005409
2024-06-25 01:17:44,083 - JuRanModel - INFO - {'precision': array([0.00434717, 0.00370877, 0.0028971 ]), 'recall': array([0.04347165, 0.07417541, 0.14485484]), 'ndcg': array([0.02197179, 0.02961836, 0.04351233])}
2024-06-25 01:17:54,286 - JuRanModel - INFO - epoch:43	batch:0	bpr_loss:0.043853409588336945	l2_loss:59.21824645996094	cl_loss:6.477965831756592	all_loss:0.05301421880722046
2024-06-25 01:19:57,564 - JuRanModel - INFO - epoch:43	batch:100	bpr_loss:0.052142947912216187	l2_loss:59.398895263671875	cl_loss:6.4772539138793945	all_loss:0.06132146343588829
2024-06-25 01:22:00,571 - JuRanModel - INFO - epoch:43	batch:200	bpr_loss:0.052651576697826385	l2_loss:59.72328186035156	cl_loss:6.477646827697754	all_loss:0.061862729489803314
2024-06-25 01:24:03,188 - JuRanModel - INFO - epoch:43	batch:300	bpr_loss:0.048289570957422256	l2_loss:59.6032829284668	cl_loss:6.477795600891113	all_loss:0.05748879536986351
2024-06-25 01:26:36,843 - JuRanModel - INFO - {'precision': array([0.0043725 , 0.0037113 , 0.00292344]), 'recall': array([0.04372498, 0.07422607, 0.14617216]), 'ndcg': array([0.02191425, 0.02954958, 0.04369314])}
2024-06-25 01:26:47,137 - JuRanModel - INFO - epoch:44	batch:0	bpr_loss:0.04183768108487129	l2_loss:59.90727233886719	cl_loss:6.477477550506592	all_loss:0.05106714367866516
2024-06-25 01:28:49,550 - JuRanModel - INFO - epoch:44	batch:100	bpr_loss:0.04571260139346123	l2_loss:59.79157257080078	cl_loss:6.477705478668213	all_loss:0.054930612444877625
2024-06-25 01:30:52,076 - JuRanModel - INFO - epoch:44	batch:200	bpr_loss:0.04001397639513016	l2_loss:60.33319091796875	cl_loss:6.477442741394043	all_loss:0.049286019057035446
2024-06-25 01:32:54,882 - JuRanModel - INFO - epoch:44	batch:300	bpr_loss:0.046996042132377625	l2_loss:60.20224380493164	cl_loss:6.477660179138184	all_loss:0.056255098432302475
2024-06-25 01:35:29,150 - JuRanModel - INFO - {'precision': array([0.00437756, 0.00374677, 0.00290318]), 'recall': array([0.04377565, 0.0749354 , 0.14515884]), 'ndcg': array([0.02200179, 0.029765  , 0.04357239])}
2024-06-25 01:35:39,369 - JuRanModel - INFO - epoch:45	batch:0	bpr_loss:0.044432446360588074	l2_loss:60.31633758544922	cl_loss:6.47725772857666	all_loss:0.0537027083337307
2024-06-25 01:37:42,608 - JuRanModel - INFO - epoch:45	batch:100	bpr_loss:0.044510550796985626	l2_loss:60.64186096191406	cl_loss:6.477427959442139	all_loss:0.053813450038433075
2024-06-25 01:39:44,451 - JuRanModel - INFO - epoch:45	batch:200	bpr_loss:0.048776835203170776	l2_loss:60.489990234375	cl_loss:6.477352142333984	all_loss:0.05806451290845871
2024-06-25 01:41:46,210 - JuRanModel - INFO - epoch:45	batch:300	bpr_loss:0.040840066969394684	l2_loss:60.71280288696289	cl_loss:6.477095127105713	all_loss:0.05014989525079727
2024-06-25 01:44:19,549 - JuRanModel - INFO - {'precision': array([0.0044029 , 0.00370624, 0.00291736]), 'recall': array([0.04402898, 0.07412474, 0.14586817]), 'ndcg': array([0.02232988, 0.02984078, 0.04397443])}
2024-06-25 01:44:29,825 - JuRanModel - INFO - epoch:46	batch:0	bpr_loss:0.05199673771858215	l2_loss:60.96527099609375	cl_loss:6.47691535949707	all_loss:0.061331722885370255
2024-06-25 01:46:32,306 - JuRanModel - INFO - epoch:46	batch:100	bpr_loss:0.04101330414414406	l2_loss:61.20635986328125	cl_loss:6.477057456970215	all_loss:0.050372470170259476
2024-06-25 01:48:34,819 - JuRanModel - INFO - epoch:46	batch:200	bpr_loss:0.04818759113550186	l2_loss:61.32981872558594	cl_loss:6.4769110679626465	all_loss:0.05755902826786041
2024-06-25 01:50:37,621 - JuRanModel - INFO - epoch:46	batch:300	bpr_loss:0.05054975301027298	l2_loss:61.323280334472656	cl_loss:6.476479530334473	all_loss:0.05992031842470169
2024-06-25 01:53:11,166 - JuRanModel - INFO - {'precision': array([0.0044029 , 0.00370117, 0.00292243]), 'recall': array([0.04402898, 0.07402341, 0.1461215 ]), 'ndcg': array([0.02218836, 0.02967831, 0.04389676])}
2024-06-25 01:53:21,402 - JuRanModel - INFO - epoch:47	batch:0	bpr_loss:0.04543052241206169	l2_loss:61.339508056640625	cl_loss:6.476937294006348	all_loss:0.054802943021059036
2024-06-25 01:55:23,972 - JuRanModel - INFO - epoch:47	batch:100	bpr_loss:0.04609612375497818	l2_loss:61.63246154785156	cl_loss:6.476987838745117	all_loss:0.05549786612391472
2024-06-25 01:57:26,303 - JuRanModel - INFO - epoch:47	batch:200	bpr_loss:0.04650488495826721	l2_loss:61.70752716064453	cl_loss:6.476800441741943	all_loss:0.05591403692960739
2024-06-25 01:59:29,145 - JuRanModel - INFO - epoch:47	batch:300	bpr_loss:0.04147991165518761	l2_loss:61.585731506347656	cl_loss:6.47629451751709	all_loss:0.05087663233280182
2024-06-25 02:02:02,898 - JuRanModel - INFO - {'precision': array([0.00439783, 0.00373157, 0.0029123 ]), 'recall': array([0.04397831, 0.0746314 , 0.14561484]), 'ndcg': array([0.02229608, 0.02995606, 0.04393069])}
2024-06-25 02:02:13,049 - JuRanModel - INFO - epoch:48	batch:0	bpr_loss:0.04441819339990616	l2_loss:61.726295471191406	cl_loss:6.476472854614258	all_loss:0.05382905900478363
2024-06-25 02:04:15,362 - JuRanModel - INFO - epoch:48	batch:100	bpr_loss:0.03894967958331108	l2_loss:62.04872131347656	cl_loss:6.476827144622803	all_loss:0.04839296638965607
2024-06-25 02:06:17,735 - JuRanModel - INFO - epoch:48	batch:200	bpr_loss:0.0399412177503109	l2_loss:62.212799072265625	cl_loss:6.476250648498535	all_loss:0.04940062388777733
2024-06-25 02:08:20,854 - JuRanModel - INFO - epoch:48	batch:300	bpr_loss:0.043529659509658813	l2_loss:62.20069122314453	cl_loss:6.475837707519531	all_loss:0.05298764631152153
2024-06-25 02:10:54,663 - JuRanModel - INFO - {'precision': array([0.00442316, 0.00372397, 0.00288899]), 'recall': array([0.04423165, 0.0744794 , 0.14444951]), 'ndcg': array([0.02242837, 0.02996239, 0.04376274])}
2024-06-25 02:11:04,898 - JuRanModel - INFO - epoch:49	batch:0	bpr_loss:0.04604712873697281	l2_loss:62.17015838623047	cl_loss:6.476627349853516	all_loss:0.05550245940685272
2024-06-25 02:13:07,237 - JuRanModel - INFO - epoch:49	batch:100	bpr_loss:0.045813024044036865	l2_loss:62.19179153442383	cl_loss:6.476852893829346	all_loss:0.05527062714099884
2024-06-25 02:15:09,965 - JuRanModel - INFO - epoch:49	batch:200	bpr_loss:0.04313608631491661	l2_loss:62.44784164428711	cl_loss:6.476397514343262	all_loss:0.05261906608939171
2024-06-25 02:17:12,371 - JuRanModel - INFO - epoch:49	batch:300	bpr_loss:0.04443252831697464	l2_loss:62.77056121826172	cl_loss:6.4761199951171875	all_loss:0.05394764244556427
2024-06-25 02:19:45,835 - JuRanModel - INFO - {'precision': array([0.00445356, 0.00368344, 0.00291635]), 'recall': array([0.04453564, 0.07366874, 0.1458175 ]), 'ndcg': array([0.02223816, 0.02953504, 0.04375477])}
2024-06-25 02:19:56,128 - JuRanModel - INFO - epoch:50	batch:0	bpr_loss:0.049532897770404816	l2_loss:62.79597473144531	cl_loss:6.476463317871094	all_loss:0.059050727635622025
2024-06-25 02:21:58,146 - JuRanModel - INFO - epoch:50	batch:100	bpr_loss:0.04327906668186188	l2_loss:62.87775421142578	cl_loss:6.475833415985107	all_loss:0.05280476063489914
2024-06-25 02:23:59,694 - JuRanModel - INFO - epoch:50	batch:200	bpr_loss:0.04544849693775177	l2_loss:62.77307891845703	cl_loss:6.475896835327148	all_loss:0.05496375262737274
2024-06-25 02:26:02,020 - JuRanModel - INFO - epoch:50	batch:300	bpr_loss:0.04317218065261841	l2_loss:63.128448486328125	cl_loss:6.475990295410156	all_loss:0.05272302031517029
2024-06-25 02:28:34,779 - JuRanModel - INFO - {'precision': array([0.00455996, 0.00371384, 0.00292243]), 'recall': array([0.04559964, 0.07427674, 0.1461215 ]), 'ndcg': array([0.02269619, 0.0298394 , 0.04399453])}
2024-06-25 02:28:44,921 - JuRanModel - INFO - epoch:51	batch:0	bpr_loss:0.047581639140844345	l2_loss:63.22449493408203	cl_loss:6.47591495513916	all_loss:0.057142049074172974
2024-06-25 02:30:47,775 - JuRanModel - INFO - epoch:51	batch:100	bpr_loss:0.042340051382780075	l2_loss:63.35543441772461	cl_loss:6.47590446472168	all_loss:0.0519135482609272
2024-06-25 02:32:50,445 - JuRanModel - INFO - epoch:51	batch:200	bpr_loss:0.039591506123542786	l2_loss:63.47700500488281	cl_loss:6.475896835327148	all_loss:0.049177154898643494
2024-06-25 02:34:53,057 - JuRanModel - INFO - epoch:51	batch:300	bpr_loss:0.04245578125119209	l2_loss:63.819114685058594	cl_loss:6.475949764251709	all_loss:0.052075665444135666
2024-06-25 02:37:26,742 - JuRanModel - INFO - {'precision': array([0.0045093 , 0.0036885 , 0.00293358]), 'recall': array([0.04509297, 0.07377008, 0.14667883]), 'ndcg': array([0.02237405, 0.02954101, 0.04386658])}
2024-06-25 02:37:36,941 - JuRanModel - INFO - epoch:52	batch:0	bpr_loss:0.038530439138412476	l2_loss:63.65934753417969	cl_loss:6.476021766662598	all_loss:0.04813438281416893
2024-06-25 02:39:39,661 - JuRanModel - INFO - epoch:52	batch:100	bpr_loss:0.040278881788253784	l2_loss:64.0745849609375	cl_loss:6.475419998168945	all_loss:0.04992404952645302
2024-06-25 02:41:42,072 - JuRanModel - INFO - epoch:52	batch:200	bpr_loss:0.0429411306977272	l2_loss:63.98931121826172	cl_loss:6.475520133972168	all_loss:0.052577823400497437
2024-06-25 02:43:45,041 - JuRanModel - INFO - epoch:52	batch:300	bpr_loss:0.046870164573192596	l2_loss:64.19529724121094	cl_loss:6.475551128387451	all_loss:0.05652746930718422
2024-06-25 02:46:19,306 - JuRanModel - INFO - {'precision': array([0.0044941 , 0.00364037, 0.00291331]), 'recall': array([0.04494097, 0.07280742, 0.1456655 ]), 'ndcg': array([0.02218765, 0.02913955, 0.04349472])}
2024-06-25 02:46:29,331 - JuRanModel - INFO - epoch:53	batch:0	bpr_loss:0.04032354801893234	l2_loss:63.98216247558594	cl_loss:6.475399017333984	all_loss:0.0499594621360302
2024-06-25 02:48:31,854 - JuRanModel - INFO - epoch:53	batch:100	bpr_loss:0.04218263179063797	l2_loss:64.6257553100586	cl_loss:6.475902557373047	all_loss:0.05188315734267235
2024-06-25 02:50:34,769 - JuRanModel - INFO - epoch:53	batch:200	bpr_loss:0.04029315337538719	l2_loss:64.40625762939453	cl_loss:6.475327968597412	all_loss:0.04997144266963005
2024-06-25 02:52:36,546 - JuRanModel - INFO - epoch:53	batch:300	bpr_loss:0.04187200963497162	l2_loss:64.7131576538086	cl_loss:6.474981784820557	all_loss:0.05158081278204918
2024-06-25 02:55:09,568 - JuRanModel - INFO - {'precision': array([0.00448396, 0.00363784, 0.00291331]), 'recall': array([0.04483964, 0.07275675, 0.1456655 ]), 'ndcg': array([0.022157  , 0.02914726, 0.04349393])}
2024-06-25 02:55:19,792 - JuRanModel - INFO - epoch:54	batch:0	bpr_loss:0.044173676520586014	l2_loss:64.56394958496094	cl_loss:6.475528717041016	all_loss:0.05386783555150032
2024-06-25 02:57:21,627 - JuRanModel - INFO - epoch:54	batch:100	bpr_loss:0.04276139289140701	l2_loss:64.75300598144531	cl_loss:6.475228309631348	all_loss:0.05247430503368378
2024-06-25 02:59:23,816 - JuRanModel - INFO - epoch:54	batch:200	bpr_loss:0.04145438224077225	l2_loss:64.84689331054688	cl_loss:6.475120544433594	all_loss:0.05117662996053696
2024-06-25 03:01:26,378 - JuRanModel - INFO - epoch:54	batch:300	bpr_loss:0.03901078179478645	l2_loss:65.02445983886719	cl_loss:6.475071907043457	all_loss:0.04875076562166214
2024-06-25 03:04:00,741 - JuRanModel - INFO - {'precision': array([0.00448396, 0.00369864, 0.00291838]), 'recall': array([0.04483964, 0.07397274, 0.14591883]), 'ndcg': array([0.02212566, 0.02944469, 0.04361855])}
2024-06-25 03:04:10,798 - JuRanModel - INFO - epoch:55	batch:0	bpr_loss:0.03982015326619148	l2_loss:65.10967254638672	cl_loss:6.474941253662109	all_loss:0.04956858977675438
2024-06-25 03:06:13,137 - JuRanModel - INFO - epoch:55	batch:100	bpr_loss:0.036969467997550964	l2_loss:65.22138214111328	cl_loss:6.474950790405273	all_loss:0.04672908037900925
2024-06-25 03:08:15,202 - JuRanModel - INFO - epoch:55	batch:200	bpr_loss:0.0402250699698925	l2_loss:65.14486694335938	cl_loss:6.475098609924316	all_loss:0.04997710511088371
2024-06-25 03:10:17,808 - JuRanModel - INFO - epoch:55	batch:300	bpr_loss:0.035781994462013245	l2_loss:65.05625915527344	cl_loss:6.475147724151611	all_loss:0.0455251969397068
2024-06-25 03:12:52,104 - JuRanModel - INFO - {'precision': array([0.00448903, 0.0037265 , 0.00292243]), 'recall': array([0.04489031, 0.07453007, 0.1461215 ]), 'ndcg': array([0.02216057, 0.02957453, 0.04365976])}
2024-06-25 03:13:02,235 - JuRanModel - INFO - epoch:56	batch:0	bpr_loss:0.03656315058469772	l2_loss:65.19468688964844	cl_loss:6.475076675415039	all_loss:0.04632015526294708
2024-06-25 03:15:04,714 - JuRanModel - INFO - epoch:56	batch:100	bpr_loss:0.04024755209684372	l2_loss:65.416015625	cl_loss:6.474850654602051	all_loss:0.050026580691337585
2024-06-25 03:17:07,040 - JuRanModel - INFO - epoch:56	batch:200	bpr_loss:0.04164601117372513	l2_loss:65.80106353759766	cl_loss:6.474845886230469	all_loss:0.0514635406434536
2024-06-25 03:19:09,382 - JuRanModel - INFO - epoch:56	batch:300	bpr_loss:0.0406438447535038	l2_loss:65.68757629394531	cl_loss:6.475465297698975	all_loss:0.05045033246278763
2024-06-25 03:21:43,592 - JuRanModel - INFO - {'precision': array([0.00451436, 0.00370624, 0.00294979]), 'recall': array([0.04514364, 0.07412474, 0.14748949]), 'ndcg': array([0.02242589, 0.0296919 , 0.04410267])}
2024-06-25 03:21:53,645 - JuRanModel - INFO - epoch:57	batch:0	bpr_loss:0.04663292318582535	l2_loss:65.96733856201172	cl_loss:6.475131988525391	all_loss:0.05646722391247749
2024-06-25 03:23:55,832 - JuRanModel - INFO - epoch:57	batch:100	bpr_loss:0.035070475190877914	l2_loss:66.13030242919922	cl_loss:6.474905014038086	all_loss:0.04492095857858658
2024-06-25 03:25:58,385 - JuRanModel - INFO - epoch:57	batch:200	bpr_loss:0.04056444391608238	l2_loss:66.20853424072266	cl_loss:6.474432945251465	all_loss:0.05042251572012901
2024-06-25 03:28:00,585 - JuRanModel - INFO - epoch:57	batch:300	bpr_loss:0.04146524518728256	l2_loss:66.30677032470703	cl_loss:6.474579811096191	all_loss:0.05133321136236191
2024-06-25 03:30:34,620 - JuRanModel - INFO - {'precision': array([0.00447383, 0.00373157, 0.00294371]), 'recall': array([0.04473831, 0.0746314 , 0.14718549]), 'ndcg': array([0.02214655, 0.02963904, 0.04389916])}
2024-06-25 03:30:44,870 - JuRanModel - INFO - epoch:58	batch:0	bpr_loss:0.040559131652116776	l2_loss:66.2166748046875	cl_loss:6.4748148918151855	all_loss:0.05041820555925369
2024-06-25 03:32:47,749 - JuRanModel - INFO - epoch:58	batch:100	bpr_loss:0.034492529928684235	l2_loss:66.37767791748047	cl_loss:6.4745259284973145	all_loss:0.044367559254169464
2024-06-25 03:34:50,056 - JuRanModel - INFO - epoch:58	batch:200	bpr_loss:0.04034705460071564	l2_loss:66.40625	cl_loss:6.47443151473999	all_loss:0.05022489279508591
2024-06-25 03:36:52,343 - JuRanModel - INFO - epoch:58	batch:300	bpr_loss:0.034504421055316925	l2_loss:66.67332458496094	cl_loss:6.474773406982422	all_loss:0.0444091372191906
2024-06-25 03:39:25,675 - JuRanModel - INFO - {'precision': array([0.00461063, 0.0037493 , 0.00295891]), 'recall': array([0.0461063 , 0.07498607, 0.14794548]), 'ndcg': array([0.02259947, 0.02980208, 0.04412063])}
2024-06-25 03:39:35,710 - JuRanModel - INFO - epoch:59	batch:0	bpr_loss:0.034943051636219025	l2_loss:66.98092651367188	cl_loss:6.474557876586914	all_loss:0.04487842321395874
2024-06-25 03:41:38,238 - JuRanModel - INFO - epoch:59	batch:100	bpr_loss:0.03956115245819092	l2_loss:66.74473571777344	cl_loss:6.47445821762085	all_loss:0.04947285354137421
2024-06-25 03:43:41,088 - JuRanModel - INFO - epoch:59	batch:200	bpr_loss:0.037985146045684814	l2_loss:67.14840698242188	cl_loss:6.474761009216309	all_loss:0.04793736711144447
2024-06-25 03:45:43,741 - JuRanModel - INFO - epoch:59	batch:300	bpr_loss:0.03570125997066498	l2_loss:67.25636291503906	cl_loss:6.474509239196777	all_loss:0.04566415026783943
2024-06-25 03:48:17,928 - JuRanModel - INFO - {'precision': array([0.00459036, 0.00374424, 0.00297715]), 'recall': array([0.04590363, 0.07488473, 0.14885748]), 'ndcg': array([0.02245804, 0.02968845, 0.04421482])}
2024-06-25 03:48:28,125 - JuRanModel - INFO - epoch:60	batch:0	bpr_loss:0.039816368371248245	l2_loss:67.238037109375	cl_loss:6.474365711212158	all_loss:0.049777355045080185
2024-06-25 03:50:30,977 - JuRanModel - INFO - epoch:60	batch:100	bpr_loss:0.041125670075416565	l2_loss:67.27837371826172	cl_loss:6.47418212890625	all_loss:0.05109059810638428
2024-06-25 03:52:32,547 - JuRanModel - INFO - epoch:60	batch:200	bpr_loss:0.04144719988107681	l2_loss:67.47026824951172	cl_loss:6.474236488342285	all_loss:0.05143134295940399
2024-06-25 03:54:34,794 - JuRanModel - INFO - epoch:60	batch:300	bpr_loss:0.03269948810338974	l2_loss:67.60990905761719	cl_loss:6.474349498748779	all_loss:0.04269765317440033
2024-06-25 03:57:08,399 - JuRanModel - INFO - {'precision': array([0.00451436, 0.00382277, 0.00298931]), 'recall': array([0.04514364, 0.07645539, 0.14946547]), 'ndcg': array([0.02228355, 0.03010314, 0.04440344])}
2024-06-25 03:57:18,561 - JuRanModel - INFO - epoch:61	batch:0	bpr_loss:0.045736320316791534	l2_loss:67.41493225097656	cl_loss:6.4741597175598145	all_loss:0.05571489408612251
2024-06-25 03:59:21,281 - JuRanModel - INFO - epoch:61	batch:100	bpr_loss:0.03165050595998764	l2_loss:67.6019515991211	cl_loss:6.474128723144531	all_loss:0.041647765785455704
2024-06-25 04:01:23,079 - JuRanModel - INFO - epoch:61	batch:200	bpr_loss:0.03441885486245155	l2_loss:67.76716613769531	cl_loss:6.473925590515137	all_loss:0.04443253576755524
2024-06-25 04:03:25,410 - JuRanModel - INFO - epoch:61	batch:300	bpr_loss:0.03840166702866554	l2_loss:67.71260070800781	cl_loss:6.474285125732422	all_loss:0.048410069197416306
2024-06-25 04:05:58,383 - JuRanModel - INFO - {'precision': array([0.00456503, 0.00381517, 0.00299134]), 'recall': array([0.0456503 , 0.07630339, 0.1495668 ]), 'ndcg': array([0.02238434, 0.03002112, 0.04435713])}
2024-06-25 04:06:08,576 - JuRanModel - INFO - epoch:62	batch:0	bpr_loss:0.03846991807222366	l2_loss:67.93290710449219	cl_loss:6.473928451538086	all_loss:0.048500172793865204
2024-06-25 04:08:11,144 - JuRanModel - INFO - epoch:62	batch:100	bpr_loss:0.03891758620738983	l2_loss:67.91421508789062	cl_loss:6.473951816558838	all_loss:0.04894598200917244
2024-06-25 04:10:13,615 - JuRanModel - INFO - epoch:62	batch:200	bpr_loss:0.03492189943790436	l2_loss:68.17281341552734	cl_loss:6.474026679992676	all_loss:0.04497619345784187
2024-06-25 04:12:15,815 - JuRanModel - INFO - epoch:62	batch:300	bpr_loss:0.03871558606624603	l2_loss:68.45394897460938	cl_loss:6.474213600158691	all_loss:0.0487980879843235
2024-06-25 04:14:48,937 - JuRanModel - INFO - {'precision': array([0.00454983, 0.00373917, 0.00296499]), 'recall': array([0.0454983 , 0.0747834 , 0.14824948]), 'ndcg': array([0.02222694, 0.02957997, 0.04401849])}
2024-06-25 04:14:59,017 - JuRanModel - INFO - epoch:63	batch:0	bpr_loss:0.03502662479877472	l2_loss:68.5660171508789	cl_loss:6.4742021560668945	all_loss:0.04512032866477966
2024-06-25 04:17:01,488 - JuRanModel - INFO - epoch:63	batch:100	bpr_loss:0.03492635115981102	l2_loss:68.40872192382812	cl_loss:6.474067687988281	all_loss:0.045004259794950485
2024-06-25 04:19:04,671 - JuRanModel - INFO - epoch:63	batch:200	bpr_loss:0.03649980574846268	l2_loss:68.39830780029297	cl_loss:6.473842620849609	all_loss:0.04657655954360962
2024-06-25 04:21:07,285 - JuRanModel - INFO - epoch:63	batch:300	bpr_loss:0.035772696137428284	l2_loss:68.4840316772461	cl_loss:6.47371768951416	all_loss:0.04585795849561691
2024-06-25 04:23:40,465 - JuRanModel - INFO - {'precision': array([0.00451943, 0.00379744, 0.00298222]), 'recall': array([0.04519431, 0.07594873, 0.14911081]), 'ndcg': array([0.02200289, 0.02968872, 0.0440216 ])}
2024-06-25 04:23:50,678 - JuRanModel - INFO - epoch:64	batch:0	bpr_loss:0.037519216537475586	l2_loss:68.5826416015625	cl_loss:6.473749160766602	all_loss:0.04761435464024544
2024-06-25 04:25:53,126 - JuRanModel - INFO - epoch:64	batch:100	bpr_loss:0.038024548441171646	l2_loss:69.046142578125	cl_loss:6.473696708679199	all_loss:0.04816601052880287
2024-06-25 04:27:55,495 - JuRanModel - INFO - epoch:64	batch:200	bpr_loss:0.041009485721588135	l2_loss:68.73021697998047	cl_loss:6.474503993988037	all_loss:0.05111975967884064
2024-06-25 04:29:58,233 - JuRanModel - INFO - epoch:64	batch:300	bpr_loss:0.03962958604097366	l2_loss:69.243408203125	cl_loss:6.473907470703125	all_loss:0.0497908778488636
2024-06-25 04:32:32,329 - JuRanModel - INFO - {'precision': array([0.00449916, 0.00376197, 0.00298728]), 'recall': array([0.04499164, 0.0752394 , 0.14936414]), 'ndcg': array([0.02184146, 0.02940949, 0.04393702])}
2024-06-25 04:32:42,448 - JuRanModel - INFO - epoch:65	batch:0	bpr_loss:0.0353311263024807	l2_loss:69.10792541503906	cl_loss:6.474043369293213	all_loss:0.0454789400100708
2024-06-25 04:34:44,585 - JuRanModel - INFO - epoch:65	batch:100	bpr_loss:0.03799423575401306	l2_loss:69.27119445800781	cl_loss:6.473692893981934	all_loss:0.048158198595047
2024-06-25 04:36:46,594 - JuRanModel - INFO - epoch:65	batch:200	bpr_loss:0.03744528442621231	l2_loss:69.17708587646484	cl_loss:6.473936080932617	all_loss:0.04759996011853218
2024-06-25 04:38:49,557 - JuRanModel - INFO - epoch:65	batch:300	bpr_loss:0.03806653618812561	l2_loss:69.48831176757812	cl_loss:6.473654747009277	all_loss:0.04825219511985779
2024-06-25 04:41:22,593 - JuRanModel - INFO - {'precision': array([0.0044941 , 0.00372144, 0.00296702]), 'recall': array([0.04494097, 0.07442874, 0.14835081]), 'ndcg': array([0.02168332, 0.02908835, 0.0436185 ])}
2024-06-25 04:41:32,713 - JuRanModel - INFO - epoch:66	batch:0	bpr_loss:0.03851346671581268	l2_loss:69.2208023071289	cl_loss:6.473849296569824	all_loss:0.048672471195459366
2024-06-25 04:43:35,677 - JuRanModel - INFO - epoch:66	batch:100	bpr_loss:0.03939957171678543	l2_loss:69.78143310546875	cl_loss:6.474020957946777	all_loss:0.04961472377181053
2024-06-25 04:45:38,312 - JuRanModel - INFO - epoch:66	batch:200	bpr_loss:0.04024484008550644	l2_loss:69.58003234863281	cl_loss:6.473164081573486	all_loss:0.05043942481279373
2024-06-25 04:47:40,517 - JuRanModel - INFO - epoch:66	batch:300	bpr_loss:0.035305727273225784	l2_loss:69.83666229248047	cl_loss:6.473706245422363	all_loss:0.04552624747157097
2024-06-25 04:50:13,877 - JuRanModel - INFO - {'precision': array([0.00445863, 0.00376957, 0.00295891]), 'recall': array([0.04458631, 0.0753914 , 0.14794548]), 'ndcg': array([0.02164825, 0.02936841, 0.043631  ])}
2024-06-25 04:50:23,914 - JuRanModel - INFO - epoch:67	batch:0	bpr_loss:0.032792385667562485	l2_loss:69.72821044921875	cl_loss:6.473499774932861	all_loss:0.04300195723772049
2024-06-25 04:52:26,010 - JuRanModel - INFO - epoch:67	batch:100	bpr_loss:0.038645751774311066	l2_loss:69.97006225585938	cl_loss:6.473592758178711	all_loss:0.04887955263257027
2024-06-25 04:54:28,717 - JuRanModel - INFO - epoch:67	batch:200	bpr_loss:0.03148774802684784	l2_loss:69.90335845947266	cl_loss:6.473321914672852	all_loss:0.04171474650502205
2024-06-25 04:56:31,358 - JuRanModel - INFO - epoch:67	batch:300	bpr_loss:0.036818064749240875	l2_loss:70.10264587402344	cl_loss:6.473301887512207	all_loss:0.04706498235464096
2024-06-25 04:59:04,365 - JuRanModel - INFO - {'precision': array([0.0045245 , 0.00375944, 0.00297208]), 'recall': array([0.04524497, 0.07518873, 0.14860414]), 'ndcg': array([0.02208729, 0.02958888, 0.04402751])}
2024-06-25 04:59:14,588 - JuRanModel - INFO - epoch:68	batch:0	bpr_loss:0.03695779666304588	l2_loss:70.15462493896484	cl_loss:6.473616123199463	all_loss:0.04721006751060486
2024-06-25 05:01:17,297 - JuRanModel - INFO - epoch:68	batch:100	bpr_loss:0.03464142605662346	l2_loss:70.37860107421875	cl_loss:6.473260879516602	all_loss:0.04491591453552246
2024-06-25 05:03:20,579 - JuRanModel - INFO - epoch:68	batch:200	bpr_loss:0.03909379616379738	l2_loss:70.39921569824219	cl_loss:6.473752498626709	all_loss:0.04937059432268143
2024-06-25 05:05:23,051 - JuRanModel - INFO - epoch:68	batch:300	bpr_loss:0.03552050143480301	l2_loss:70.71414947509766	cl_loss:6.473573684692383	all_loss:0.04582870006561279
2024-06-25 05:07:56,936 - JuRanModel - INFO - {'precision': array([0.00442316, 0.0037493 , 0.00296094]), 'recall': array([0.04423165, 0.07498607, 0.14804682]), 'ndcg': array([0.02161731, 0.02934145, 0.0437491 ])}
2024-06-25 05:07:56,991 - JuRanModel - INFO - End. Best epoch 058: HR = 0.0461, NDCG = 0.0226 in invalid data
