2024-06-23 16:59:32,953 - JuRanModel - INFO - {'latent_dim': 64, 'bpr_batch': 4096, 'n_layers': 2, 'lr': 0.001, 'test_batch': 128, 'path': './checkpoints', 'topks': '[10,20,50]', 'load': 1, 'epochs': 200, 'multicore': 1, 'pretrain': 0, 'seed': 2024, 'model': 'lgn', 'keep_prob': 0.3, 'dropout_bool': 0, 'groups': 3, 'neg': 1, 'projection_dim': 16, 'projection_dropout': 0.5, 'gpu_id': '0', 'dataset': 'wechat', 'l2_w': 0.0001, 'cl_w': 0.0005, 'cl_temp': 0.5, 'single': 0}
2024-06-23 16:59:43,640 - JuRanModel - INFO - epoch:0	batch:0	bpr_loss:0.692905068397522	l2_loss:1.5989216566085815	cl_loss:8.35822582244873	all_loss:0.6972441077232361
2024-06-23 17:01:47,100 - JuRanModel - INFO - epoch:0	batch:100	bpr_loss:0.6917874813079834	l2_loss:1.6348706483840942	cl_loss:7.636972904205322	all_loss:0.6957694888114929
2024-06-23 17:03:50,401 - JuRanModel - INFO - epoch:0	batch:200	bpr_loss:0.6882756948471069	l2_loss:1.6985810995101929	cl_loss:7.321643829345703	all_loss:0.6921063661575317
2024-06-23 17:05:52,509 - JuRanModel - INFO - epoch:0	batch:300	bpr_loss:0.6771578788757324	l2_loss:1.8615891933441162	cl_loss:7.0902252197265625	all_loss:0.6808891296386719
2024-06-23 17:07:57,110 - JuRanModel - INFO - {'precision': array([0.00167199, 0.00127679, 0.00092415]), 'recall': array([0.01671987, 0.0255358 , 0.04620763]), 'ndcg': array([0.00835421, 0.01055813, 0.01462077])}
2024-06-23 17:07:57,180 - JuRanModel - INFO - EPOCH[1/200] loss0.690
2024-06-23 17:08:07,296 - JuRanModel - INFO - epoch:1	batch:0	bpr_loss:0.6583352088928223	l2_loss:2.0651137828826904	cl_loss:7.006330966949463	all_loss:0.662044882774353
2024-06-23 17:10:12,056 - JuRanModel - INFO - epoch:1	batch:100	bpr_loss:0.5799568891525269	l2_loss:2.891538143157959	cl_loss:6.882483959197998	all_loss:0.5836872458457947
2024-06-23 17:12:15,763 - JuRanModel - INFO - epoch:1	batch:200	bpr_loss:0.4835445284843445	l2_loss:4.357290267944336	cl_loss:6.802399635314941	all_loss:0.4873814582824707
2024-06-23 17:14:20,874 - JuRanModel - INFO - epoch:1	batch:300	bpr_loss:0.40618419647216797	l2_loss:6.060014724731445	cl_loss:6.744200706481934	all_loss:0.4101622998714447
2024-06-23 17:16:25,345 - JuRanModel - INFO - {'precision': array([0.00254345, 0.00194305, 0.00145514]), 'recall': array([0.02543446, 0.03886102, 0.07275675]), 'ndcg': array([0.01253287, 0.01590382, 0.02253352])}
2024-06-23 17:16:25,410 - JuRanModel - INFO - EPOCH[2/200] loss0.515
2024-06-23 17:16:35,464 - JuRanModel - INFO - epoch:2	batch:0	bpr_loss:0.3766743540763855	l2_loss:7.029449462890625	cl_loss:6.7218732833862305	all_loss:0.380738228559494
2024-06-23 17:18:38,609 - JuRanModel - INFO - epoch:2	batch:100	bpr_loss:0.32887184619903564	l2_loss:8.537517547607422	cl_loss:6.69171142578125	all_loss:0.33307144045829773
2024-06-23 17:20:40,882 - JuRanModel - INFO - epoch:2	batch:200	bpr_loss:0.2908727526664734	l2_loss:10.024343490600586	cl_loss:6.665229797363281	all_loss:0.29520779848098755
2024-06-23 17:22:43,060 - JuRanModel - INFO - epoch:2	batch:300	bpr_loss:0.2736191153526306	l2_loss:11.406435012817383	cl_loss:6.6452107429504395	all_loss:0.27808237075805664
2024-06-23 17:24:45,744 - JuRanModel - INFO - {'precision': array([0.00262451, 0.00204438, 0.00156356]), 'recall': array([0.02624512, 0.04088767, 0.07817804]), 'ndcg': array([0.01314269, 0.01682632, 0.02412166])}
2024-06-23 17:24:45,806 - JuRanModel - INFO - EPOCH[3/200] loss0.314
2024-06-23 17:24:55,952 - JuRanModel - INFO - epoch:3	batch:0	bpr_loss:0.2508077025413513	l2_loss:12.25759506225586	cl_loss:6.636991500854492	all_loss:0.2553519606590271
2024-06-23 17:27:00,339 - JuRanModel - INFO - epoch:3	batch:100	bpr_loss:0.2413913905620575	l2_loss:13.530014991760254	cl_loss:6.622859001159668	all_loss:0.24605581164360046
2024-06-23 17:29:04,328 - JuRanModel - INFO - epoch:3	batch:200	bpr_loss:0.21747232973575592	l2_loss:14.591033935546875	cl_loss:6.61211633682251	all_loss:0.2222374975681305
2024-06-23 17:31:07,960 - JuRanModel - INFO - epoch:3	batch:300	bpr_loss:0.19963039457798004	l2_loss:15.757659912109375	cl_loss:6.602776050567627	all_loss:0.20450754463672638
2024-06-23 17:33:12,061 - JuRanModel - INFO - {'precision': array([0.00268025, 0.00215838, 0.0016882 ]), 'recall': array([0.02680245, 0.04316765, 0.08440999]), 'ndcg': array([0.0134478 , 0.01756008, 0.0256145 ])}
2024-06-23 17:33:12,119 - JuRanModel - INFO - EPOCH[4/200] loss0.232
2024-06-23 17:33:22,100 - JuRanModel - INFO - epoch:4	batch:0	bpr_loss:0.20171216130256653	l2_loss:16.22195053100586	cl_loss:6.596528053283691	all_loss:0.20663262903690338
2024-06-23 17:35:27,371 - JuRanModel - INFO - epoch:4	batch:100	bpr_loss:0.19053082168102264	l2_loss:17.390186309814453	cl_loss:6.589722633361816	all_loss:0.19556470215320587
2024-06-23 17:37:30,141 - JuRanModel - INFO - epoch:4	batch:200	bpr_loss:0.17535273730754852	l2_loss:18.453134536743164	cl_loss:6.583560943603516	all_loss:0.18048983812332153
2024-06-23 17:39:32,350 - JuRanModel - INFO - epoch:4	batch:300	bpr_loss:0.1714782416820526	l2_loss:19.341833114624023	cl_loss:6.576460361480713	all_loss:0.1767006516456604
2024-06-23 17:41:36,625 - JuRanModel - INFO - {'precision': array([0.00273091, 0.00223692, 0.00174495]), 'recall': array([0.02730911, 0.04473831, 0.0872473 ]), 'ndcg': array([0.01371214, 0.01807877, 0.02639686])}
2024-06-23 17:41:36,695 - JuRanModel - INFO - EPOCH[5/200] loss0.189
2024-06-23 17:41:46,783 - JuRanModel - INFO - epoch:5	batch:0	bpr_loss:0.1640961915254593	l2_loss:19.813770294189453	cl_loss:6.573264122009277	all_loss:0.16936419904232025
2024-06-23 17:43:50,216 - JuRanModel - INFO - epoch:5	batch:100	bpr_loss:0.1700330674648285	l2_loss:20.61958885192871	cl_loss:6.567976474761963	all_loss:0.17537902295589447
2024-06-23 17:45:52,376 - JuRanModel - INFO - epoch:5	batch:200	bpr_loss:0.15699437260627747	l2_loss:21.59609603881836	cl_loss:6.565089702606201	all_loss:0.16243652999401093
2024-06-23 17:47:54,130 - JuRanModel - INFO - epoch:5	batch:300	bpr_loss:0.1491217315196991	l2_loss:22.398334503173828	cl_loss:6.560817718505859	all_loss:0.1546419858932495
2024-06-23 17:49:57,811 - JuRanModel - INFO - {'precision': array([0.00272584, 0.00231038, 0.00180777]), 'recall': array([0.02725845, 0.04620763, 0.09038861]), 'ndcg': array([0.01379315, 0.0185451 , 0.02719347])}
2024-06-23 17:49:57,863 - JuRanModel - INFO - EPOCH[6/200] loss0.164
2024-06-23 17:50:07,841 - JuRanModel - INFO - epoch:6	batch:0	bpr_loss:0.15793490409851074	l2_loss:22.546722412109375	cl_loss:6.557756423950195	all_loss:0.16346845030784607
2024-06-23 17:52:10,273 - JuRanModel - INFO - epoch:6	batch:100	bpr_loss:0.14818662405014038	l2_loss:23.395408630371094	cl_loss:6.552704811096191	all_loss:0.1538025140762329
2024-06-23 17:54:12,242 - JuRanModel - INFO - epoch:6	batch:200	bpr_loss:0.14661896228790283	l2_loss:24.036447525024414	cl_loss:6.550154209136963	all_loss:0.15229769051074982
2024-06-23 17:56:13,666 - JuRanModel - INFO - epoch:6	batch:300	bpr_loss:0.1349770426750183	l2_loss:24.77007484436035	cl_loss:6.546704292297363	all_loss:0.14072740077972412
2024-06-23 17:58:17,478 - JuRanModel - INFO - {'precision': array([0.00274611, 0.00237625, 0.00181993]), 'recall': array([0.02746111, 0.04752495, 0.09099661]), 'ndcg': array([0.01378868, 0.01883345, 0.0273571 ])}
2024-06-23 17:58:17,541 - JuRanModel - INFO - EPOCH[7/200] loss0.147
2024-06-23 17:58:27,658 - JuRanModel - INFO - epoch:7	batch:0	bpr_loss:0.1255594789981842	l2_loss:25.237010955810547	cl_loss:6.54540491104126	all_loss:0.131355881690979
2024-06-23 18:00:30,071 - JuRanModel - INFO - epoch:7	batch:100	bpr_loss:0.13193818926811218	l2_loss:25.825647354125977	cl_loss:6.542141914367676	all_loss:0.13779182732105255
2024-06-23 18:02:32,540 - JuRanModel - INFO - epoch:7	batch:200	bpr_loss:0.13661780953407288	l2_loss:26.37929344177246	cl_loss:6.538929462432861	all_loss:0.14252519607543945
2024-06-23 18:04:34,489 - JuRanModel - INFO - epoch:7	batch:300	bpr_loss:0.12948866188526154	l2_loss:27.075469970703125	cl_loss:6.537273406982422	all_loss:0.1354648470878601
2024-06-23 18:06:38,299 - JuRanModel - INFO - {'precision': array([0.00281704, 0.00237625, 0.00186148]), 'recall': array([0.02817044, 0.04752495, 0.09307392]), 'ndcg': array([0.01390517, 0.01874872, 0.02765729])}
2024-06-23 18:06:38,361 - JuRanModel - INFO - EPOCH[8/200] loss0.135
2024-06-23 18:06:48,298 - JuRanModel - INFO - epoch:8	batch:0	bpr_loss:0.13207082450389862	l2_loss:27.204626083374023	cl_loss:6.535327911376953	all_loss:0.13805894553661346
2024-06-23 18:08:51,723 - JuRanModel - INFO - epoch:8	batch:100	bpr_loss:0.11752329766750336	l2_loss:27.852754592895508	cl_loss:6.533876419067383	all_loss:0.12357550859451294
2024-06-23 18:10:55,010 - JuRanModel - INFO - epoch:8	batch:200	bpr_loss:0.11163650453090668	l2_loss:28.466093063354492	cl_loss:6.530947685241699	all_loss:0.11774858832359314
2024-06-23 18:12:56,898 - JuRanModel - INFO - epoch:8	batch:300	bpr_loss:0.12090913951396942	l2_loss:28.804813385009766	cl_loss:6.529921531677246	all_loss:0.1270545870065689
2024-06-23 18:15:01,439 - JuRanModel - INFO - {'precision': array([0.00284744, 0.00239145, 0.00186351]), 'recall': array([0.02847444, 0.04782895, 0.09317525]), 'ndcg': array([0.01390998, 0.01877489, 0.02765159])}
2024-06-23 18:15:01,486 - JuRanModel - INFO - EPOCH[9/200] loss0.126
2024-06-23 18:15:11,573 - JuRanModel - INFO - epoch:9	batch:0	bpr_loss:0.1134178638458252	l2_loss:29.11944007873535	cl_loss:6.528247833251953	all_loss:0.11959392577409744
2024-06-23 18:17:13,834 - JuRanModel - INFO - epoch:9	batch:100	bpr_loss:0.1149430125951767	l2_loss:29.780651092529297	cl_loss:6.5267653465271	all_loss:0.12118446081876755
2024-06-23 18:19:15,768 - JuRanModel - INFO - epoch:9	batch:200	bpr_loss:0.10612547397613525	l2_loss:30.384784698486328	cl_loss:6.525108814239502	all_loss:0.1124265119433403
2024-06-23 18:21:18,164 - JuRanModel - INFO - epoch:9	batch:300	bpr_loss:0.09827829897403717	l2_loss:30.885498046875	cl_loss:6.523530006408691	all_loss:0.10462861508131027
2024-06-23 18:23:23,559 - JuRanModel - INFO - {'precision': array([0.00283224, 0.00239905, 0.00190201]), 'recall': array([0.02832244, 0.04798095, 0.09510057]), 'ndcg': array([0.01378351, 0.01872674, 0.02794072])}
2024-06-23 18:23:23,612 - JuRanModel - INFO - EPOCH[10/200] loss0.118
2024-06-23 18:23:33,753 - JuRanModel - INFO - epoch:10	batch:0	bpr_loss:0.10341598838567734	l2_loss:31.022308349609375	cl_loss:6.523171901702881	all_loss:0.10977980494499207
2024-06-23 18:25:36,091 - JuRanModel - INFO - epoch:10	batch:100	bpr_loss:0.10888127237558365	l2_loss:31.461273193359375	cl_loss:6.521707534790039	all_loss:0.11528825014829636
2024-06-23 18:27:38,846 - JuRanModel - INFO - epoch:10	batch:200	bpr_loss:0.10487121343612671	l2_loss:31.867361068725586	cl_loss:6.519814491271973	all_loss:0.11131785064935684
2024-06-23 18:29:39,886 - JuRanModel - INFO - epoch:10	batch:300	bpr_loss:0.10489638149738312	l2_loss:32.4605712890625	cl_loss:6.518178462982178	all_loss:0.1114015281200409
2024-06-23 18:31:43,163 - JuRanModel - INFO - {'precision': array([0.00283224, 0.00241931, 0.00191924]), 'recall': array([0.02832244, 0.04838628, 0.0959619 ]), 'ndcg': array([0.01377771, 0.01881139, 0.02813711])}
2024-06-23 18:31:43,219 - JuRanModel - INFO - EPOCH[11/200] loss0.112
2024-06-23 18:31:53,228 - JuRanModel - INFO - epoch:11	batch:0	bpr_loss:0.10109388083219528	l2_loss:32.67937088012695	cl_loss:6.517538070678711	all_loss:0.10762058943510056
2024-06-23 18:33:55,994 - JuRanModel - INFO - epoch:11	batch:100	bpr_loss:0.09574650228023529	l2_loss:32.95834732055664	cl_loss:6.51642370223999	all_loss:0.10230054706335068
2024-06-23 18:35:58,271 - JuRanModel - INFO - epoch:11	batch:200	bpr_loss:0.08908721059560776	l2_loss:33.598209381103516	cl_loss:6.5150604248046875	all_loss:0.0957045629620552
2024-06-23 18:37:59,959 - JuRanModel - INFO - epoch:11	batch:300	bpr_loss:0.0939566120505333	l2_loss:33.718143463134766	cl_loss:6.514212608337402	all_loss:0.10058552771806717
2024-06-23 18:40:04,636 - JuRanModel - INFO - {'precision': array([0.00282718, 0.00241931, 0.00194052]), 'recall': array([0.02827177, 0.04838628, 0.09702589]), 'ndcg': array([0.01374906, 0.01879875, 0.02834651])}
2024-06-23 18:40:04,696 - JuRanModel - INFO - EPOCH[12/200] loss0.107
2024-06-23 18:40:14,671 - JuRanModel - INFO - epoch:12	batch:0	bpr_loss:0.09154865145683289	l2_loss:34.31086349487305	cl_loss:6.513626575469971	all_loss:0.0982365533709526
2024-06-23 18:42:16,403 - JuRanModel - INFO - epoch:12	batch:100	bpr_loss:0.10306449234485626	l2_loss:34.31502151489258	cl_loss:6.513419151306152	all_loss:0.10975269973278046
2024-06-23 18:44:18,570 - JuRanModel - INFO - epoch:12	batch:200	bpr_loss:0.09445641189813614	l2_loss:34.98112869262695	cl_loss:6.511628150939941	all_loss:0.1012103408575058
2024-06-23 18:46:21,047 - JuRanModel - INFO - epoch:12	batch:300	bpr_loss:0.0998522937297821	l2_loss:35.21212387084961	cl_loss:6.510295391082764	all_loss:0.1066286563873291
2024-06-23 18:48:24,801 - JuRanModel - INFO - {'precision': array([0.00280691, 0.00245478, 0.00195268]), 'recall': array([0.02806911, 0.04909561, 0.09763389]), 'ndcg': array([0.01359716, 0.01886599, 0.02836677])}
2024-06-23 18:48:24,858 - JuRanModel - INFO - EPOCH[13/200] loss0.102
2024-06-23 18:48:34,866 - JuRanModel - INFO - epoch:13	batch:0	bpr_loss:0.10342548787593842	l2_loss:35.760398864746094	cl_loss:6.510143756866455	all_loss:0.11025659739971161
2024-06-23 18:50:37,671 - JuRanModel - INFO - epoch:13	batch:100	bpr_loss:0.09524348378181458	l2_loss:35.80760192871094	cl_loss:6.508125305175781	all_loss:0.10207831114530563
2024-06-23 18:52:40,367 - JuRanModel - INFO - epoch:13	batch:200	bpr_loss:0.09053310751914978	l2_loss:36.323486328125	cl_loss:6.508652687072754	all_loss:0.09741978347301483
2024-06-23 18:54:41,968 - JuRanModel - INFO - epoch:13	batch:300	bpr_loss:0.08911587297916412	l2_loss:36.57542419433594	cl_loss:6.506755828857422	all_loss:0.09602679312229156
2024-06-23 18:56:46,034 - JuRanModel - INFO - {'precision': array([0.00287278, 0.00247251, 0.00196889]), 'recall': array([0.02872777, 0.04945027, 0.09844455]), 'ndcg': array([0.01392811, 0.01911158, 0.0287182 ])}
2024-06-23 18:56:46,090 - JuRanModel - INFO - EPOCH[14/200] loss0.099
2024-06-23 18:56:56,341 - JuRanModel - INFO - epoch:14	batch:0	bpr_loss:0.09327948093414307	l2_loss:36.803253173828125	cl_loss:6.505989074707031	all_loss:0.10021280497312546
2024-06-23 18:58:59,413 - JuRanModel - INFO - epoch:14	batch:100	bpr_loss:0.08631668239831924	l2_loss:37.12345886230469	cl_loss:6.506227016448975	all_loss:0.09328214824199677
2024-06-23 19:01:01,971 - JuRanModel - INFO - epoch:14	batch:200	bpr_loss:0.08438622951507568	l2_loss:37.55741500854492	cl_loss:6.50521993637085	all_loss:0.0913945809006691
2024-06-23 19:03:03,531 - JuRanModel - INFO - epoch:14	batch:300	bpr_loss:0.0835333988070488	l2_loss:37.92303466796875	cl_loss:6.50432014465332	all_loss:0.0905778631567955
2024-06-23 19:05:07,875 - JuRanModel - INFO - {'precision': array([0.00283224, 0.00242691, 0.00198612]), 'recall': array([0.02832244, 0.04853828, 0.09930587]), 'ndcg': array([0.0136533 , 0.01873811, 0.02872017])}
2024-06-23 19:05:07,928 - JuRanModel - INFO - EPOCH[15/200] loss0.095
2024-06-23 19:05:17,983 - JuRanModel - INFO - epoch:15	batch:0	bpr_loss:0.09321773052215576	l2_loss:38.06861114501953	cl_loss:6.504116535186768	all_loss:0.1002766489982605
2024-06-23 19:07:20,451 - JuRanModel - INFO - epoch:15	batch:100	bpr_loss:0.0903705507516861	l2_loss:38.20333480834961	cl_loss:6.5031232833862305	all_loss:0.09744244068861008
2024-06-23 19:09:29,702 - JuRanModel - INFO - epoch:15	batch:200	bpr_loss:0.08542150259017944	l2_loss:38.94316864013672	cl_loss:6.50206995010376	all_loss:0.09256685525178909
2024-06-23 19:14:57,170 - JuRanModel - INFO - epoch:15	batch:300	bpr_loss:0.09044498205184937	l2_loss:38.9361572265625	cl_loss:6.502103805541992	all_loss:0.0975896492600441
2024-06-23 19:20:21,762 - JuRanModel - INFO - {'precision': array([0.00281704, 0.00244465, 0.00196484]), 'recall': array([0.02817044, 0.04889294, 0.09824188]), 'ndcg': array([0.01338627, 0.01856478, 0.02829563])}
2024-06-23 19:20:21,856 - JuRanModel - INFO - EPOCH[16/200] loss0.092
2024-06-23 19:20:52,154 - JuRanModel - INFO - epoch:16	batch:0	bpr_loss:0.08423413336277008	l2_loss:39.02980041503906	cl_loss:6.502203941345215	all_loss:0.09138821810483932
