2024-06-26 16:57:39,014 - JuRanModel - INFO - {'latent_dim': 64, 'bpr_batch': 4096, 'n_layers': 2, 'lr': 0.001, 'test_batch': 128, 'path': './checkpoints', 'topks': '[10,20,50]', 'load': 1, 'epochs': 200, 'multicore': 1, 'pretrain': 0, 'seed': 2024, 'model': 'lgn', 'keep_prob': 0.3, 'dropout_bool': 0, 'groups': 4, 'neg': 1, 'projection_dim': 16, 'projection_dropout': 0.5, 'gpu_id': '0', 'dataset': 'wechat', 'l2_w': 0.0001, 'cl_w': 0.0005, 'cl_temp': 0.5, 'single': 0}
2024-06-26 16:57:49,164 - JuRanModel - INFO - epoch:1	batch:0	bpr_loss:0.6930347681045532	l2_loss:1.602818489074707	cl_loss:8.323690414428711	all_loss:0.6973568797111511
2024-06-26 16:59:54,409 - JuRanModel - INFO - epoch:1	batch:100	bpr_loss:0.6906626224517822	l2_loss:1.6316808462142944	cl_loss:7.573395252227783	all_loss:0.6946125030517578
2024-06-26 17:01:59,715 - JuRanModel - INFO - epoch:1	batch:200	bpr_loss:0.6859464645385742	l2_loss:1.6980444192886353	cl_loss:7.3409881591796875	all_loss:0.6897867918014526
2024-06-26 17:04:05,782 - JuRanModel - INFO - epoch:1	batch:300	bpr_loss:0.6704853177070618	l2_loss:1.8512465953826904	cl_loss:7.13300895690918	all_loss:0.6742369532585144
2024-06-26 17:05:13,993 - JuRanModel - INFO - EPOCH[1/200] loss0.687
2024-06-26 17:06:47,323 - JuRanModel - INFO - {'precision': array([0.00148959, 0.00108679, 0.00080154]), 'recall': array([0.01489588, 0.02173583, 0.04007701]), 'ndcg': array([0.00780274, 0.00951287, 0.01313732])}
2024-06-26 17:06:57,499 - JuRanModel - INFO - epoch:2	batch:0	bpr_loss:0.6495499014854431	l2_loss:2.0233988761901855	cl_loss:7.055524826049805	all_loss:0.6532800197601318
2024-06-26 17:09:03,717 - JuRanModel - INFO - epoch:2	batch:100	bpr_loss:0.5672436952590942	l2_loss:2.705747127532959	cl_loss:6.950201511383057	all_loss:0.5709893703460693
2024-06-26 17:11:10,204 - JuRanModel - INFO - epoch:2	batch:200	bpr_loss:0.4668198525905609	l2_loss:3.861950397491455	cl_loss:6.861508369445801	all_loss:0.4706368148326874
2024-06-26 17:13:16,573 - JuRanModel - INFO - epoch:2	batch:300	bpr_loss:0.3914092183113098	l2_loss:5.154662132263184	cl_loss:6.794196128845215	all_loss:0.395321786403656
2024-06-26 17:14:25,150 - JuRanModel - INFO - EPOCH[2/200] loss0.500
2024-06-26 17:15:59,635 - JuRanModel - INFO - {'precision': array([0.00231545, 0.00193038, 0.00136698]), 'recall': array([0.02315448, 0.03860769, 0.06834879]), 'ndcg': array([0.01171021, 0.01553957, 0.02141717])}
2024-06-26 17:16:09,733 - JuRanModel - INFO - epoch:3	batch:0	bpr_loss:0.359874963760376	l2_loss:5.921615123748779	cl_loss:6.766673564910889	all_loss:0.363850474357605
2024-06-26 17:18:15,861 - JuRanModel - INFO - epoch:3	batch:100	bpr_loss:0.3079482913017273	l2_loss:7.077850341796875	cl_loss:6.729938507080078	all_loss:0.31202104687690735
2024-06-26 17:21:06,318 - JuRanModel - INFO - epoch:3	batch:200	bpr_loss:0.26899290084838867	l2_loss:8.206868171691895	cl_loss:6.699634075164795	all_loss:0.27316340804100037
2024-06-26 17:25:25,220 - JuRanModel - INFO - epoch:3	batch:300	bpr_loss:0.2549537718296051	l2_loss:9.253188133239746	cl_loss:6.675004005432129	all_loss:0.2592166066169739
2024-06-26 17:26:33,661 - JuRanModel - INFO - EPOCH[3/200] loss0.294
2024-06-26 17:28:08,784 - JuRanModel - INFO - {'precision': array([0.00275624, 0.00218878, 0.00162639]), 'recall': array([0.02756245, 0.04377565, 0.08131935]), 'ndcg': array([0.01371092, 0.01776822, 0.02518034])}
2024-06-26 17:28:22,402 - JuRanModel - INFO - epoch:4	batch:0	bpr_loss:0.2322443425655365	l2_loss:9.886897087097168	cl_loss:6.663442611694336	all_loss:0.2365647554397583
2024-06-26 17:33:23,669 - JuRanModel - INFO - epoch:4	batch:100	bpr_loss:0.22102287411689758	l2_loss:10.844283103942871	cl_loss:6.649204254150391	all_loss:0.2254319041967392
2024-06-26 17:36:49,409 - JuRanModel - INFO - epoch:4	batch:200	bpr_loss:0.20126840472221375	l2_loss:11.608601570129395	cl_loss:6.633922100067139	all_loss:0.20574623346328735
2024-06-26 17:39:16,951 - JuRanModel - INFO - epoch:4	batch:300	bpr_loss:0.18538495898246765	l2_loss:12.464174270629883	cl_loss:6.62318229675293	all_loss:0.18994297087192535
2024-06-26 17:40:37,282 - JuRanModel - INFO - EPOCH[4/200] loss0.215
2024-06-26 17:42:21,122 - JuRanModel - INFO - {'precision': array([0.00286264, 0.00235851, 0.00179156]), 'recall': array([0.02862644, 0.04717029, 0.08957795]), 'ndcg': array([0.01442114, 0.01907568, 0.02739916])}
2024-06-26 17:42:31,459 - JuRanModel - INFO - epoch:5	batch:0	bpr_loss:0.18745751678943634	l2_loss:12.805750846862793	cl_loss:6.615118026733398	all_loss:0.192045658826828
2024-06-26 17:44:58,652 - JuRanModel - INFO - epoch:5	batch:100	bpr_loss:0.17856432497501373	l2_loss:13.644125938415527	cl_loss:6.607980728149414	all_loss:0.18323272466659546
2024-06-26 17:47:24,333 - JuRanModel - INFO - epoch:5	batch:200	bpr_loss:0.16588719189167023	l2_loss:14.398685455322266	cl_loss:6.597622871398926	all_loss:0.17062586545944214
2024-06-26 17:49:50,565 - JuRanModel - INFO - epoch:5	batch:300	bpr_loss:0.1581832617521286	l2_loss:15.057283401489258	cl_loss:6.592039585113525	all_loss:0.16298501193523407
2024-06-26 17:51:09,981 - JuRanModel - INFO - EPOCH[5/200] loss0.176
2024-06-26 17:52:53,675 - JuRanModel - INFO - {'precision': array([0.00304504, 0.00247758, 0.00189188]), 'recall': array([0.03045042, 0.0495516 , 0.09459391]), 'ndcg': array([0.0155934 , 0.02042191, 0.02926445])}
2024-06-26 17:53:04,029 - JuRanModel - INFO - epoch:6	batch:0	bpr_loss:0.15644556283950806	l2_loss:15.383668899536133	cl_loss:6.586452007293701	all_loss:0.1612771600484848
2024-06-26 17:55:30,852 - JuRanModel - INFO - epoch:6	batch:100	bpr_loss:0.16005179286003113	l2_loss:15.978169441223145	cl_loss:6.5814080238342285	all_loss:0.16494031250476837
2024-06-26 17:58:01,607 - JuRanModel - INFO - epoch:6	batch:200	bpr_loss:0.14995628595352173	l2_loss:16.670902252197266	cl_loss:6.576067924499512	all_loss:0.15491141378879547
2024-06-26 18:03:10,894 - JuRanModel - INFO - epoch:6	batch:300	bpr_loss:0.14162403345108032	l2_loss:17.21275520324707	cl_loss:6.570578575134277	all_loss:0.14663060009479523
2024-06-26 18:05:58,750 - JuRanModel - INFO - EPOCH[6/200] loss0.154
2024-06-26 18:09:59,065 - JuRanModel - INFO - {'precision': array([0.00326797, 0.00264225, 0.00198916]), 'recall': array([0.03267974, 0.05284491, 0.09945787]), 'ndcg': array([0.01655425, 0.02160571, 0.03073294])}
2024-06-26 18:10:28,523 - JuRanModel - INFO - epoch:7	batch:0	bpr_loss:0.15082085132598877	l2_loss:17.35689926147461	cl_loss:6.567410945892334	all_loss:0.15584024786949158
2024-06-26 18:15:18,106 - JuRanModel - INFO - epoch:7	batch:100	bpr_loss:0.13602986931800842	l2_loss:17.991851806640625	cl_loss:6.561149597167969	all_loss:0.1411096304655075
